08:47:42.814 [main] INFO  resources.base - User have clicked on email icon on purchase analysis Page
08:47:43.073 [main] INFO  resources.base - User have entered the email on email field at purchase analysis Page
08:47:48.312 [main] INFO  resources.base - User have click on Send button at email popup screen at purchase analysis Page
08:48:20.128 [main] INFO  resources.base - User has clicked on the Calendar button from the header of the page
08:48:20.138 [main] INFO  resources.base - User have reached the  Calendar page after clicking on the Calendar button from the header of the page
08:48:49.868 [main] INFO  resources.base - User have reached the expiration report after clicking on the report button from the Calendar page from monthly view tab
08:49:36.298 [main] INFO  resources.base - User have reached the expiration report after clicking on the report button from the Calendar page from Detail view tab
08:49:47.302 [main] INFO  resources.base - User has clicked on the Assets report from Report tab
08:49:47.314 [main] ERROR resources.base - User not able to reach the assets report after clicking on asset link from report tab
08:49:47.314 [main] ERROR resources.base - expected [Assets Report - MarkITplace] but found [Calendar Detail View - MarkITplace]
08:49:58.353 [main] INFO  resources.base - User has clicked on the Days To Ship report from Report tab
08:49:58.359 [main] ERROR resources.base - User not able to reach the Days To Ship report after clicking on Days To Ship link from report tab
08:49:58.359 [main] ERROR resources.base - expected [Days To Ship Report - MarkITplace] but found [Calendar Monthly View - MarkITplace]
08:50:23.834 [main] INFO  resources.base - User has clicked on the Expiration report from Report tab
08:50:23.847 [main] INFO  resources.base - User have reached the Expiration report after clicking on Expiration link from report tab
08:50:46.961 [main] INFO  resources.base - User has clicked on the Inventory report from Report tab
08:50:46.968 [main] INFO  resources.base - User have reached the Inventory report after clicking on Inventory link from report tab
08:51:07.120 [main] INFO  resources.base - User has clicked on the Invoices report from Report tab
08:51:07.134 [main] INFO  resources.base - User have reached the Invoices report after clicking on Invoices link from report tab
08:51:35.862 [main] INFO  resources.base - User has clicked on the Invoice Line report from Report tab
08:51:35.869 [main] INFO  resources.base - User have reached the Invoice Line report after clicking on Invoice Line link from report tab
08:51:57.776 [main] INFO  resources.base - User has clicked on the Licenses report from Report tab
08:51:57.789 [main] INFO  resources.base - User have reached the Licenses report after clicking on Licenses link from report tab
08:52:18.981 [main] INFO  resources.base - User has clicked on the Orders report from Report tab
08:52:18.994 [main] INFO  resources.base - User have reached the Orders report after clicking on Orders link from report tab
08:52:34.523 [main] INFO  resources.base - User has clicked on the Order Line report from Report tab
08:52:34.540 [main] INFO  resources.base - User have reached the Order Line report after clicking on Order Line link from report tab
08:52:44.429 [main] INFO  resources.base - User has clicked on the PARs report from Report tab
08:52:44.434 [main] INFO  resources.base - User have reached the PARs report after clicking on PARs link from report tab
08:53:00.168 [main] INFO  resources.base - User has clicked on the Quotes report from Report tab
08:53:00.176 [main] ERROR resources.base - User not able to reach the Quotes report after clicking on Quotes link from report tab
08:53:00.178 [main] ERROR resources.base - expected [Quotes Report - MarkITplace] but found [Quotes - MarkITplace]
08:53:19.592 [main] INFO  resources.base - User has clicked on the Receiving Log report from Report tab
08:53:19.601 [main] INFO  resources.base - User have reached the Receiving Log report after clicking on Receiving Log link from report tab
08:53:40.463 [main] INFO  resources.base - User has clicked on the Shipments report from Report tab
08:53:40.472 [main] INFO  resources.base - User have reached the Shipments report after clicking on Shipments link from report tab
08:54:03.739 [main] INFO  resources.base - User has clicked on the Shipments report from Report tab
08:54:03.756 [main] INFO  resources.base - User have reached the Standards report after clicking on Standards link from report tab
08:54:11.935 [main] INFO  resources.base - User has clicked on the Warranties report from Report tab
08:54:11.941 [main] INFO  resources.base - User have reached the Warranties report after clicking on Warranties link from report tab
08:54:17.405 [main] INFO  resources.base - User has clicked on the Saved Report icon from the header of the page
08:54:17.437 [main] INFO  resources.base - User have reached the  Saved Report page after clicking on the Saved Report icon from the header of the page
08:54:21.079 [main] INFO  resources.base - user is searching printer using the search textbox
08:54:46.698 [main] INFO  resources.base - User Have Successfully reached the Compare page
12:45:46.906 [main] INFO  resources.base - User Have Successfully Login To The Home Page
12:45:52.024 [main] INFO  resources.base - User Have Successfully reached the favorites Page
12:46:08.847 [main] INFO  resources.base - user is searching printer using the search textbox
12:46:08.857 [main] INFO  resources.base - User Have Successfully reached the printer search listing page
12:46:08.920 [main] INFO  resources.base - Search result data is Appearing on the Search Result Page
12:46:19.900 [main] INFO  resources.base - User Have Successfully reached the PDP Page
12:46:51.894 [main] INFO  resources.base - Recently Viewed Page is Opened
12:46:54.828 [main] INFO  resources.base - User has clicked the Logo from the footer of the page
12:46:54.838 [main] INFO  resources.base - User Have reached the Home Page clicking on the footer Logo
12:46:58.062 [main] INFO  resources.base - User has clicked on the My Profile page from My Account dropdown
12:46:58.078 [main] INFO  resources.base - User has clicked on the My Profile page from My Account dropdown
12:47:01.389 [main] INFO  resources.base - User has clicked on the My Profile page from My Account dropdown
12:47:03.512 [main] INFO  resources.base - User has clicked the Logo from the header of the page
12:47:03.549 [main] INFO  resources.base - User Have reached the Home Page clicking on the Header Logo
12:47:08.141 [main] INFO  resources.base - User has clicked on the Standard Catalog Navigation button from header
12:47:08.160 [main] INFO  resources.base - User Have reached the Standard Catalog Page
12:47:23.779 [main] INFO  resources.base - User has clicked on the 1st Standard Product appearing and reached the PDP Page
12:47:32.583 [main] INFO  resources.base - User has clicked on the All Product Nevigation button from the header
12:47:32.593 [main] INFO  resources.base - User Have reached the All Product Page
12:47:35.426 [main] INFO  resources.base - User has clicked on Audio Cables Category From All Products Page
12:47:35.436 [main] INFO  resources.base - User Have reached the Audio Cables Category Page
12:47:47.220 [main] INFO  resources.base - User has clicked on Resouces link from the header
12:47:47.255 [main] INFO  resources.base - User Have reached the Resources Page
12:47:54.926 [main] INFO  resources.base - User has clicked on Special Offer Link from the header
12:47:54.935 [main] INFO  resources.base - User Have reached the Special Offer Page
12:48:05.971 [main] INFO  resources.base - User has clicked on Cart Icon from the header
12:48:05.988 [main] INFO  resources.base - User Have reached the Shopping Cart Page
12:49:14.910 [main] INFO  resources.base - user has clicked on the Close button on Java Alert Popup Page
12:49:19.922 [main] ERROR resources.base - User have not reached the order confirmation page
12:49:19.922 [main] ERROR resources.base - expected [Order Confirmation - MarkITplace] but found [Checkout - MarkITplace]
12:49:25.028 [main] INFO  resources.base - User has clicked the Logo from the header of the page
12:49:35.075 [main] INFO  resources.base - User Have reached the Home Page clicking on the Header Logo
12:49:43.357 [main] INFO  resources.base - User has clicked the Logo from the footer of the page
12:49:43.366 [main] INFO  resources.base - User Have reached the Home Page clicking on the footer Logo
12:49:48.139 [main] INFO  resources.base - User has clicked on the Standard Catalog Link from the footer of the page
12:49:58.169 [main] INFO  resources.base - User Have reached the Standard Product page after clicking on the Standard Catalog Link from the footer of the page
12:50:01.028 [main] INFO  resources.base - User has clicked on the All product Link from the footer of the page
12:50:11.068 [main] INFO  resources.base - User Have reached the All Product page after clicking on the Standard Catalog Link from the footer of the page
12:50:16.583 [main] INFO  resources.base - User has clicked on the resources  Link from the footer of the page
12:50:26.623 [main] INFO  resources.base - User Have reached the resources page after clicking on the resources Link from the footer of the page
12:50:32.704 [main] INFO  resources.base - User has clicked on the Special offer Link from the footer of the page
12:50:42.715 [main] INFO  resources.base - User Have reached the Special offer after clicking on the Special offer Link from the footer of the page
12:50:45.899 [main] INFO  resources.base - User has clicked on the Special offer Link from the footer of the page
12:50:55.910 [main] INFO  resources.base - User Have reached the Favorites after clicking on the Favorites Link from the footer of the page
12:51:08.859 [main] INFO  resources.base - User has clicked on the Track button from the header of the page
12:51:08.875 [main] INFO  resources.base - User have reached the Track page after clicking on the Track button from the header of the page
12:51:32.282 [main] INFO  resources.base - User has clicked on the order button from the header of the page
