17:06:36.386 [main] INFO  resources.base - User Have Successfully Login To The Home Page
17:06:40.445 [main] INFO  resources.base - User Have Successfully reached the favorites Page
17:06:50.576 [main] ERROR resources.base - Favorite page not Open
17:06:50.576 [main] ERROR resources.base - unknown error: Element <span class="control__indicator"></span> is not clickable at point (58, 441). Other element would receive the click: <label class="control control--checkbox">...</label>
  (Session info: chrome=65.0.3325.181)
  (Driver info: chromedriver=2.36.540470 (e522d04694c7ebea4ba8821272dbef4f9b818c91),platform=Windows NT 10.0.16299 x86_64) (WARNING: The server did not provide any stacktrace information)
Command duration or timeout: 50 milliseconds
Build info: version: '3.4.0', revision: 'unknown', time: 'unknown'
System info: host: 'DESKTOP-GAH683G', ip: '10.0.2.15', os.name: 'Windows 10', os.arch: 'amd64', os.version: '10.0', java.version: '9.0.1'
Driver info: org.openqa.selenium.chrome.ChromeDriver
Capabilities [{applicationCacheEnabled=false, rotatable=false, mobileEmulationEnabled=false, networkConnectionEnabled=false, chrome={chromedriverVersion=2.36.540470 (e522d04694c7ebea4ba8821272dbef4f9b818c91), userDataDir=C:\Users\bilaw\AppData\Local\Temp\scoped_dir8836_8589}, takesHeapSnapshot=true, pageLoadStrategy=normal, databaseEnabled=false, handlesAlerts=true, hasTouchScreen=false, version=65.0.3325.181, platform=XP, browserConnectionEnabled=false, nativeEvents=true, acceptSslCerts=false, acceptInsecureCerts=false, locationContextEnabled=true, webStorageEnabled=true, browserName=chrome, takesScreenshot=true, javascriptEnabled=true, cssSelectorsEnabled=true, setWindowRect=true, unexpectedAlertBehaviour=}]
Session ID: 464eea5208cb2541e1403ad584dbc149
17:07:07.508 [main] INFO  resources.base - user is searching printer using the search textbox
17:07:07.529 [main] INFO  resources.base - User Have Successfully reached the printer search listing page
17:07:07.594 [main] INFO  resources.base - Search result data is Appearing on the Search Result Page
17:08:36.909 [main] INFO  resources.base - User has clicked on Add to Cart on First Searched Product
17:08:42.467 [main] INFO  resources.base - Product 1 is successfully added to Cart
17:08:42.595 [main] INFO  resources.base - User has closed the Add to Cart Modal after adding 1st product to cart
17:08:47.729 [main] INFO  resources.base - User has clicked on Add to Favorites on First Searched Product
17:08:49.667 [main] INFO  resources.base - Product is successfully added to favorites
17:08:49.843 [main] INFO  resources.base - User has Close Add to Favorites Dialog box
17:08:58.071 [main] INFO  resources.base - User Have Successfully reached the PDP Page
17:09:03.888 [main] INFO  resources.base - Recently Viewed Page is Opened
17:09:05.977 [main] INFO  resources.base - User has clicked the Logo from the footer of the page
17:09:05.986 [main] INFO  resources.base - User Have reached the Home Page clicking on the footer Logo
17:09:09.697 [main] INFO  resources.base - User has clicked on the My Profile page from My Account dropdown
17:09:09.708 [main] INFO  resources.base - User has clicked on the My Profile page from My Account dropdown
17:09:13.590 [main] INFO  resources.base - User has clicked on the My Profile page from My Account dropdown
17:09:15.240 [main] INFO  resources.base - User has clicked the Logo from the header of the page
17:09:15.256 [main] INFO  resources.base - User Have reached the Home Page clicking on the Header Logo
17:09:21.386 [main] INFO  resources.base - User has clicked on the Standard Catalog Navigation button from header
17:09:21.398 [main] INFO  resources.base - User Have reached the Standard Catalog Page
17:09:36.105 [main] INFO  resources.base - User has clicked on the 1st Standard Product appearing and reached the PDP Page
17:09:50.161 [main] INFO  resources.base - User has clicked on the All Product Nevigation button from the header
17:09:50.172 [main] INFO  resources.base - User Have reached the All Product Page
17:09:58.018 [main] INFO  resources.base - User has clicked on Audio Cables Category From All Products Page
17:09:58.032 [main] INFO  resources.base - User Have reached the Audio Cables Category Page
17:10:11.681 [main] INFO  resources.base - User has clicked on Resouces link from the header
17:10:11.703 [main] INFO  resources.base - User Have reached the Resources Page
17:10:19.042 [main] INFO  resources.base - User has clicked on Special Offer Link from the header
17:10:19.058 [main] INFO  resources.base - User Have reached the Special Offer Page
17:10:24.029 [main] INFO  resources.base - User has clicked on Cart Icon from the header
17:10:24.050 [main] INFO  resources.base - User Have reached the Shopping Cart Page
17:10:27.200 [main] INFO  resources.base - User has clicked on remove link for the 1st product
17:10:32.295 [main] INFO  resources.base - User Have successfull removed the first product
17:11:08.503 [main] INFO  resources.base - User has clicked the Logo from the header of the page
17:11:18.515 [main] INFO  resources.base - User Have reached the Home Page clicking on the Header Logo
17:11:21.314 [main] INFO  resources.base - User has clicked the Logo from the footer of the page
17:11:21.324 [main] INFO  resources.base - User Have reached the Home Page clicking on the footer Logo
17:11:24.934 [main] INFO  resources.base - User has clicked on the Standard Catalog Link from the footer of the page
17:11:24.947 [main] INFO  resources.base - User Have reached the Standard Product page after clicking on the Standard Catalog Link from the footer of the page
17:11:27.231 [main] INFO  resources.base - User has clicked on the All product Link from the footer of the page
17:11:27.266 [main] INFO  resources.base - User Have reached the All Product page after clicking on the Standard Catalog Link from the footer of the page
17:11:34.687 [main] INFO  resources.base - User has clicked on the resources  Link from the footer of the page
17:11:34.702 [main] INFO  resources.base - User Have reached the resources page after clicking on the resources Link from the footer of the page
17:11:37.597 [main] INFO  resources.base - User has clicked on the Special offer Link from the footer of the page
17:11:37.607 [main] INFO  resources.base - User Have reached the Special offer after clicking on the Special offer Link from the footer of the page
17:11:40.137 [main] INFO  resources.base - User has clicked on the Special offer Link from the footer of the page
17:11:40.146 [main] INFO  resources.base - User Have reached the Favorites after clicking on the Favorites Link from the footer of the page
17:11:53.961 [main] INFO  resources.base - User has clicked on the Track button from the header of the page
17:11:54.110 [main] INFO  resources.base - User have reached the Track page after clicking on the Track button from the header of the page
17:11:59.257 [main] INFO  resources.base - User has clicked on the order button from the header of the page
17:11:59.275 [main] INFO  resources.base - User have reached the Order page after clicking on the Order button from the header of the page
17:12:22.293 [main] INFO  resources.base - User has clicked on the Purchase Analysis button from the header of the page
17:12:22.528 [main] INFO  resources.base - User have reached the Purchase Analysis page after clicking on the Purchase Analysis button from the header of the page
17:12:22.714 [main] INFO  resources.base - User have clicked on email icon on purchase analysis Page
17:12:22.963 [main] INFO  resources.base - User have entered the email on email field at purchase analysis Page
17:12:23.250 [main] INFO  resources.base - User have click on Send button at email popup screen at purchase analysis Page
17:12:34.349 [main] INFO  resources.base - User has clicked on the Calendar button from the header of the page
17:12:34.365 [main] INFO  resources.base - User have reached the  Calendar page after clicking on the Calendar button from the header of the page
17:12:51.337 [main] INFO  resources.base - User have reached the expiration report after clicking on the report button from the Calendar page from monthly view tab
17:13:05.814 [main] INFO  resources.base - User have reached the expiration report after clicking on the report button from the Calendar page from Detail view tab
17:13:17.436 [main] INFO  resources.base - User has clicked on the Assets report from Report tab
17:13:17.460 [main] INFO  resources.base - User have reached the assets report after clicking on asset link from report tab
17:13:32.548 [main] INFO  resources.base - User has clicked on the Days To Ship report from Report tab
17:13:32.577 [main] INFO  resources.base - User have reached the Days To Ship report after clicking on Days To Ship link from report tab
17:13:44.713 [main] INFO  resources.base - User has clicked on the Expiration report from Report tab
17:13:44.750 [main] INFO  resources.base - User have reached the Expiration report after clicking on Expiration link from report tab
17:13:55.496 [main] INFO  resources.base - User has clicked on the Inventory report from Report tab
17:13:55.511 [main] INFO  resources.base - User have reached the Inventory report after clicking on Inventory link from report tab
17:14:06.820 [main] INFO  resources.base - User has clicked on the Invoices report from Report tab
17:14:06.860 [main] INFO  resources.base - User have reached the Invoices report after clicking on Invoices link from report tab
17:14:17.773 [main] INFO  resources.base - User has clicked on the Invoice Line report from Report tab
17:14:17.786 [main] INFO  resources.base - User have reached the Invoice Line report after clicking on Invoice Line link from report tab
17:14:27.395 [main] INFO  resources.base - User has clicked on the Licenses report from Report tab
17:14:27.412 [main] INFO  resources.base - User have reached the Licenses report after clicking on Licenses link from report tab
17:14:39.641 [main] INFO  resources.base - User has clicked on the Orders report from Report tab
17:14:39.656 [main] INFO  resources.base - User have reached the Orders report after clicking on Orders link from report tab
17:14:50.476 [main] INFO  resources.base - User has clicked on the Order Line report from Report tab
17:14:50.497 [main] INFO  resources.base - User have reached the Order Line report after clicking on Order Line link from report tab
17:15:00.175 [main] INFO  resources.base - User has clicked on the PARs report from Report tab
17:15:00.184 [main] INFO  resources.base - User have reached the PARs report after clicking on PARs link from report tab
17:15:11.204 [main] INFO  resources.base - User has clicked on the Quotes report from Report tab
17:15:11.230 [main] INFO  resources.base - User have reached the Quotes report after clicking on Quotes link from report tab
17:15:21.185 [main] INFO  resources.base - User has clicked on the Receiving Log report from Report tab
17:15:21.200 [main] INFO  resources.base - User have reached the Receiving Log report after clicking on Receiving Log link from report tab
17:15:32.870 [main] INFO  resources.base - User has clicked on the Shipments report from Report tab
17:15:32.897 [main] INFO  resources.base - User have reached the Shipments report after clicking on Shipments link from report tab
17:15:43.611 [main] INFO  resources.base - User has clicked on the Shipments report from Report tab
17:15:43.631 [main] INFO  resources.base - User have reached the Standards report after clicking on Standards link from report tab
17:15:53.541 [main] INFO  resources.base - User has clicked on the Warranties report from Report tab
17:15:53.554 [main] INFO  resources.base - User have reached the Warranties report after clicking on Warranties link from report tab
17:15:57.809 [main] INFO  resources.base - User has clicked on the Saved Report icon from the header of the page
17:15:57.830 [main] INFO  resources.base - User have reached the  Saved Report page after clicking on the Saved Report icon from the header of the page
17:16:00.968 [main] INFO  resources.base - user is searching printer using the search textbox
17:18:08.805 [main] INFO  resources.base - User Have Successfully reached the Compare page
19:44:35.563 [main] INFO  resources.base - User Have Successfully Login To The Home Page
19:44:38.486 [main] INFO  resources.base - User Have Successfully reached the favorites Page
19:44:48.641 [main] ERROR resources.base - Favorite page not Open
19:44:48.641 [main] ERROR resources.base - unknown error: Element <span class="control__indicator"></span> is not clickable at point (58, 441). Other element would receive the click: <label class="control control--checkbox">...</label>
  (Session info: chrome=65.0.3325.181)
  (Driver info: chromedriver=2.36.540470 (e522d04694c7ebea4ba8821272dbef4f9b818c91),platform=Windows NT 10.0.16299 x86_64) (WARNING: The server did not provide any stacktrace information)
Command duration or timeout: 78 milliseconds
Build info: version: '3.4.0', revision: 'unknown', time: 'unknown'
System info: host: 'DESKTOP-GAH683G', ip: '10.0.2.15', os.name: 'Windows 10', os.arch: 'amd64', os.version: '10.0', java.version: '9.0.1'
Driver info: org.openqa.selenium.chrome.ChromeDriver
Capabilities [{applicationCacheEnabled=false, rotatable=false, mobileEmulationEnabled=false, networkConnectionEnabled=false, chrome={chromedriverVersion=2.36.540470 (e522d04694c7ebea4ba8821272dbef4f9b818c91), userDataDir=C:\Users\bilaw\AppData\Local\Temp\scoped_dir12572_8732}, takesHeapSnapshot=true, pageLoadStrategy=normal, databaseEnabled=false, handlesAlerts=true, hasTouchScreen=false, version=65.0.3325.181, platform=XP, browserConnectionEnabled=false, nativeEvents=true, acceptSslCerts=false, acceptInsecureCerts=false, locationContextEnabled=true, webStorageEnabled=true, browserName=chrome, takesScreenshot=true, javascriptEnabled=true, cssSelectorsEnabled=true, setWindowRect=true, unexpectedAlertBehaviour=}]
Session ID: 74a9c0d67eb89ec408b48656056acbe0
19:44:57.744 [main] INFO  resources.base - user is searching printer using the search textbox
19:44:57.761 [main] INFO  resources.base - User Have Successfully reached the printer search listing page
19:44:57.823 [main] INFO  resources.base - Search result data is Appearing on the Search Result Page
19:44:58.055 [main] INFO  resources.base - User has clicked on Add to Cart on First Searched Product
19:45:18.732 [main] INFO  resources.base - User has clicked on Add to Favorites on First Searched Product
19:45:28.750 [main] ERROR resources.base - Product is not added to favorites
19:45:28.750 [main] ERROR resources.base - no such element: Unable to locate element: {"method":"xpath","selector":"//*[@id='products-content']/div/div[2]/div/div/div[1]/h4"}
  (Session info: chrome=65.0.3325.181)
  (Driver info: chromedriver=2.36.540470 (e522d04694c7ebea4ba8821272dbef4f9b818c91),platform=Windows NT 10.0.16299 x86_64) (WARNING: The server did not provide any stacktrace information)
Command duration or timeout: 10.00 seconds
For documentation on this error, please visit: http://seleniumhq.org/exceptions/no_such_element.html
Build info: version: '3.4.0', revision: 'unknown', time: 'unknown'
System info: host: 'DESKTOP-GAH683G', ip: '10.0.2.15', os.name: 'Windows 10', os.arch: 'amd64', os.version: '10.0', java.version: '9.0.1'
Driver info: org.openqa.selenium.chrome.ChromeDriver
Capabilities [{applicationCacheEnabled=false, rotatable=false, mobileEmulationEnabled=false, networkConnectionEnabled=false, chrome={chromedriverVersion=2.36.540470 (e522d04694c7ebea4ba8821272dbef4f9b818c91), userDataDir=C:\Users\bilaw\AppData\Local\Temp\scoped_dir12572_8732}, takesHeapSnapshot=true, pageLoadStrategy=normal, databaseEnabled=false, handlesAlerts=true, hasTouchScreen=false, version=65.0.3325.181, platform=XP, browserConnectionEnabled=false, nativeEvents=true, acceptSslCerts=false, acceptInsecureCerts=false, locationContextEnabled=true, webStorageEnabled=true, browserName=chrome, takesScreenshot=true, javascriptEnabled=true, cssSelectorsEnabled=true, setWindowRect=true, unexpectedAlertBehaviour=}]
Session ID: 74a9c0d67eb89ec408b48656056acbe0
*** Element info: {Using=xpath, value=//*[@id='products-content']/div/div[2]/div/div/div[1]/h4}
19:45:48.383 [main] INFO  resources.base - User Have Successfully reached the PDP Page
19:45:53.956 [main] INFO  resources.base - Recently Viewed Page is Opened
19:45:55.774 [main] INFO  resources.base - User has clicked the Logo from the footer of the page
19:45:55.943 [main] INFO  resources.base - User Have reached the Home Page clicking on the footer Logo
19:45:59.672 [main] INFO  resources.base - User has clicked on the My Profile page from My Account dropdown
19:45:59.683 [main] INFO  resources.base - User has clicked on the My Profile page from My Account dropdown
19:46:03.544 [main] INFO  resources.base - User has clicked on the My Profile page from My Account dropdown
19:46:06.138 [main] INFO  resources.base - User has clicked the Logo from the header of the page
19:46:06.157 [main] INFO  resources.base - User Have reached the Home Page clicking on the Header Logo
19:46:10.957 [main] INFO  resources.base - User has clicked on the Standard Catalog Navigation button from header
19:46:10.967 [main] INFO  resources.base - User Have reached the Standard Catalog Page
19:46:25.282 [main] INFO  resources.base - User has clicked on the 1st Standard Product appearing and reached the PDP Page
19:46:40.001 [main] INFO  resources.base - User has clicked on the All Product Nevigation button from the header
19:46:40.011 [main] INFO  resources.base - User Have reached the All Product Page
19:46:48.279 [main] INFO  resources.base - User has clicked on Audio Cables Category From All Products Page
19:46:48.290 [main] INFO  resources.base - User Have reached the Audio Cables Category Page
19:46:57.533 [main] INFO  resources.base - User has clicked on Resouces link from the header
19:46:57.552 [main] INFO  resources.base - User Have reached the Resources Page
19:47:04.990 [main] INFO  resources.base - User has clicked on Special Offer Link from the header
19:47:04.997 [main] INFO  resources.base - User Have reached the Special Offer Page
19:47:11.629 [main] INFO  resources.base - User has clicked on Cart Icon from the header
19:47:11.638 [main] INFO  resources.base - User Have reached the Shopping Cart Page
19:48:05.786 [main] INFO  resources.base - User has clicked the Logo from the header of the page
19:48:15.801 [main] INFO  resources.base - User Have reached the Home Page clicking on the Header Logo
19:48:18.660 [main] INFO  resources.base - User has clicked the Logo from the footer of the page
19:48:18.807 [main] INFO  resources.base - User Have reached the Home Page clicking on the footer Logo
19:48:21.521 [main] INFO  resources.base - User has clicked on the Standard Catalog Link from the footer of the page
19:48:21.534 [main] INFO  resources.base - User Have reached the Standard Product page after clicking on the Standard Catalog Link from the footer of the page
19:48:23.999 [main] INFO  resources.base - User has clicked on the All product Link from the footer of the page
19:48:24.011 [main] INFO  resources.base - User Have reached the All Product page after clicking on the Standard Catalog Link from the footer of the page
19:48:30.063 [main] INFO  resources.base - User has clicked on the resources  Link from the footer of the page
19:48:30.085 [main] INFO  resources.base - User Have reached the resources page after clicking on the resources Link from the footer of the page
19:48:34.246 [main] INFO  resources.base - User has clicked on the Special offer Link from the footer of the page
19:48:34.253 [main] INFO  resources.base - User Have reached the Special offer after clicking on the Special offer Link from the footer of the page
19:48:36.873 [main] INFO  resources.base - User has clicked on the Special offer Link from the footer of the page
19:48:36.886 [main] INFO  resources.base - User Have reached the Favorites after clicking on the Favorites Link from the footer of the page
19:48:41.126 [main] INFO  resources.base - User has clicked on the Track button from the header of the page
19:48:41.298 [main] INFO  resources.base - User have reached the Track page after clicking on the Track button from the header of the page
19:48:44.797 [main] INFO  resources.base - User has clicked on the order button from the header of the page
19:48:44.814 [main] INFO  resources.base - User have reached the Order page after clicking on the Order button from the header of the page
19:49:07.774 [main] INFO  resources.base - User has clicked on the Purchase Analysis button from the header of the page
19:49:07.969 [main] INFO  resources.base - User have reached the Purchase Analysis page after clicking on the Purchase Analysis button from the header of the page
19:49:08.136 [main] INFO  resources.base - User have clicked on email icon on purchase analysis Page
19:49:08.647 [main] INFO  resources.base - User have entered the email on email field at purchase analysis Page
19:49:08.910 [main] INFO  resources.base - User have click on Send button at email popup screen at purchase analysis Page
19:49:15.978 [main] INFO  resources.base - User has clicked on the Calendar button from the header of the page
19:49:15.985 [main] INFO  resources.base - User have reached the  Calendar page after clicking on the Calendar button from the header of the page
19:49:31.595 [main] INFO  resources.base - User have reached the expiration report after clicking on the report button from the Calendar page from monthly view tab
19:49:45.168 [main] INFO  resources.base - User have reached the expiration report after clicking on the report button from the Calendar page from Detail view tab
19:49:57.776 [main] INFO  resources.base - User has clicked on the Assets report from Report tab
19:49:57.821 [main] INFO  resources.base - User have reached the assets report after clicking on asset link from report tab
19:50:12.539 [main] INFO  resources.base - User has clicked on the Days To Ship report from Report tab
19:50:12.568 [main] INFO  resources.base - User have reached the Days To Ship report after clicking on Days To Ship link from report tab
19:50:24.610 [main] INFO  resources.base - User has clicked on the Expiration report from Report tab
19:50:24.630 [main] INFO  resources.base - User have reached the Expiration report after clicking on Expiration link from report tab
19:50:35.644 [main] INFO  resources.base - User has clicked on the Inventory report from Report tab
19:50:35.705 [main] INFO  resources.base - User have reached the Inventory report after clicking on Inventory link from report tab
19:50:46.692 [main] INFO  resources.base - User has clicked on the Invoices report from Report tab
19:50:46.709 [main] INFO  resources.base - User have reached the Invoices report after clicking on Invoices link from report tab
19:50:57.533 [main] INFO  resources.base - User has clicked on the Invoice Line report from Report tab
19:50:57.552 [main] INFO  resources.base - User have reached the Invoice Line report after clicking on Invoice Line link from report tab
19:51:07.337 [main] INFO  resources.base - User has clicked on the Licenses report from Report tab
19:51:07.345 [main] INFO  resources.base - User have reached the Licenses report after clicking on Licenses link from report tab
19:51:17.441 [main] INFO  resources.base - User has clicked on the Orders report from Report tab
19:51:17.466 [main] INFO  resources.base - User have reached the Orders report after clicking on Orders link from report tab
19:51:29.503 [main] INFO  resources.base - User has clicked on the Order Line report from Report tab
19:51:29.541 [main] INFO  resources.base - User have reached the Order Line report after clicking on Order Line link from report tab
19:51:39.590 [main] INFO  resources.base - User has clicked on the PARs report from Report tab
19:51:39.613 [main] INFO  resources.base - User have reached the PARs report after clicking on PARs link from report tab
19:51:50.920 [main] INFO  resources.base - User has clicked on the Quotes report from Report tab
19:51:50.964 [main] INFO  resources.base - User have reached the Quotes report after clicking on Quotes link from report tab
19:52:00.226 [main] INFO  resources.base - User has clicked on the Receiving Log report from Report tab
19:52:00.262 [main] INFO  resources.base - User have reached the Receiving Log report after clicking on Receiving Log link from report tab
19:52:11.791 [main] INFO  resources.base - User has clicked on the Shipments report from Report tab
19:52:11.834 [main] INFO  resources.base - User have reached the Shipments report after clicking on Shipments link from report tab
19:52:19.772 [main] INFO  resources.base - User has clicked on the Shipments report from Report tab
19:52:19.784 [main] INFO  resources.base - User have reached the Standards report after clicking on Standards link from report tab
19:52:29.679 [main] INFO  resources.base - User has clicked on the Warranties report from Report tab
19:52:29.695 [main] INFO  resources.base - User have reached the Warranties report after clicking on Warranties link from report tab
19:52:35.650 [main] INFO  resources.base - User has clicked on the Saved Report icon from the header of the page
19:52:35.662 [main] INFO  resources.base - User have reached the  Saved Report page after clicking on the Saved Report icon from the header of the page
19:52:38.976 [main] INFO  resources.base - user is searching printer using the search textbox
19:53:06.409 [main] INFO  resources.base - User Have Successfully reached the Compare page
19:59:31.266 [main] INFO  resources.base - User Have Successfully Login To The Home Page
19:59:32.952 [main] INFO  resources.base - User Have Successfully reached the favorites Page
20:00:07.820 [main] INFO  resources.base - user is searching printer using the search textbox
20:00:07.843 [main] INFO  resources.base - User Have Successfully reached the printer search listing page
20:00:07.911 [main] INFO  resources.base - Search result data is Appearing on the Search Result Page
20:00:08.158 [main] INFO  resources.base - User has clicked on Add to Cart on First Searched Product
20:00:36.848 [main] INFO  resources.base - User Have Successfully reached the PDP Page
20:00:41.321 [main] INFO  resources.base - Recently Viewed Page is Opened
20:00:43.910 [main] INFO  resources.base - User has clicked the Logo from the footer of the page
20:00:43.927 [main] INFO  resources.base - User Have reached the Home Page clicking on the footer Logo
20:00:46.675 [main] INFO  resources.base - User has clicked on the My Profile page from My Account dropdown
20:00:46.686 [main] INFO  resources.base - User has clicked on the My Profile page from My Account dropdown
20:00:49.268 [main] INFO  resources.base - User has clicked on the My Profile page from My Account dropdown
20:00:50.827 [main] INFO  resources.base - User has clicked the Logo from the header of the page
20:00:50.874 [main] INFO  resources.base - User Have reached the Home Page clicking on the Header Logo
20:00:53.920 [main] INFO  resources.base - User has clicked on the Standard Catalog Navigation button from header
20:00:53.928 [main] INFO  resources.base - User Have reached the Standard Catalog Page
20:01:08.251 [main] INFO  resources.base - User has clicked on the 1st Standard Product appearing and reached the PDP Page
20:01:21.536 [main] INFO  resources.base - User has clicked on the All Product Nevigation button from the header
20:01:21.546 [main] INFO  resources.base - User Have reached the All Product Page
20:01:24.863 [main] INFO  resources.base - User has clicked on Audio Cables Category From All Products Page
20:01:24.868 [main] INFO  resources.base - User Have reached the Audio Cables Category Page
20:01:35.651 [main] INFO  resources.base - User has clicked on Resouces link from the header
20:01:35.672 [main] INFO  resources.base - User Have reached the Resources Page
20:01:42.660 [main] INFO  resources.base - User has clicked on Special Offer Link from the header
20:01:42.669 [main] INFO  resources.base - User Have reached the Special Offer Page
20:01:49.927 [main] INFO  resources.base - User has clicked on Cart Icon from the header
20:01:49.944 [main] INFO  resources.base - User Have reached the Shopping Cart Page
20:02:49.825 [main] INFO  resources.base - User has clicked the Logo from the header of the page
20:03:03.991 [main] ERROR resources.base - User not able to reach home clicking on the header logo
20:03:03.991 [main] ERROR resources.base - expected [Shop - MarkITplace] but found [Checkout - MarkITplace]
20:03:06.650 [main] INFO  resources.base - User has clicked the Logo from the footer of the page
20:03:06.658 [main] INFO  resources.base - User Have reached the Home Page clicking on the footer Logo
20:03:08.595 [main] INFO  resources.base - User has clicked on the Standard Catalog Link from the footer of the page
20:03:08.608 [main] INFO  resources.base - User Have reached the Standard Product page after clicking on the Standard Catalog Link from the footer of the page
20:03:10.996 [main] INFO  resources.base - User has clicked on the All product Link from the footer of the page
20:03:11.007 [main] INFO  resources.base - User Have reached the All Product page after clicking on the Standard Catalog Link from the footer of the page
20:03:17.531 [main] INFO  resources.base - User has clicked on the resources  Link from the footer of the page
20:03:17.539 [main] INFO  resources.base - User Have reached the resources page after clicking on the resources Link from the footer of the page
20:03:21.364 [main] INFO  resources.base - User has clicked on the Special offer Link from the footer of the page
20:03:21.380 [main] INFO  resources.base - User Have reached the Special offer after clicking on the Special offer Link from the footer of the page
20:03:23.566 [main] INFO  resources.base - User has clicked on the Special offer Link from the footer of the page
20:03:23.575 [main] INFO  resources.base - User Have reached the Favorites after clicking on the Favorites Link from the footer of the page
20:03:26.701 [main] INFO  resources.base - User has clicked on the Track button from the header of the page
20:03:26.853 [main] INFO  resources.base - User have reached the Track page after clicking on the Track button from the header of the page
20:03:30.398 [main] INFO  resources.base - User has clicked on the order button from the header of the page
20:03:30.428 [main] INFO  resources.base - User have reached the Order page after clicking on the Order button from the header of the page
20:03:38.181 [main] INFO  resources.base - User has clicked on the Purchase Analysis button from the header of the page
20:03:38.440 [main] INFO  resources.base - User have reached the Purchase Analysis page after clicking on the Purchase Analysis button from the header of the page
20:03:38.650 [main] INFO  resources.base - User have clicked on email icon on purchase analysis Page
20:03:39.003 [main] INFO  resources.base - User have entered the email on email field at purchase analysis Page
20:03:39.327 [main] INFO  resources.base - User have click on Send button at email popup screen at purchase analysis Page
20:03:44.840 [main] INFO  resources.base - User has clicked on the Calendar button from the header of the page
20:03:44.865 [main] INFO  resources.base - User have reached the  Calendar page after clicking on the Calendar button from the header of the page
20:03:52.022 [main] INFO  resources.base - User have reached the expiration report after clicking on the report button from the Calendar page from monthly view tab
20:03:56.418 [main] ERROR resources.base - ser have not reached the expiration report after clicking on the report button from the Calendar page from Detail view tab
20:03:56.418 [main] ERROR resources.base - expected [Expiration Report - MarkITplace] but found []
20:35:41.184 [main] INFO  resources.base - User Have Successfully Login To The Home Page
20:35:45.225 [main] INFO  resources.base - User Have Successfully reached the favorites Page
20:36:25.577 [main] INFO  resources.base - user is searching printer using the search textbox
20:36:25.591 [main] INFO  resources.base - User Have Successfully reached the printer search listing page
20:36:25.643 [main] INFO  resources.base - Search result data is Appearing on the Search Result Page
20:36:25.889 [main] INFO  resources.base - User has clicked on Add to Cart on First Searched Product
20:36:57.661 [main] INFO  resources.base - User Have Successfully reached the PDP Page
20:37:02.232 [main] INFO  resources.base - Recently Viewed Page is Opened
20:37:04.197 [main] INFO  resources.base - User has clicked the Logo from the footer of the page
20:37:04.216 [main] INFO  resources.base - User Have reached the Home Page clicking on the footer Logo
20:37:07.724 [main] INFO  resources.base - User has clicked on the My Profile page from My Account dropdown
20:37:07.733 [main] INFO  resources.base - User has clicked on the My Profile page from My Account dropdown
20:37:11.100 [main] INFO  resources.base - User has clicked on the My Profile page from My Account dropdown
20:37:12.852 [main] INFO  resources.base - User has clicked the Logo from the header of the page
20:37:12.859 [main] INFO  resources.base - User Have reached the Home Page clicking on the Header Logo
20:37:18.750 [main] INFO  resources.base - User has clicked on the Standard Catalog Navigation button from header
20:37:18.759 [main] INFO  resources.base - User Have reached the Standard Catalog Page
20:37:33.221 [main] INFO  resources.base - User has clicked on the 1st Standard Product appearing and reached the PDP Page
20:37:49.066 [main] INFO  resources.base - User has clicked on the All Product Nevigation button from the header
20:37:49.074 [main] INFO  resources.base - User Have reached the All Product Page
20:38:14.193 [main] INFO  resources.base - User has clicked on Audio Cables Category From All Products Page
20:38:14.200 [main] INFO  resources.base - User Have reached the Audio Cables Category Page
20:38:22.470 [main] INFO  resources.base - User has clicked on Resouces link from the header
20:38:22.478 [main] INFO  resources.base - User Have reached the Resources Page
20:38:30.075 [main] INFO  resources.base - User has clicked on Special Offer Link from the header
20:38:30.082 [main] INFO  resources.base - User Have reached the Special Offer Page
20:38:34.760 [main] INFO  resources.base - User has clicked on Cart Icon from the header
20:38:34.765 [main] INFO  resources.base - User Have reached the Shopping Cart Page
20:39:49.574 [main] INFO  resources.base - element not visible
  (Session info: chrome=65.0.3325.181)
  (Driver info: chromedriver=2.36.540470 (e522d04694c7ebea4ba8821272dbef4f9b818c91),platform=Windows NT 10.0.16299 x86_64) (WARNING: The server did not provide any stacktrace information)
Command duration or timeout: 0 milliseconds
Build info: version: '3.8.1', revision: '6e95a6684b', time: '2017-12-01T18:33:54.468Z'
System info: host: 'DESKTOP-GAH683G', ip: '10.0.2.15', os.name: 'Windows 10', os.arch: 'amd64', os.version: '10.0', java.version: '9.0.1'
Driver info: org.openqa.selenium.chrome.ChromeDriver
Capabilities {acceptInsecureCerts: false, acceptSslCerts: false, applicationCacheEnabled: false, browserConnectionEnabled: false, browserName: chrome, chrome: {chromedriverVersion: 2.36.540470 (e522d04694c7eb..., userDataDir: C:\Windows\TEMP\scoped_dir8...}, cssSelectorsEnabled: true, databaseEnabled: false, handlesAlerts: true, hasTouchScreen: false, javascriptEnabled: true, locationContextEnabled: true, mobileEmulationEnabled: false, nativeEvents: true, networkConnectionEnabled: false, pageLoadStrategy: normal, platform: XP, platformName: XP, rotatable: false, setWindowRect: true, takesHeapSnapshot: true, takesScreenshot: true, unexpectedAlertBehaviour: , unhandledPromptBehavior: , version: 65.0.3325.181, webStorageEnabled: true}
Session ID: 9c75e206eaa9ffea15a0777a032c2e8d
20:39:54.580 [main] INFO  resources.base - User Have reached the order confirmation page after placing the order
20:40:04.593 [main] INFO  resources.base - User has clicked the Logo from the header of the page
20:40:14.604 [main] INFO  resources.base - User Have reached the Home Page clicking on the Header Logo
20:40:16.978 [main] INFO  resources.base - User has clicked the Logo from the footer of the page
20:40:16.984 [main] INFO  resources.base - User Have reached the Home Page clicking on the footer Logo
20:40:19.212 [main] INFO  resources.base - User has clicked on the Standard Catalog Link from the footer of the page
20:40:19.219 [main] INFO  resources.base - User Have reached the Standard Product page after clicking on the Standard Catalog Link from the footer of the page
20:40:22.211 [main] INFO  resources.base - User has clicked on the All product Link from the footer of the page
20:40:22.219 [main] INFO  resources.base - User Have reached the All Product page after clicking on the Standard Catalog Link from the footer of the page
20:40:29.012 [main] INFO  resources.base - User has clicked on the resources  Link from the footer of the page
20:40:29.019 [main] INFO  resources.base - User Have reached the resources page after clicking on the resources Link from the footer of the page
20:40:31.872 [main] INFO  resources.base - User has clicked on the Special offer Link from the footer of the page
20:40:31.877 [main] INFO  resources.base - User Have reached the Special offer after clicking on the Special offer Link from the footer of the page
20:40:33.872 [main] INFO  resources.base - User has clicked on the Special offer Link from the footer of the page
20:40:33.876 [main] INFO  resources.base - User Have reached the Favorites after clicking on the Favorites Link from the footer of the page
20:40:38.981 [main] INFO  resources.base - User has clicked on the Track button from the header of the page
20:40:39.168 [main] INFO  resources.base - User have reached the Track page after clicking on the Track button from the header of the page
20:40:43.788 [main] INFO  resources.base - User has clicked on the order button from the header of the page
20:40:43.803 [main] INFO  resources.base - User have reached the Order page after clicking on the Order button from the header of the page
20:41:05.311 [main] INFO  resources.base - User has clicked on the Purchase Analysis button from the header of the page
20:41:05.528 [main] INFO  resources.base - User have reached the Purchase Analysis page after clicking on the Purchase Analysis button from the header of the page
20:41:05.667 [main] INFO  resources.base - User have clicked on email icon on purchase analysis Page
20:41:05.859 [main] INFO  resources.base - User have entered the email on email field at purchase analysis Page
20:41:06.292 [main] INFO  resources.base - User have click on Send button at email popup screen at purchase analysis Page
20:41:12.032 [main] INFO  resources.base - User has clicked on the Calendar button from the header of the page
20:41:12.078 [main] INFO  resources.base - User have reached the  Calendar page after clicking on the Calendar button from the header of the page
20:41:26.930 [main] INFO  resources.base - User have reached the expiration report after clicking on the report button from the Calendar page from monthly view tab
20:41:38.678 [main] INFO  resources.base - User have reached the expiration report after clicking on the report button from the Calendar page from Detail view tab
20:41:50.479 [main] INFO  resources.base - User has clicked on the Assets report from Report tab
20:41:50.489 [main] INFO  resources.base - User have reached the assets report after clicking on asset link from report tab
20:42:01.527 [main] INFO  resources.base - User has clicked on the Days To Ship report from Report tab
20:42:01.533 [main] INFO  resources.base - User have reached the Days To Ship report after clicking on Days To Ship link from report tab
20:42:12.613 [main] INFO  resources.base - User has clicked on the Expiration report from Report tab
20:42:12.620 [main] INFO  resources.base - User have reached the Expiration report after clicking on Expiration link from report tab
20:42:23.240 [main] INFO  resources.base - User has clicked on the Inventory report from Report tab
20:42:23.251 [main] INFO  resources.base - User have reached the Inventory report after clicking on Inventory link from report tab
20:42:35.449 [main] INFO  resources.base - User has clicked on the Invoices report from Report tab
20:42:35.462 [main] INFO  resources.base - User have reached the Invoices report after clicking on Invoices link from report tab
20:42:46.788 [main] INFO  resources.base - User has clicked on the Invoice Line report from Report tab
20:42:46.799 [main] INFO  resources.base - User have reached the Invoice Line report after clicking on Invoice Line link from report tab
20:42:54.532 [main] INFO  resources.base - User has clicked on the Licenses report from Report tab
20:42:54.545 [main] INFO  resources.base - User have reached the Licenses report after clicking on Licenses link from report tab
20:43:05.108 [main] INFO  resources.base - User has clicked on the Orders report from Report tab
20:43:05.125 [main] INFO  resources.base - User have reached the Orders report after clicking on Orders link from report tab
20:43:15.580 [main] INFO  resources.base - User has clicked on the Order Line report from Report tab
20:43:15.603 [main] INFO  resources.base - User have reached the Order Line report after clicking on Order Line link from report tab
20:43:25.440 [main] INFO  resources.base - User has clicked on the PARs report from Report tab
20:43:25.449 [main] INFO  resources.base - User have reached the PARs report after clicking on PARs link from report tab
20:43:37.488 [main] INFO  resources.base - User has clicked on the Quotes report from Report tab
20:43:37.503 [main] INFO  resources.base - User have reached the Quotes report after clicking on Quotes link from report tab
20:43:45.868 [main] INFO  resources.base - User has clicked on the Receiving Log report from Report tab
20:43:45.876 [main] INFO  resources.base - User have reached the Receiving Log report after clicking on Receiving Log link from report tab
20:43:57.360 [main] INFO  resources.base - User has clicked on the Shipments report from Report tab
20:43:57.376 [main] INFO  resources.base - User have reached the Shipments report after clicking on Shipments link from report tab
20:44:08.022 [main] INFO  resources.base - User has clicked on the Shipments report from Report tab
20:44:08.027 [main] INFO  resources.base - User have reached the Standards report after clicking on Standards link from report tab
20:44:16.782 [main] INFO  resources.base - User has clicked on the Warranties report from Report tab
20:44:16.806 [main] INFO  resources.base - User have reached the Warranties report after clicking on Warranties link from report tab
20:44:21.251 [main] INFO  resources.base - User has clicked on the Saved Report icon from the header of the page
20:44:21.257 [main] INFO  resources.base - User have reached the  Saved Report page after clicking on the Saved Report icon from the header of the page
20:44:24.280 [main] INFO  resources.base - user is searching printer using the search textbox
20:44:51.595 [main] INFO  resources.base - User Have Successfully reached the Compare page
20:57:05.442 [main] INFO  resources.base - User Have Successfully Login To The Home Page
20:57:09.391 [main] INFO  resources.base - User Have Successfully reached the favorites Page
20:57:29.504 [main] ERROR resources.base - Favorite page not Open
20:57:29.512 [main] ERROR resources.base - no such element: Unable to locate element: {"method":"xpath","selector":"(//a[@class='btn'])[2]"}
  (Session info: chrome=65.0.3325.181)
  (Driver info: chromedriver=2.36.540470 (e522d04694c7ebea4ba8821272dbef4f9b818c91),platform=Windows NT 10.0.16299 x86_64) (WARNING: The server did not provide any stacktrace information)
Command duration or timeout: 0 milliseconds
For documentation on this error, please visit: http://seleniumhq.org/exceptions/no_such_element.html
Build info: version: '3.8.1', revision: '6e95a6684b', time: '2017-12-01T18:33:54.468Z'
System info: host: 'DESKTOP-GAH683G', ip: '10.0.2.15', os.name: 'Windows 10', os.arch: 'amd64', os.version: '10.0', java.version: '9.0.1'
Driver info: org.openqa.selenium.chrome.ChromeDriver
Capabilities {acceptInsecureCerts: false, acceptSslCerts: false, applicationCacheEnabled: false, browserConnectionEnabled: false, browserName: chrome, chrome: {chromedriverVersion: 2.36.540470 (e522d04694c7eb..., userDataDir: C:\Windows\TEMP\scoped_dir1...}, cssSelectorsEnabled: true, databaseEnabled: false, handlesAlerts: true, hasTouchScreen: false, javascriptEnabled: true, locationContextEnabled: true, mobileEmulationEnabled: false, nativeEvents: true, networkConnectionEnabled: false, pageLoadStrategy: normal, platform: XP, platformName: XP, rotatable: false, setWindowRect: true, takesHeapSnapshot: true, takesScreenshot: true, unexpectedAlertBehaviour: , unhandledPromptBehavior: , version: 65.0.3325.181, webStorageEnabled: true}
Session ID: 31de9daf96537653eea087714fffe81e
*** Element info: {Using=xpath, value=(//a[@class='btn'])[2]}
20:57:35.491 [main] INFO  resources.base - user is searching printer using the search textbox
20:57:35.516 [main] INFO  resources.base - User Have Successfully reached the printer search listing page
20:57:35.569 [main] INFO  resources.base - Search result data is Appearing on the Search Result Page
20:57:35.730 [main] INFO  resources.base - User has clicked on Add to Cart on First Searched Product
20:58:04.731 [main] INFO  resources.base - User Have Successfully reached the PDP Page
20:58:08.893 [main] INFO  resources.base - Recently Viewed Page is Opened
20:58:10.767 [main] INFO  resources.base - User has clicked the Logo from the footer of the page
20:58:10.801 [main] INFO  resources.base - User Have reached the Home Page clicking on the footer Logo
20:58:14.318 [main] INFO  resources.base - User has clicked on the My Profile page from My Account dropdown
20:58:14.327 [main] INFO  resources.base - User has clicked on the My Profile page from My Account dropdown
20:58:17.770 [main] INFO  resources.base - User has clicked on the My Profile page from My Account dropdown
20:58:19.671 [main] INFO  resources.base - User has clicked the Logo from the header of the page
20:58:19.740 [main] INFO  resources.base - User Have reached the Home Page clicking on the Header Logo
20:58:22.555 [main] INFO  resources.base - User has clicked on the Standard Catalog Navigation button from header
20:58:22.566 [main] INFO  resources.base - User Have reached the Standard Catalog Page
20:58:36.468 [main] INFO  resources.base - User has clicked on the 1st Standard Product appearing and reached the PDP Page
20:58:47.613 [main] INFO  resources.base - User has clicked on the All Product Nevigation button from the header
20:58:47.622 [main] INFO  resources.base - User Have reached the All Product Page
20:59:09.566 [main] INFO  resources.base - User has clicked on Audio Cables Category From All Products Page
20:59:09.579 [main] INFO  resources.base - User Have reached the Audio Cables Category Page
20:59:17.878 [main] INFO  resources.base - User has clicked on Resouces link from the header
20:59:17.884 [main] INFO  resources.base - User Have reached the Resources Page
20:59:24.295 [main] INFO  resources.base - User has clicked on Special Offer Link from the header
20:59:24.302 [main] INFO  resources.base - User Have reached the Special Offer Page
20:59:29.001 [main] INFO  resources.base - User has clicked on Cart Icon from the header
20:59:29.013 [main] INFO  resources.base - User Have reached the Shopping Cart Page
21:00:41.013 [main] INFO  resources.base - element not visible
  (Session info: chrome=65.0.3325.181)
  (Driver info: chromedriver=2.36.540470 (e522d04694c7ebea4ba8821272dbef4f9b818c91),platform=Windows NT 10.0.16299 x86_64) (WARNING: The server did not provide any stacktrace information)
Command duration or timeout: 0 milliseconds
Build info: version: '3.8.1', revision: '6e95a6684b', time: '2017-12-01T18:33:54.468Z'
System info: host: 'DESKTOP-GAH683G', ip: '10.0.2.15', os.name: 'Windows 10', os.arch: 'amd64', os.version: '10.0', java.version: '9.0.1'
Driver info: org.openqa.selenium.chrome.ChromeDriver
Capabilities {acceptInsecureCerts: false, acceptSslCerts: false, applicationCacheEnabled: false, browserConnectionEnabled: false, browserName: chrome, chrome: {chromedriverVersion: 2.36.540470 (e522d04694c7eb..., userDataDir: C:\Windows\TEMP\scoped_dir1...}, cssSelectorsEnabled: true, databaseEnabled: false, handlesAlerts: true, hasTouchScreen: false, javascriptEnabled: true, locationContextEnabled: true, mobileEmulationEnabled: false, nativeEvents: true, networkConnectionEnabled: false, pageLoadStrategy: normal, platform: XP, platformName: XP, rotatable: false, setWindowRect: true, takesHeapSnapshot: true, takesScreenshot: true, unexpectedAlertBehaviour: , unhandledPromptBehavior: , version: 65.0.3325.181, webStorageEnabled: true}
Session ID: 31de9daf96537653eea087714fffe81e
21:00:46.034 [main] INFO  resources.base - User Have reached the order confirmation page after placing the order
21:00:53.179 [main] INFO  resources.base - User has clicked the Logo from the header of the page
