09:19:02.701 [main] INFO  resources.base - user is searching printer using the search textbox
09:19:26.818 [main] INFO  resources.base - User Have Successfully reached the Compare page
11:40:23.151 [main] INFO  resources.base - User Have Successfully Login To The Home Page
11:40:29.400 [main] INFO  resources.base - User Have Successfully reached the favorites Page
11:40:47.776 [main] INFO  resources.base - user is searching printer using the search textbox
11:40:47.786 [main] INFO  resources.base - User Have Successfully reached the printer search listing page
11:40:47.871 [main] INFO  resources.base - Search result data is Appearing on the Search Result Page
11:40:59.346 [main] INFO  resources.base - User Have Successfully reached the PDP Page
11:41:29.814 [main] INFO  resources.base - Recently Viewed Page is Opened
11:41:32.529 [main] INFO  resources.base - User has clicked the Logo from the footer of the page
11:41:32.552 [main] INFO  resources.base - User Have reached the Home Page clicking on the footer Logo
11:41:36.345 [main] INFO  resources.base - User has clicked on the My Profile page from My Account dropdown
11:41:36.359 [main] INFO  resources.base - User has clicked on the My Profile page from My Account dropdown
11:41:40.394 [main] INFO  resources.base - User has clicked on the My Profile page from My Account dropdown
11:41:42.485 [main] INFO  resources.base - User has clicked the Logo from the header of the page
11:41:42.502 [main] INFO  resources.base - User Have reached the Home Page clicking on the Header Logo
11:41:48.489 [main] INFO  resources.base - User has clicked on the Standard Catalog Navigation button from header
11:41:48.499 [main] INFO  resources.base - User Have reached the Standard Catalog Page
11:42:05.133 [main] INFO  resources.base - User has clicked on the 1st Standard Product appearing and reached the PDP Page
11:42:13.890 [main] INFO  resources.base - User has clicked on the All Product Nevigation button from the header
11:42:13.899 [main] INFO  resources.base - User Have reached the All Product Page
11:42:20.859 [main] INFO  resources.base - User has clicked on Audio Cables Category From All Products Page
11:42:20.870 [main] INFO  resources.base - User Have reached the Audio Cables Category Page
11:42:33.692 [main] INFO  resources.base - User has clicked on Resouces link from the header
11:42:33.700 [main] INFO  resources.base - User Have reached the Resources Page
11:42:41.772 [main] INFO  resources.base - User has clicked on Special Offer Link from the header
11:42:41.827 [main] INFO  resources.base - User Have reached the Special Offer Page
11:42:46.988 [main] INFO  resources.base - User has clicked on Cart Icon from the header
11:42:47.000 [main] INFO  resources.base - User Have reached the Shopping Cart Page
11:43:44.008 [main] INFO  resources.base - element not visible
  (Session info: chrome=66.0.3359.181)
  (Driver info: chromedriver=2.36.540470 (e522d04694c7ebea4ba8821272dbef4f9b818c91),platform=Windows NT 10.0.16299 x86_64) (WARNING: The server did not provide any stacktrace information)
Command duration or timeout: 0 milliseconds
Build info: version: '3.8.1', revision: '6e95a6684b', time: '2017-12-01T18:33:54.468Z'
System info: host: 'DESKTOP-B75F35K', ip: '10.0.2.15', os.name: 'Windows 10', os.arch: 'amd64', os.version: '10.0', java.version: '1.8.0_171'
Driver info: org.openqa.selenium.chrome.ChromeDriver
Capabilities {acceptInsecureCerts: false, acceptSslCerts: false, applicationCacheEnabled: false, browserConnectionEnabled: false, browserName: chrome, chrome: {chromedriverVersion: 2.36.540470 (e522d04694c7eb..., userDataDir: C:\Users\bilaw\AppData\Loca...}, cssSelectorsEnabled: true, databaseEnabled: false, handlesAlerts: true, hasTouchScreen: false, javascriptEnabled: true, locationContextEnabled: true, mobileEmulationEnabled: false, nativeEvents: true, networkConnectionEnabled: false, pageLoadStrategy: normal, platform: XP, platformName: XP, rotatable: false, setWindowRect: true, takesHeapSnapshot: true, takesScreenshot: true, unexpectedAlertBehaviour: , unhandledPromptBehavior: , version: 66.0.3359.181, webStorageEnabled: true}
Session ID: 2e25e5de03ab363372171af28ea25093
11:43:49.039 [main] INFO  resources.base - User Have reached the order confirmation page after placing the order
11:43:57.913 [main] INFO  resources.base - User has clicked the Logo from the header of the page
11:44:07.950 [main] INFO  resources.base - User Have reached the Home Page clicking on the Header Logo
11:44:10.392 [main] INFO  resources.base - User has clicked the Logo from the footer of the page
11:44:10.421 [main] INFO  resources.base - User Have reached the Home Page clicking on the footer Logo
11:44:14.694 [main] INFO  resources.base - User has clicked on the Standard Catalog Link from the footer of the page
11:44:24.733 [main] INFO  resources.base - User Have reached the Standard Product page after clicking on the Standard Catalog Link from the footer of the page
11:44:27.152 [main] INFO  resources.base - User has clicked on the All product Link from the footer of the page
11:44:37.173 [main] INFO  resources.base - User Have reached the All Product page after clicking on the Standard Catalog Link from the footer of the page
11:44:44.677 [main] INFO  resources.base - User has clicked on the resources  Link from the footer of the page
11:44:54.692 [main] INFO  resources.base - User Have reached the resources page after clicking on the resources Link from the footer of the page
11:45:00.871 [main] INFO  resources.base - User has clicked on the Special offer Link from the footer of the page
11:45:10.960 [main] INFO  resources.base - User Have reached the Special offer after clicking on the Special offer Link from the footer of the page
11:45:13.211 [main] INFO  resources.base - User has clicked on the Special offer Link from the footer of the page
11:45:23.258 [main] INFO  resources.base - User Have reached the Favorites after clicking on the Favorites Link from the footer of the page
11:45:39.645 [main] INFO  resources.base - User has clicked on the Track button from the header of the page
11:45:39.679 [main] INFO  resources.base - User have reached the Track page after clicking on the Track button from the header of the page
11:46:15.411 [main] INFO  resources.base - User has clicked on the order button from the header of the page
11:46:25.473 [main] INFO  resources.base - User have reached the Order page after clicking on the Order button from the header of the page
11:46:52.088 [main] INFO  resources.base - User has clicked on the Purchase Analysis button from the header of the page
11:46:52.276 [main] INFO  resources.base - User have reached the Purchase Analysis page after clicking on the Purchase Analysis button from the header of the page
11:46:52.542 [main] INFO  resources.base - User have clicked on email icon on purchase analysis Page
11:46:52.960 [main] INFO  resources.base - User have entered the email on email field at purchase analysis Page
11:46:53.218 [main] INFO  resources.base - User have click on Send button at email popup screen at purchase analysis Page
11:46:59.904 [main] INFO  resources.base - User has clicked on the Calendar button from the header of the page
11:46:59.917 [main] INFO  resources.base - User have reached the  Calendar page after clicking on the Calendar button from the header of the page
11:47:17.092 [main] INFO  resources.base - User have reached the expiration report after clicking on the report button from the Calendar page from monthly view tab
11:47:40.814 [main] INFO  resources.base - User has clicked on the Saved Report icon from the header of the page
11:47:40.827 [main] INFO  resources.base - User have reached the  Saved Report page after clicking on the Saved Report icon from the header of the page
11:47:50.313 [main] INFO  resources.base - user is searching printer using the search textbox
11:48:23.254 [main] INFO  resources.base - User Have Successfully reached the Compare page
12:23:48.509 [main] INFO  resources.base - User Have Successfully Login To The Home Page
12:24:20.649 [main] INFO  resources.base - User Have Successfully reached the favorites Page
12:25:27.487 [main] INFO  resources.base - user is searching printer using the search textbox
12:25:27.494 [main] INFO  resources.base - User Have Successfully reached the printer search listing page
12:25:27.578 [main] INFO  resources.base - Search result data is Appearing on the Search Result Page
12:25:42.339 [main] INFO  resources.base - User Have Successfully reached the PDP Page
12:26:35.226 [main] INFO  resources.base - Recently Viewed Page is Opened
12:26:48.350 [main] INFO  resources.base - User has clicked the Logo from the footer of the page
12:26:48.360 [main] INFO  resources.base - User Have reached the Home Page clicking on the footer Logo
12:27:13.674 [main] INFO  resources.base - User has clicked on the My Profile page from My Account dropdown
12:27:13.681 [main] INFO  resources.base - User has clicked on the My Profile page from My Account dropdown
12:27:33.595 [main] INFO  resources.base - User has clicked on the My Profile page from My Account dropdown
12:28:08.876 [main] INFO  resources.base - User has clicked the Logo from the header of the page
12:28:08.892 [main] INFO  resources.base - User Have reached the Home Page clicking on the Header Logo
12:28:20.035 [main] INFO  resources.base - User has clicked on the Standard Catalog Navigation button from header
12:28:20.045 [main] INFO  resources.base - User Have reached the Standard Catalog Page
12:28:42.471 [main] INFO  resources.base - User has clicked on the 1st Standard Product appearing and reached the PDP Page
12:29:07.799 [main] INFO  resources.base - User has clicked on the All Product Nevigation button from the header
12:29:07.810 [main] INFO  resources.base - User Have reached the All Product Page
12:29:22.563 [main] INFO  resources.base - User has clicked on Audio Cables Category From All Products Page
12:29:22.575 [main] INFO  resources.base - User Have reached the Audio Cables Category Page
12:30:07.742 [main] INFO  resources.base - User has clicked on Resouces link from the header
12:30:07.755 [main] INFO  resources.base - User Have reached the Resources Page
12:30:24.095 [main] INFO  resources.base - User has clicked on Special Offer Link from the header
12:30:24.104 [main] INFO  resources.base - User Have reached the Special Offer Page
12:30:32.636 [main] INFO  resources.base - User has clicked on Cart Icon from the header
12:30:32.676 [main] INFO  resources.base - User Have reached the Shopping Cart Page
12:31:57.374 [main] INFO  resources.base - element not visible
  (Session info: chrome=66.0.3359.181)
  (Driver info: chromedriver=2.36.540470 (e522d04694c7ebea4ba8821272dbef4f9b818c91),platform=Windows NT 10.0.16299 x86_64) (WARNING: The server did not provide any stacktrace information)
Command duration or timeout: 0 milliseconds
Build info: version: '3.8.1', revision: '6e95a6684b', time: '2017-12-01T18:33:54.468Z'
System info: host: 'DESKTOP-B75F35K', ip: '10.0.2.15', os.name: 'Windows 10', os.arch: 'amd64', os.version: '10.0', java.version: '1.8.0_171'
Driver info: org.openqa.selenium.chrome.ChromeDriver
Capabilities {acceptInsecureCerts: false, acceptSslCerts: false, applicationCacheEnabled: false, browserConnectionEnabled: false, browserName: chrome, chrome: {chromedriverVersion: 2.36.540470 (e522d04694c7eb..., userDataDir: C:\Users\bilaw\AppData\Loca...}, cssSelectorsEnabled: true, databaseEnabled: false, handlesAlerts: true, hasTouchScreen: false, javascriptEnabled: true, locationContextEnabled: true, mobileEmulationEnabled: false, nativeEvents: true, networkConnectionEnabled: false, pageLoadStrategy: normal, platform: XP, platformName: XP, rotatable: false, setWindowRect: true, takesHeapSnapshot: true, takesScreenshot: true, unexpectedAlertBehaviour: , unhandledPromptBehavior: , version: 66.0.3359.181, webStorageEnabled: true}
Session ID: 411b3f862b802973bb0977f0d967d02f
12:32:02.389 [main] INFO  resources.base - User Have reached the order confirmation page after placing the order
12:32:14.447 [main] INFO  resources.base - User has clicked the Logo from the header of the page
12:32:24.457 [main] INFO  resources.base - User Have reached the Home Page clicking on the Header Logo
12:32:28.926 [main] INFO  resources.base - User has clicked the Logo from the footer of the page
12:32:28.935 [main] INFO  resources.base - User Have reached the Home Page clicking on the footer Logo
12:32:37.123 [main] INFO  resources.base - User has clicked on the Standard Catalog Link from the footer of the page
12:32:47.153 [main] INFO  resources.base - User Have reached the Standard Product page after clicking on the Standard Catalog Link from the footer of the page
12:32:53.374 [main] INFO  resources.base - User has clicked on the All product Link from the footer of the page
12:33:03.404 [main] INFO  resources.base - User Have reached the All Product page after clicking on the Standard Catalog Link from the footer of the page
12:33:15.556 [main] INFO  resources.base - User has clicked on the resources  Link from the footer of the page
12:33:25.594 [main] INFO  resources.base - User Have reached the resources page after clicking on the resources Link from the footer of the page
12:33:35.385 [main] INFO  resources.base - User has clicked on the Special offer Link from the footer of the page
12:33:45.397 [main] INFO  resources.base - User Have reached the Special offer after clicking on the Special offer Link from the footer of the page
12:33:49.419 [main] INFO  resources.base - User has clicked on the Special offer Link from the footer of the page
12:33:59.431 [main] INFO  resources.base - User Have reached the Favorites after clicking on the Favorites Link from the footer of the page
12:34:38.816 [main] INFO  resources.base - User has clicked on the Track button from the header of the page
12:34:38.881 [main] INFO  resources.base - User have reached the Track page after clicking on the Track button from the header of the page
12:35:10.489 [main] INFO  resources.base - User has clicked on the order button from the header of the page
12:35:20.508 [main] INFO  resources.base - User have reached the Order page after clicking on the Order button from the header of the page
12:35:35.504 [main] INFO  resources.base - User has clicked on the Purchase Analysis button from the header of the page
12:35:35.697 [main] INFO  resources.base - User have reached the Purchase Analysis page after clicking on the Purchase Analysis button from the header of the page
12:35:35.999 [main] INFO  resources.base - User have clicked on email icon on purchase analysis Page
12:35:36.363 [main] INFO  resources.base - User have entered the email on email field at purchase analysis Page
12:35:36.746 [main] INFO  resources.base - User have click on Send button at email popup screen at purchase analysis Page
12:35:50.209 [main] INFO  resources.base - User has clicked on the Calendar button from the header of the page
12:35:50.218 [main] INFO  resources.base - User have reached the  Calendar page after clicking on the Calendar button from the header of the page
12:36:36.108 [main] INFO  resources.base - User have reached the expiration report after clicking on the report button from the Calendar page from monthly view tab
12:37:11.454 [main] INFO  resources.base - User have reached the expiration report after clicking on the report button from the Calendar page from Detail view tab
12:37:19.664 [main] INFO  resources.base - User has clicked on the Saved Report icon from the header of the page
12:37:19.682 [main] INFO  resources.base - User have reached the  Saved Report page after clicking on the Saved Report icon from the header of the page
12:37:30.650 [main] INFO  resources.base - user is searching printer using the search textbox
12:38:32.151 [main] INFO  resources.base - User Have Successfully reached the Compare page
14:13:36.704 [main] INFO  resources.base - User Have Successfully Login To The Home Page
14:13:42.863 [main] INFO  resources.base - User Have Successfully reached the favorites Page
14:14:01.070 [main] INFO  resources.base - user is searching printer using the search textbox
14:14:01.090 [main] INFO  resources.base - User Have Successfully reached the printer search listing page
14:14:01.164 [main] INFO  resources.base - Search result data is Appearing on the Search Result Page
14:14:29.402 [main] INFO  resources.base - User Have Successfully reached the PDP Page
14:15:13.140 [main] INFO  resources.base - Recently Viewed Page is Opened
14:15:22.156 [main] INFO  resources.base - User has clicked the Logo from the footer of the page
14:15:22.163 [main] INFO  resources.base - User Have reached the Home Page clicking on the footer Logo
14:15:36.696 [main] INFO  resources.base - User has clicked on the My Profile page from My Account dropdown
14:15:36.719 [main] INFO  resources.base - User has clicked on the My Profile page from My Account dropdown
14:15:46.851 [main] INFO  resources.base - User has clicked on the My Profile page from My Account dropdown
14:15:54.431 [main] INFO  resources.base - User has clicked the Logo from the header of the page
14:15:54.439 [main] INFO  resources.base - User Have reached the Home Page clicking on the Header Logo
14:16:04.114 [main] INFO  resources.base - User has clicked on the Standard Catalog Navigation button from header
14:16:04.122 [main] INFO  resources.base - User Have reached the Standard Catalog Page
14:16:25.046 [main] INFO  resources.base - User has clicked on the 1st Standard Product appearing and reached the PDP Page
14:16:39.241 [main] INFO  resources.base - User has clicked on the All Product Nevigation button from the header
14:16:39.730 [main] INFO  resources.base - User Have reached the All Product Page
14:16:49.380 [main] INFO  resources.base - User has clicked on Audio Cables Category From All Products Page
14:16:49.388 [main] INFO  resources.base - User Have reached the Audio Cables Category Page
14:17:05.989 [main] INFO  resources.base - User has clicked on Resouces link from the header
14:17:05.999 [main] INFO  resources.base - User Have reached the Resources Page
14:17:20.400 [main] INFO  resources.base - User has clicked on Special Offer Link from the header
14:17:20.408 [main] INFO  resources.base - User Have reached the Special Offer Page
14:17:33.767 [main] INFO  resources.base - User has clicked on Cart Icon from the header
14:17:33.780 [main] INFO  resources.base - User Have reached the Shopping Cart Page
14:20:05.843 [main] INFO  resources.base - element not visible
  (Session info: chrome=66.0.3359.181)
  (Driver info: chromedriver=2.36.540470 (e522d04694c7ebea4ba8821272dbef4f9b818c91),platform=Windows NT 10.0.16299 x86_64) (WARNING: The server did not provide any stacktrace information)
Command duration or timeout: 0 milliseconds
Build info: version: '3.8.1', revision: '6e95a6684b', time: '2017-12-01T18:33:54.468Z'
System info: host: 'DESKTOP-B75F35K', ip: '10.0.2.15', os.name: 'Windows 10', os.arch: 'amd64', os.version: '10.0', java.version: '1.8.0_171'
Driver info: org.openqa.selenium.chrome.ChromeDriver
Capabilities {acceptInsecureCerts: false, acceptSslCerts: false, applicationCacheEnabled: false, browserConnectionEnabled: false, browserName: chrome, chrome: {chromedriverVersion: 2.36.540470 (e522d04694c7eb..., userDataDir: C:\Users\bilaw\AppData\Loca...}, cssSelectorsEnabled: true, databaseEnabled: false, handlesAlerts: true, hasTouchScreen: false, javascriptEnabled: true, locationContextEnabled: true, mobileEmulationEnabled: false, nativeEvents: true, networkConnectionEnabled: false, pageLoadStrategy: normal, platform: XP, platformName: XP, rotatable: false, setWindowRect: true, takesHeapSnapshot: true, takesScreenshot: true, unexpectedAlertBehaviour: , unhandledPromptBehavior: , version: 66.0.3359.181, webStorageEnabled: true}
Session ID: b6196cf184376dda297fe14f4337606d
14:20:10.860 [main] INFO  resources.base - User Have reached the order confirmation page after placing the order
14:20:24.354 [main] INFO  resources.base - User has clicked the Logo from the header of the page
14:20:34.398 [main] INFO  resources.base - User Have reached the Home Page clicking on the Header Logo
14:20:46.373 [main] INFO  resources.base - User has clicked the Logo from the footer of the page
14:20:46.381 [main] INFO  resources.base - User Have reached the Home Page clicking on the footer Logo
14:21:00.044 [main] INFO  resources.base - User has clicked on the Standard Catalog Link from the footer of the page
14:21:10.063 [main] INFO  resources.base - User Have reached the Standard Product page after clicking on the Standard Catalog Link from the footer of the page
14:21:18.096 [main] INFO  resources.base - User has clicked on the All product Link from the footer of the page
14:21:28.104 [main] INFO  resources.base - User Have reached the All Product page after clicking on the Standard Catalog Link from the footer of the page
14:21:39.507 [main] INFO  resources.base - User has clicked on the resources  Link from the footer of the page
14:21:49.514 [main] INFO  resources.base - User Have reached the resources page after clicking on the resources Link from the footer of the page
14:22:01.628 [main] INFO  resources.base - User has clicked on the Special offer Link from the footer of the page
14:22:11.693 [main] INFO  resources.base - User Have reached the Special offer after clicking on the Special offer Link from the footer of the page
14:22:19.292 [main] INFO  resources.base - User has clicked on the Special offer Link from the footer of the page
14:22:29.306 [main] INFO  resources.base - User Have reached the Favorites after clicking on the Favorites Link from the footer of the page
14:22:44.068 [main] INFO  resources.base - User has clicked on the Track button from the header of the page
14:22:44.085 [main] INFO  resources.base - User have reached the Track page after clicking on the Track button from the header of the page
14:22:55.873 [main] INFO  resources.base - User has clicked on the order button from the header of the page
14:23:05.899 [main] INFO  resources.base - User have reached the Order page after clicking on the Order button from the header of the page
14:23:21.309 [main] INFO  resources.base - User has clicked on the Purchase Analysis button from the header of the page
14:23:21.668 [main] INFO  resources.base - User have reached the Purchase Analysis page after clicking on the Purchase Analysis button from the header of the page
14:23:27.028 [main] INFO  resources.base - User have clicked on email icon on purchase analysis Page
14:23:27.243 [main] INFO  resources.base - User have entered the email on email field at purchase analysis Page
14:23:32.911 [main] INFO  resources.base - User have click on Send button at email popup screen at purchase analysis Page
14:23:54.756 [main] INFO  resources.base - User has clicked on the Calendar button from the header of the page
14:23:54.766 [main] INFO  resources.base - User have reached the  Calendar page after clicking on the Calendar button from the header of the page
14:24:13.440 [main] INFO  resources.base - User have reached the expiration report after clicking on the report button from the Calendar page from monthly view tab
14:24:35.917 [main] INFO  resources.base - User have reached the expiration report after clicking on the report button from the Calendar page from Detail view tab
14:24:45.657 [main] INFO  resources.base - User has clicked on the Saved Report icon from the header of the page
14:24:45.666 [main] INFO  resources.base - User have reached the  Saved Report page after clicking on the Saved Report icon from the header of the page
14:24:49.435 [main] INFO  resources.base - user is searching printer using the search textbox
14:25:29.839 [main] INFO  resources.base - User Have Successfully reached the Compare page
15:09:45.353 [main] INFO  resources.base - User Have Successfully Login To The Home Page
15:09:52.835 [main] INFO  resources.base - User Have Successfully reached the favorites Page
15:10:11.681 [main] INFO  resources.base - user is searching printer using the search textbox
15:10:11.691 [main] INFO  resources.base - User Have Successfully reached the printer search listing page
15:10:11.748 [main] INFO  resources.base - Search result data is Appearing on the Search Result Page
15:10:22.837 [main] INFO  resources.base - User Have Successfully reached the PDP Page
15:10:53.839 [main] INFO  resources.base - User has clicked the Logo from the footer of the page
15:10:53.855 [main] INFO  resources.base - User Have reached the Home Page clicking on the footer Logo
15:10:59.951 [main] INFO  resources.base - User has clicked on the My Profile page from My Account dropdown
15:10:59.968 [main] INFO  resources.base - User has clicked on the My Profile page from My Account dropdown
15:11:04.314 [main] INFO  resources.base - User has clicked on the My Profile page from My Account dropdown
15:11:08.399 [main] INFO  resources.base - User has clicked the Logo from the header of the page
15:11:08.406 [main] INFO  resources.base - User Have reached the Home Page clicking on the Header Logo
15:11:14.976 [main] INFO  resources.base - User has clicked on the Standard Catalog Navigation button from header
15:11:14.986 [main] INFO  resources.base - User Have reached the Standard Catalog Page
15:11:32.396 [main] INFO  resources.base - User has clicked on the 1st Standard Product appearing and reached the PDP Page
15:11:46.137 [main] INFO  resources.base - User has clicked on the All Product Nevigation button from the header
15:11:46.144 [main] INFO  resources.base - User Have reached the All Product Page
15:11:53.933 [main] INFO  resources.base - User has clicked on Audio Cables Category From All Products Page
15:11:53.945 [main] INFO  resources.base - User Have reached the Audio Cables Category Page
15:12:09.441 [main] INFO  resources.base - User has clicked on Resouces link from the header
15:12:09.451 [main] INFO  resources.base - User Have reached the Resources Page
15:12:16.538 [main] INFO  resources.base - User has clicked on Special Offer Link from the header
15:12:16.574 [main] INFO  resources.base - User Have reached the Special Offer Page
15:12:21.927 [main] INFO  resources.base - User has clicked on Cart Icon from the header
15:12:21.946 [main] INFO  resources.base - User Have reached the Shopping Cart Page
15:13:22.828 [main] INFO  resources.base - element not visible
  (Session info: chrome=67.0.3396.79)
  (Driver info: chromedriver=2.36.540470 (e522d04694c7ebea4ba8821272dbef4f9b818c91),platform=Windows NT 10.0.16299 x86_64) (WARNING: The server did not provide any stacktrace information)
Command duration or timeout: 0 milliseconds
Build info: version: '3.8.1', revision: '6e95a6684b', time: '2017-12-01T18:33:54.468Z'
System info: host: 'DESKTOP-B75F35K', ip: '10.0.2.15', os.name: 'Windows 10', os.arch: 'amd64', os.version: '10.0', java.version: '1.8.0_171'
Driver info: org.openqa.selenium.chrome.ChromeDriver
Capabilities {acceptInsecureCerts: false, acceptSslCerts: false, applicationCacheEnabled: false, browserConnectionEnabled: false, browserName: chrome, chrome: {chromedriverVersion: 2.36.540470 (e522d04694c7eb..., userDataDir: C:\Users\bilaw\AppData\Loca...}, cssSelectorsEnabled: true, databaseEnabled: false, handlesAlerts: true, hasTouchScreen: false, javascriptEnabled: true, locationContextEnabled: true, mobileEmulationEnabled: false, nativeEvents: true, networkConnectionEnabled: false, pageLoadStrategy: normal, platform: XP, platformName: XP, rotatable: false, setWindowRect: true, takesHeapSnapshot: true, takesScreenshot: true, unexpectedAlertBehaviour: , unhandledPromptBehavior: , version: 67.0.3396.79, webStorageEnabled: true}
Session ID: 6a853f6cd85cb68bbf323bf56fa7b8b6
15:13:27.865 [main] INFO  resources.base - User Have reached the order confirmation page after placing the order
15:13:37.203 [main] INFO  resources.base - User has clicked the Logo from the header of the page
15:13:47.240 [main] INFO  resources.base - User Have reached the Home Page clicking on the Header Logo
15:13:50.828 [main] INFO  resources.base - User has clicked the Logo from the footer of the page
15:13:50.857 [main] INFO  resources.base - User Have reached the Home Page clicking on the footer Logo
15:13:56.345 [main] INFO  resources.base - User has clicked on the Standard Catalog Link from the footer of the page
15:14:06.366 [main] INFO  resources.base - User Have reached the Standard Product page after clicking on the Standard Catalog Link from the footer of the page
15:14:10.050 [main] INFO  resources.base - User has clicked on the All product Link from the footer of the page
15:14:20.084 [main] INFO  resources.base - User Have reached the All Product page after clicking on the Standard Catalog Link from the footer of the page
15:14:29.655 [main] INFO  resources.base - User has clicked on the resources  Link from the footer of the page
15:14:39.693 [main] INFO  resources.base - User Have reached the resources page after clicking on the resources Link from the footer of the page
15:15:10.613 [main] INFO  resources.base - User has clicked on the Special offer Link from the footer of the page
15:15:20.646 [main] INFO  resources.base - User Have reached the Special offer after clicking on the Special offer Link from the footer of the page
15:15:30.752 [main] INFO  resources.base - User has clicked on the Special offer Link from the footer of the page
15:15:40.788 [main] INFO  resources.base - User Have reached the Favorites after clicking on the Favorites Link from the footer of the page
15:18:10.962 [main] INFO  resources.base - User has clicked on the Track button from the header of the page
15:18:10.977 [main] INFO  resources.base - User have reached the Track page after clicking on the Track button from the header of the page
15:18:19.905 [main] INFO  resources.base - User has clicked on the order button from the header of the page
15:18:29.919 [main] INFO  resources.base - User have reached the Order page after clicking on the Order button from the header of the page
15:18:52.707 [main] INFO  resources.base - User has clicked on the Purchase Analysis button from the header of the page
15:18:52.749 [main] INFO  resources.base - User have reached the Purchase Analysis page after clicking on the Purchase Analysis button from the header of the page
15:18:58.136 [main] INFO  resources.base - User have clicked on email icon on purchase analysis Page
15:18:58.373 [main] INFO  resources.base - User have entered the email on email field at purchase analysis Page
15:19:01.293 [main] INFO  resources.base - User have click on Send button at email popup screen at purchase analysis Page
15:19:20.991 [main] INFO  resources.base - User has clicked on the Calendar button from the header of the page
15:19:21.022 [main] INFO  resources.base - User have reached the  Calendar page after clicking on the Calendar button from the header of the page
15:19:44.747 [main] INFO  resources.base - User have reached the expiration report after clicking on the report button from the Calendar page from monthly view tab
15:20:16.684 [main] INFO  resources.base - User have reached the expiration report after clicking on the report button from the Calendar page from Detail view tab
15:20:26.883 [main] INFO  resources.base - User has clicked on the Saved Report icon from the header of the page
15:20:26.900 [main] INFO  resources.base - User have reached the  Saved Report page after clicking on the Saved Report icon from the header of the page
15:20:32.554 [main] INFO  resources.base - user is searching printer using the search textbox
15:21:29.202 [main] INFO  resources.base - User Have Successfully reached the Compare page
11:37:44.559 [main] INFO  resources.base - User Have Successfully Login To The Home Page
11:37:50.683 [main] INFO  resources.base - User Have Successfully reached the favorites Page
11:38:13.438 [main] INFO  resources.base - user is searching printer using the search textbox
11:38:13.456 [main] INFO  resources.base - User Have Successfully reached the printer search listing page
11:38:13.515 [main] INFO  resources.base - Search result data is Appearing on the Search Result Page
11:38:27.840 [main] INFO  resources.base - User Have Successfully reached the PDP Page
11:38:59.760 [main] INFO  resources.base - Recently Viewed Page is Opened
11:39:04.860 [main] INFO  resources.base - User has clicked the Logo from the footer of the page
11:39:04.869 [main] INFO  resources.base - User Have reached the Home Page clicking on the footer Logo
11:39:09.599 [main] INFO  resources.base - User has clicked on the My Profile page from My Account dropdown
11:39:09.614 [main] INFO  resources.base - User has clicked on the My Profile page from My Account dropdown
11:39:14.730 [main] INFO  resources.base - User has clicked on the My Profile page from My Account dropdown
11:39:18.240 [main] INFO  resources.base - User has clicked the Logo from the header of the page
11:39:18.246 [main] INFO  resources.base - User Have reached the Home Page clicking on the Header Logo
11:39:24.537 [main] INFO  resources.base - User has clicked on the Standard Catalog Navigation button from header
11:39:24.552 [main] INFO  resources.base - User Have reached the Standard Catalog Page
11:39:42.046 [main] INFO  resources.base - User has clicked on the 1st Standard Product appearing and reached the PDP Page
11:39:50.573 [main] INFO  resources.base - User has clicked on the All Product Nevigation button from the header
11:39:50.584 [main] INFO  resources.base - User Have reached the All Product Page
11:39:56.489 [main] INFO  resources.base - User has clicked on Audio Cables Category From All Products Page
11:39:56.498 [main] INFO  resources.base - User Have reached the Audio Cables Category Page
11:40:12.117 [main] INFO  resources.base - User has clicked on Resouces link from the header
11:40:12.143 [main] INFO  resources.base - User Have reached the Resources Page
11:40:19.598 [main] INFO  resources.base - User has clicked on Special Offer Link from the header
11:40:19.605 [main] INFO  resources.base - User Have reached the Special Offer Page
11:40:25.819 [main] INFO  resources.base - User has clicked on Cart Icon from the header
11:40:25.832 [main] INFO  resources.base - User Have reached the Shopping Cart Page
11:41:30.267 [main] INFO  resources.base - element not visible
  (Session info: chrome=67.0.3396.87)
  (Driver info: chromedriver=2.36.540470 (e522d04694c7ebea4ba8821272dbef4f9b818c91),platform=Windows NT 10.0.16299 x86_64) (WARNING: The server did not provide any stacktrace information)
Command duration or timeout: 0 milliseconds
Build info: version: '3.8.1', revision: '6e95a6684b', time: '2017-12-01T18:33:54.468Z'
System info: host: 'DESKTOP-B75F35K', ip: '10.0.2.15', os.name: 'Windows 10', os.arch: 'amd64', os.version: '10.0', java.version: '1.8.0_171'
Driver info: org.openqa.selenium.chrome.ChromeDriver
Capabilities {acceptInsecureCerts: false, acceptSslCerts: false, applicationCacheEnabled: false, browserConnectionEnabled: false, browserName: chrome, chrome: {chromedriverVersion: 2.36.540470 (e522d04694c7eb..., userDataDir: C:\Users\bilaw\AppData\Loca...}, cssSelectorsEnabled: true, databaseEnabled: false, handlesAlerts: true, hasTouchScreen: false, javascriptEnabled: true, locationContextEnabled: true, mobileEmulationEnabled: false, nativeEvents: true, networkConnectionEnabled: false, pageLoadStrategy: normal, platform: XP, platformName: XP, rotatable: false, setWindowRect: true, takesHeapSnapshot: true, takesScreenshot: true, unexpectedAlertBehaviour: , unhandledPromptBehavior: , version: 67.0.3396.87, webStorageEnabled: true}
Session ID: 32947bce2bf3256a361653656ecee4e0
11:41:35.297 [main] INFO  resources.base - User Have reached the order confirmation page after placing the order
11:41:44.343 [main] INFO  resources.base - User has clicked the Logo from the header of the page
11:41:54.369 [main] INFO  resources.base - User Have reached the Home Page clicking on the Header Logo
11:41:57.054 [main] INFO  resources.base - User has clicked the Logo from the footer of the page
11:41:57.061 [main] INFO  resources.base - User Have reached the Home Page clicking on the footer Logo
11:42:02.381 [main] INFO  resources.base - User has clicked on the Standard Catalog Link from the footer of the page
11:42:12.406 [main] INFO  resources.base - User Have reached the Standard Product page after clicking on the Standard Catalog Link from the footer of the page
11:42:16.096 [main] INFO  resources.base - User has clicked on the All product Link from the footer of the page
11:42:26.125 [main] INFO  resources.base - User Have reached the All Product page after clicking on the Standard Catalog Link from the footer of the page
11:42:34.403 [main] INFO  resources.base - User has clicked on the resources  Link from the footer of the page
11:42:44.419 [main] INFO  resources.base - User Have reached the resources page after clicking on the resources Link from the footer of the page
11:42:52.064 [main] INFO  resources.base - User has clicked on the Special offer Link from the footer of the page
11:43:02.088 [main] INFO  resources.base - User Have reached the Special offer after clicking on the Special offer Link from the footer of the page
11:43:05.200 [main] INFO  resources.base - User has clicked on the Special offer Link from the footer of the page
11:43:15.257 [main] INFO  resources.base - User Have reached the Favorites after clicking on the Favorites Link from the footer of the page
11:43:48.912 [main] INFO  resources.base - User has clicked on the Track button from the header of the page
11:43:48.944 [main] INFO  resources.base - User have reached the Track page after clicking on the Track button from the header of the page
11:44:30.436 [main] INFO  resources.base - User has clicked on the order button from the header of the page
11:44:40.469 [main] INFO  resources.base - User have reached the Order page after clicking on the Order button from the header of the page
11:45:03.795 [main] INFO  resources.base - User has clicked on the Purchase Analysis button from the header of the page
11:45:04.003 [main] INFO  resources.base - User have reached the Purchase Analysis page after clicking on the Purchase Analysis button from the header of the page
11:45:04.247 [main] INFO  resources.base - User have clicked on email icon on purchase analysis Page
11:45:04.545 [main] INFO  resources.base - User have entered the email on email field at purchase analysis Page
11:45:04.773 [main] INFO  resources.base - User have click on Send button at email popup screen at purchase analysis Page
11:45:13.254 [main] INFO  resources.base - User has clicked on the Calendar button from the header of the page
11:45:13.274 [main] INFO  resources.base - User have reached the  Calendar page after clicking on the Calendar button from the header of the page
11:45:28.597 [main] INFO  resources.base - User have reached the expiration report after clicking on the report button from the Calendar page from monthly view tab
11:45:46.365 [main] INFO  resources.base - User have reached the expiration report after clicking on the report button from the Calendar page from Detail view tab
11:45:51.064 [main] INFO  resources.base - User has clicked on the Saved Report icon from the header of the page
11:45:51.105 [main] INFO  resources.base - User have reached the  Saved Report page after clicking on the Saved Report icon from the header of the page
11:45:55.400 [main] INFO  resources.base - user is searching printer using the search textbox
11:46:48.902 [main] INFO  resources.base - User Have Successfully reached the Compare page
16:14:26.787 [main] INFO  resources.base - User Have Successfully Login To The Home Page
16:14:34.746 [main] INFO  resources.base - User Have Successfully reached the favorites Page
16:14:56.182 [main] INFO  resources.base - user is searching printer using the search textbox
16:14:56.197 [main] INFO  resources.base - User Have Successfully reached the printer search listing page
16:14:56.255 [main] INFO  resources.base - Search result data is Appearing on the Search Result Page
16:15:07.872 [main] INFO  resources.base - User Have Successfully reached the PDP Page
16:15:39.539 [main] INFO  resources.base - Recently Viewed Page is Opened
16:15:43.099 [main] INFO  resources.base - User has clicked the Logo from the footer of the page
16:15:43.107 [main] INFO  resources.base - User Have reached the Home Page clicking on the footer Logo
16:15:46.625 [main] INFO  resources.base - User has clicked on the My Profile page from My Account dropdown
16:15:46.644 [main] INFO  resources.base - User has clicked on the My Profile page from My Account dropdown
16:15:50.675 [main] INFO  resources.base - User has clicked on the My Profile page from My Account dropdown
16:15:53.768 [main] INFO  resources.base - User has clicked the Logo from the header of the page
16:15:53.812 [main] INFO  resources.base - User Have reached the Home Page clicking on the Header Logo
16:15:59.684 [main] INFO  resources.base - User has clicked on the Standard Catalog Navigation button from header
16:15:59.723 [main] INFO  resources.base - User Have reached the Standard Catalog Page
16:16:16.744 [main] INFO  resources.base - User has clicked on the 1st Standard Product appearing and reached the PDP Page
16:16:25.307 [main] INFO  resources.base - User has clicked on the All Product Nevigation button from the header
16:16:25.317 [main] INFO  resources.base - User Have reached the All Product Page
16:16:55.217 [main] INFO  resources.base - User has clicked on Audio Cables Category From All Products Page
16:16:55.228 [main] INFO  resources.base - User Have reached the Audio Cables Category Page
16:17:13.463 [main] INFO  resources.base - User has clicked on Resouces link from the header
16:17:13.473 [main] INFO  resources.base - User Have reached the Resources Page
16:17:26.891 [main] INFO  resources.base - User has clicked on Special Offer Link from the header
16:17:26.905 [main] INFO  resources.base - User Have reached the Special Offer Page
16:17:38.120 [main] INFO  resources.base - User has clicked on Cart Icon from the header
16:17:38.137 [main] INFO  resources.base - User Have reached the Shopping Cart Page
16:19:10.197 [main] INFO  resources.base - element not visible
  (Session info: chrome=67.0.3396.87)
  (Driver info: chromedriver=2.36.540470 (e522d04694c7ebea4ba8821272dbef4f9b818c91),platform=Windows NT 10.0.16299 x86_64) (WARNING: The server did not provide any stacktrace information)
Command duration or timeout: 0 milliseconds
Build info: version: '3.8.1', revision: '6e95a6684b', time: '2017-12-01T18:33:54.468Z'
System info: host: 'DESKTOP-B75F35K', ip: '10.0.2.15', os.name: 'Windows 10', os.arch: 'amd64', os.version: '10.0', java.version: '1.8.0_171'
Driver info: org.openqa.selenium.chrome.ChromeDriver
Capabilities {acceptInsecureCerts: false, acceptSslCerts: false, applicationCacheEnabled: false, browserConnectionEnabled: false, browserName: chrome, chrome: {chromedriverVersion: 2.36.540470 (e522d04694c7eb..., userDataDir: C:\Users\bilaw\AppData\Loca...}, cssSelectorsEnabled: true, databaseEnabled: false, handlesAlerts: true, hasTouchScreen: false, javascriptEnabled: true, locationContextEnabled: true, mobileEmulationEnabled: false, nativeEvents: true, networkConnectionEnabled: false, pageLoadStrategy: normal, platform: XP, platformName: XP, rotatable: false, setWindowRect: true, takesHeapSnapshot: true, takesScreenshot: true, unexpectedAlertBehaviour: , unhandledPromptBehavior: , version: 67.0.3396.87, webStorageEnabled: true}
Session ID: bc5dcac4788efb98b7998db0ae1dc049
16:19:15.215 [main] ERROR resources.base - User have not reached the order confirmation page
16:19:15.216 [main] ERROR resources.base - expected [Order Confirmation - MarkITplace] but found [Checkout - MarkITplace]
16:19:31.741 [main] INFO  resources.base - User has clicked the Logo from the header of the page
16:19:41.751 [main] INFO  resources.base - User Have reached the Home Page clicking on the Header Logo
16:19:50.428 [main] INFO  resources.base - User has clicked the Logo from the footer of the page
16:19:50.434 [main] INFO  resources.base - User Have reached the Home Page clicking on the footer Logo
16:20:07.531 [main] INFO  resources.base - User has clicked on the Standard Catalog Link from the footer of the page
16:20:17.544 [main] INFO  resources.base - User Have reached the Standard Product page after clicking on the Standard Catalog Link from the footer of the page
16:20:28.937 [main] INFO  resources.base - User has clicked on the All product Link from the footer of the page
16:20:38.949 [main] INFO  resources.base - User Have reached the All Product page after clicking on the Standard Catalog Link from the footer of the page
16:20:51.842 [main] INFO  resources.base - User has clicked on the resources  Link from the footer of the page
16:21:01.862 [main] INFO  resources.base - User Have reached the resources page after clicking on the resources Link from the footer of the page
16:21:15.902 [main] INFO  resources.base - User has clicked on the Special offer Link from the footer of the page
16:21:25.919 [main] INFO  resources.base - User Have reached the Special offer after clicking on the Special offer Link from the footer of the page
16:21:34.542 [main] INFO  resources.base - User has clicked on the Special offer Link from the footer of the page
16:21:44.559 [main] INFO  resources.base - User Have reached the Favorites after clicking on the Favorites Link from the footer of the page
16:21:56.744 [main] INFO  resources.base - User has clicked on the Track button from the header of the page
16:21:56.799 [main] INFO  resources.base - User have reached the Track page after clicking on the Track button from the header of the page
16:22:12.715 [main] INFO  resources.base - User has clicked on the order button from the header of the page
16:22:22.732 [main] INFO  resources.base - User have reached the Order page after clicking on the Order button from the header of the page
16:22:46.704 [main] INFO  resources.base - User has clicked on the Purchase Analysis button from the header of the page
16:22:46.939 [main] INFO  resources.base - User have reached the Purchase Analysis page after clicking on the Purchase Analysis button from the header of the page
16:22:52.155 [main] INFO  resources.base - User have clicked on email icon on purchase analysis Page
16:22:52.364 [main] INFO  resources.base - User have entered the email on email field at purchase analysis Page
16:22:56.764 [main] INFO  resources.base - User have click on Send button at email popup screen at purchase analysis Page
16:23:03.631 [main] INFO  resources.base - User has clicked on the Calendar button from the header of the page
16:23:03.643 [main] INFO  resources.base - User have reached the  Calendar page after clicking on the Calendar button from the header of the page
16:23:22.343 [main] INFO  resources.base - User have reached the expiration report after clicking on the report button from the Calendar page from monthly view tab
16:23:41.161 [main] INFO  resources.base - User have reached the expiration report after clicking on the report button from the Calendar page from Detail view tab
16:23:48.713 [main] INFO  resources.base - User has clicked on the Saved Report icon from the header of the page
16:23:48.728 [main] INFO  resources.base - User have reached the  Saved Report page after clicking on the Saved Report icon from the header of the page
16:23:52.991 [main] INFO  resources.base - user is searching printer using the search textbox
16:24:28.799 [main] INFO  resources.base - User Have Successfully reached the Compare page
14:40:10.458 [main] INFO  resources.base - User Have Successfully Login To The Home Page
14:40:21.317 [main] INFO  resources.base - User Have Successfully reached the favorites Page
14:40:43.260 [main] INFO  resources.base - user is searching printer using the search textbox
14:40:43.280 [main] INFO  resources.base - User Have Successfully reached the printer search listing page
14:40:43.362 [main] INFO  resources.base - Search result data is Appearing on the Search Result Page
14:40:55.515 [main] INFO  resources.base - User Have Successfully reached the PDP Page
14:41:26.827 [main] INFO  resources.base - Recently Viewed Page is Opened
14:41:29.989 [main] INFO  resources.base - User has clicked the Logo from the footer of the page
14:41:30.013 [main] INFO  resources.base - User Have reached the Home Page clicking on the footer Logo
14:41:33.902 [main] INFO  resources.base - User has clicked on the My Profile page from My Account dropdown
14:41:33.966 [main] INFO  resources.base - User has clicked on the My Profile page from My Account dropdown
14:41:37.957 [main] INFO  resources.base - User has clicked on the My Profile page from My Account dropdown
14:41:40.605 [main] INFO  resources.base - User has clicked the Logo from the header of the page
14:41:40.694 [main] INFO  resources.base - User Have reached the Home Page clicking on the Header Logo
14:41:46.468 [main] INFO  resources.base - User has clicked on the Standard Catalog Navigation button from header
14:41:46.480 [main] INFO  resources.base - User Have reached the Standard Catalog Page
14:42:02.829 [main] INFO  resources.base - User has clicked on the 1st Standard Product appearing and reached the PDP Page
