21:01:03.191 [main] INFO  resources.base - User Have reached the Home Page clicking on the Header Logo
21:01:05.774 [main] INFO  resources.base - User has clicked the Logo from the footer of the page
21:01:05.807 [main] INFO  resources.base - User Have reached the Home Page clicking on the footer Logo
21:01:07.924 [main] INFO  resources.base - User has clicked on the Standard Catalog Link from the footer of the page
21:01:07.929 [main] INFO  resources.base - User Have reached the Standard Product page after clicking on the Standard Catalog Link from the footer of the page
21:01:09.776 [main] INFO  resources.base - User has clicked on the All product Link from the footer of the page
21:01:09.786 [main] INFO  resources.base - User Have reached the All Product page after clicking on the Standard Catalog Link from the footer of the page
21:01:14.961 [main] INFO  resources.base - User has clicked on the resources  Link from the footer of the page
21:01:14.968 [main] INFO  resources.base - User Have reached the resources page after clicking on the resources Link from the footer of the page
21:01:17.890 [main] INFO  resources.base - User has clicked on the Special offer Link from the footer of the page
21:01:17.897 [main] INFO  resources.base - User Have reached the Special offer after clicking on the Special offer Link from the footer of the page
21:01:20.263 [main] INFO  resources.base - User has clicked on the Special offer Link from the footer of the page
21:01:20.270 [main] INFO  resources.base - User Have reached the Favorites after clicking on the Favorites Link from the footer of the page
21:01:25.011 [main] INFO  resources.base - User has clicked on the Track button from the header of the page
21:01:25.170 [main] INFO  resources.base - User have reached the Track page after clicking on the Track button from the header of the page
21:01:29.548 [main] INFO  resources.base - User has clicked on the order button from the header of the page
21:01:29.560 [main] INFO  resources.base - User have reached the Order page after clicking on the Order button from the header of the page
21:01:38.036 [main] INFO  resources.base - User has clicked on the Purchase Analysis button from the header of the page
21:01:38.233 [main] INFO  resources.base - User have reached the Purchase Analysis page after clicking on the Purchase Analysis button from the header of the page
21:01:38.368 [main] INFO  resources.base - User have clicked on email icon on purchase analysis Page
21:01:38.735 [main] INFO  resources.base - User have entered the email on email field at purchase analysis Page
21:01:39.136 [main] INFO  resources.base - User have click on Send button at email popup screen at purchase analysis Page
21:01:44.219 [main] INFO  resources.base - User has clicked on the Calendar button from the header of the page
21:01:44.230 [main] INFO  resources.base - User have reached the  Calendar page after clicking on the Calendar button from the header of the page
21:01:52.054 [main] INFO  resources.base - User have reached the expiration report after clicking on the report button from the Calendar page from monthly view tab
21:02:00.149 [main] INFO  resources.base - User have reached the expiration report after clicking on the report button from the Calendar page from Detail view tab
21:02:12.499 [main] INFO  resources.base - User has clicked on the Assets report from Report tab
21:02:12.521 [main] INFO  resources.base - User have reached the assets report after clicking on asset link from report tab
21:02:21.171 [main] INFO  resources.base - User has clicked on the Days To Ship report from Report tab
21:02:21.182 [main] INFO  resources.base - User have reached the Days To Ship report after clicking on Days To Ship link from report tab
21:02:29.754 [main] INFO  resources.base - User has clicked on the Expiration report from Report tab
21:02:29.772 [main] INFO  resources.base - User have reached the Expiration report after clicking on Expiration link from report tab
21:02:37.369 [main] INFO  resources.base - User has clicked on the Inventory report from Report tab
21:02:37.382 [main] INFO  resources.base - User have reached the Inventory report after clicking on Inventory link from report tab
21:02:45.872 [main] INFO  resources.base - User has clicked on the Invoices report from Report tab
21:02:45.893 [main] INFO  resources.base - User have reached the Invoices report after clicking on Invoices link from report tab
21:02:54.524 [main] INFO  resources.base - User has clicked on the Invoice Line report from Report tab
21:02:54.530 [main] INFO  resources.base - User have reached the Invoice Line report after clicking on Invoice Line link from report tab
21:03:02.220 [main] INFO  resources.base - User has clicked on the Licenses report from Report tab
21:03:02.237 [main] INFO  resources.base - User have reached the Licenses report after clicking on Licenses link from report tab
21:03:13.395 [main] INFO  resources.base - User has clicked on the Orders report from Report tab
21:03:13.410 [main] INFO  resources.base - User have reached the Orders report after clicking on Orders link from report tab
21:03:21.229 [main] INFO  resources.base - User has clicked on the Order Line report from Report tab
21:03:21.254 [main] INFO  resources.base - User have reached the Order Line report after clicking on Order Line link from report tab
21:03:28.446 [main] INFO  resources.base - User has clicked on the PARs report from Report tab
21:03:28.469 [main] INFO  resources.base - User have reached the PARs report after clicking on PARs link from report tab
21:03:36.080 [main] INFO  resources.base - User has clicked on the Quotes report from Report tab
21:03:36.093 [main] INFO  resources.base - User have reached the Quotes report after clicking on Quotes link from report tab
21:03:44.883 [main] INFO  resources.base - User has clicked on the Receiving Log report from Report tab
21:03:44.897 [main] INFO  resources.base - User have reached the Receiving Log report after clicking on Receiving Log link from report tab
21:03:52.934 [main] INFO  resources.base - User has clicked on the Shipments report from Report tab
21:03:52.944 [main] INFO  resources.base - User have reached the Shipments report after clicking on Shipments link from report tab
21:04:00.163 [main] INFO  resources.base - User has clicked on the Shipments report from Report tab
21:04:00.174 [main] INFO  resources.base - User have reached the Standards report after clicking on Standards link from report tab
21:04:07.575 [main] INFO  resources.base - User has clicked on the Warranties report from Report tab
21:04:07.584 [main] INFO  resources.base - User have reached the Warranties report after clicking on Warranties link from report tab
21:04:12.991 [main] INFO  resources.base - User has clicked on the Saved Report icon from the header of the page
21:04:13.000 [main] INFO  resources.base - User have reached the  Saved Report page after clicking on the Saved Report icon from the header of the page
21:04:16.247 [main] INFO  resources.base - user is searching printer using the search textbox
21:04:40.280 [main] INFO  resources.base - User Have Successfully reached the Compare page
21:16:02.250 [main] INFO  resources.base - User Have Successfully Login To The Home Page
21:16:05.645 [main] INFO  resources.base - User Have Successfully reached the favorites Page
21:16:25.889 [main] ERROR resources.base - Favorite page not Open
21:16:25.890 [main] ERROR resources.base - no such element: Unable to locate element: {"method":"xpath","selector":"(//a[@class='btn'])[2]"}
  (Session info: chrome=65.0.3325.181)
  (Driver info: chromedriver=2.36.540470 (e522d04694c7ebea4ba8821272dbef4f9b818c91),platform=Windows NT 10.0.16299 x86_64) (WARNING: The server did not provide any stacktrace information)
Command duration or timeout: 0 milliseconds
For documentation on this error, please visit: http://seleniumhq.org/exceptions/no_such_element.html
Build info: version: '3.8.1', revision: '6e95a6684b', time: '2017-12-01T18:33:54.468Z'
System info: host: 'DESKTOP-GAH683G', ip: '10.0.2.15', os.name: 'Windows 10', os.arch: 'amd64', os.version: '10.0', java.version: '9.0.1'
Driver info: org.openqa.selenium.chrome.ChromeDriver
Capabilities {acceptInsecureCerts: false, acceptSslCerts: false, applicationCacheEnabled: false, browserConnectionEnabled: false, browserName: chrome, chrome: {chromedriverVersion: 2.36.540470 (e522d04694c7eb..., userDataDir: C:\Windows\TEMP\scoped_dir4...}, cssSelectorsEnabled: true, databaseEnabled: false, handlesAlerts: true, hasTouchScreen: false, javascriptEnabled: true, locationContextEnabled: true, mobileEmulationEnabled: false, nativeEvents: true, networkConnectionEnabled: false, pageLoadStrategy: normal, platform: XP, platformName: XP, rotatable: false, setWindowRect: true, takesHeapSnapshot: true, takesScreenshot: true, unexpectedAlertBehaviour: , unhandledPromptBehavior: , version: 65.0.3325.181, webStorageEnabled: true}
Session ID: 26d2244a8916de2979815f9c5198ffcd
*** Element info: {Using=xpath, value=(//a[@class='btn'])[2]}
21:16:31.942 [main] INFO  resources.base - user is searching printer using the search textbox
21:16:31.951 [main] INFO  resources.base - User Have Successfully reached the printer search listing page
21:16:31.999 [main] INFO  resources.base - Search result data is Appearing on the Search Result Page
21:16:32.207 [main] INFO  resources.base - User has clicked on Add to Cart on First Searched Product
21:17:00.803 [main] INFO  resources.base - User Have Successfully reached the PDP Page
21:17:04.916 [main] INFO  resources.base - Recently Viewed Page is Opened
21:17:06.742 [main] INFO  resources.base - User has clicked the Logo from the footer of the page
21:17:06.750 [main] INFO  resources.base - User Have reached the Home Page clicking on the footer Logo
21:17:10.331 [main] INFO  resources.base - User has clicked on the My Profile page from My Account dropdown
21:17:10.337 [main] INFO  resources.base - User has clicked on the My Profile page from My Account dropdown
21:17:13.793 [main] INFO  resources.base - User has clicked on the My Profile page from My Account dropdown
21:17:15.556 [main] INFO  resources.base - User has clicked the Logo from the header of the page
21:17:15.564 [main] INFO  resources.base - User Have reached the Home Page clicking on the Header Logo
21:17:17.894 [main] INFO  resources.base - User has clicked on the Standard Catalog Navigation button from header
21:17:17.907 [main] INFO  resources.base - User Have reached the Standard Catalog Page
21:17:31.740 [main] INFO  resources.base - User has clicked on the 1st Standard Product appearing and reached the PDP Page
21:17:43.157 [main] INFO  resources.base - User has clicked on the All Product Nevigation button from the header
21:17:43.168 [main] INFO  resources.base - User Have reached the All Product Page
21:18:03.799 [main] INFO  resources.base - User has clicked on Audio Cables Category From All Products Page
21:18:03.813 [main] INFO  resources.base - User Have reached the Audio Cables Category Page
21:18:12.020 [main] INFO  resources.base - User has clicked on Resouces link from the header
21:18:12.029 [main] INFO  resources.base - User Have reached the Resources Page
21:18:19.518 [main] INFO  resources.base - User has clicked on Special Offer Link from the header
21:18:19.526 [main] INFO  resources.base - User Have reached the Special Offer Page
21:18:24.339 [main] INFO  resources.base - User has clicked on Cart Icon from the header
21:18:24.348 [main] INFO  resources.base - User Have reached the Shopping Cart Page
21:19:36.132 [main] INFO  resources.base - element not visible
  (Session info: chrome=65.0.3325.181)
  (Driver info: chromedriver=2.36.540470 (e522d04694c7ebea4ba8821272dbef4f9b818c91),platform=Windows NT 10.0.16299 x86_64) (WARNING: The server did not provide any stacktrace information)
Command duration or timeout: 0 milliseconds
Build info: version: '3.8.1', revision: '6e95a6684b', time: '2017-12-01T18:33:54.468Z'
System info: host: 'DESKTOP-GAH683G', ip: '10.0.2.15', os.name: 'Windows 10', os.arch: 'amd64', os.version: '10.0', java.version: '9.0.1'
Driver info: org.openqa.selenium.chrome.ChromeDriver
Capabilities {acceptInsecureCerts: false, acceptSslCerts: false, applicationCacheEnabled: false, browserConnectionEnabled: false, browserName: chrome, chrome: {chromedriverVersion: 2.36.540470 (e522d04694c7eb..., userDataDir: C:\Windows\TEMP\scoped_dir4...}, cssSelectorsEnabled: true, databaseEnabled: false, handlesAlerts: true, hasTouchScreen: false, javascriptEnabled: true, locationContextEnabled: true, mobileEmulationEnabled: false, nativeEvents: true, networkConnectionEnabled: false, pageLoadStrategy: normal, platform: XP, platformName: XP, rotatable: false, setWindowRect: true, takesHeapSnapshot: true, takesScreenshot: true, unexpectedAlertBehaviour: , unhandledPromptBehavior: , version: 65.0.3325.181, webStorageEnabled: true}
Session ID: 26d2244a8916de2979815f9c5198ffcd
21:19:41.140 [main] INFO  resources.base - User Have reached the order confirmation page after placing the order
21:19:48.697 [main] INFO  resources.base - User has clicked the Logo from the header of the page
21:19:58.714 [main] INFO  resources.base - User Have reached the Home Page clicking on the Header Logo
21:20:01.008 [main] INFO  resources.base - User has clicked the Logo from the footer of the page
21:20:01.023 [main] INFO  resources.base - User Have reached the Home Page clicking on the footer Logo
21:20:03.255 [main] INFO  resources.base - User has clicked on the Standard Catalog Link from the footer of the page
21:20:03.266 [main] INFO  resources.base - User Have reached the Standard Product page after clicking on the Standard Catalog Link from the footer of the page
21:20:05.156 [main] INFO  resources.base - User has clicked on the All product Link from the footer of the page
21:20:05.169 [main] INFO  resources.base - User Have reached the All Product page after clicking on the Standard Catalog Link from the footer of the page
21:20:11.363 [main] INFO  resources.base - User has clicked on the resources  Link from the footer of the page
21:20:11.367 [main] INFO  resources.base - User Have reached the resources page after clicking on the resources Link from the footer of the page
21:20:14.458 [main] INFO  resources.base - User has clicked on the Special offer Link from the footer of the page
21:20:14.498 [main] INFO  resources.base - User Have reached the Special offer after clicking on the Special offer Link from the footer of the page
21:20:16.209 [main] INFO  resources.base - User has clicked on the Special offer Link from the footer of the page
21:20:16.246 [main] INFO  resources.base - User Have reached the Favorites after clicking on the Favorites Link from the footer of the page
21:20:21.414 [main] INFO  resources.base - User has clicked on the Track button from the header of the page
21:20:21.599 [main] INFO  resources.base - User have reached the Track page after clicking on the Track button from the header of the page
21:20:25.687 [main] INFO  resources.base - User has clicked on the order button from the header of the page
21:20:25.717 [main] INFO  resources.base - User have reached the Order page after clicking on the Order button from the header of the page
21:20:34.398 [main] INFO  resources.base - User has clicked on the Purchase Analysis button from the header of the page
21:20:34.590 [main] INFO  resources.base - User have reached the Purchase Analysis page after clicking on the Purchase Analysis button from the header of the page
21:20:34.770 [main] INFO  resources.base - User have clicked on email icon on purchase analysis Page
21:20:35.048 [main] INFO  resources.base - User have entered the email on email field at purchase analysis Page
21:20:35.349 [main] INFO  resources.base - User have click on Send button at email popup screen at purchase analysis Page
21:20:39.912 [main] INFO  resources.base - User has clicked on the Calendar button from the header of the page
21:20:39.919 [main] INFO  resources.base - User have reached the  Calendar page after clicking on the Calendar button from the header of the page
21:20:47.856 [main] INFO  resources.base - User have reached the expiration report after clicking on the report button from the Calendar page from monthly view tab
21:20:55.850 [main] INFO  resources.base - User have reached the expiration report after clicking on the report button from the Calendar page from Detail view tab
21:21:07.819 [main] INFO  resources.base - User has clicked on the Assets report from Report tab
21:21:07.840 [main] INFO  resources.base - User have reached the assets report after clicking on asset link from report tab
21:21:16.334 [main] INFO  resources.base - User has clicked on the Days To Ship report from Report tab
21:21:16.346 [main] INFO  resources.base - User have reached the Days To Ship report after clicking on Days To Ship link from report tab
21:21:25.357 [main] INFO  resources.base - User has clicked on the Expiration report from Report tab
21:21:25.371 [main] INFO  resources.base - User have reached the Expiration report after clicking on Expiration link from report tab
21:21:33.293 [main] INFO  resources.base - User has clicked on the Inventory report from Report tab
21:21:33.324 [main] INFO  resources.base - User have reached the Inventory report after clicking on Inventory link from report tab
21:21:41.867 [main] INFO  resources.base - User has clicked on the Invoices report from Report tab
21:21:41.879 [main] INFO  resources.base - User have reached the Invoices report after clicking on Invoices link from report tab
21:21:49.576 [main] INFO  resources.base - User has clicked on the Invoice Line report from Report tab
21:21:49.586 [main] INFO  resources.base - User have reached the Invoice Line report after clicking on Invoice Line link from report tab
21:21:58.227 [main] INFO  resources.base - User has clicked on the Licenses report from Report tab
21:21:58.233 [main] INFO  resources.base - User have reached the Licenses report after clicking on Licenses link from report tab
21:22:09.551 [main] INFO  resources.base - User has clicked on the Orders report from Report tab
21:22:09.570 [main] INFO  resources.base - User have reached the Orders report after clicking on Orders link from report tab
21:22:17.616 [main] INFO  resources.base - User has clicked on the Order Line report from Report tab
21:22:17.638 [main] INFO  resources.base - User have reached the Order Line report after clicking on Order Line link from report tab
21:22:25.004 [main] INFO  resources.base - User has clicked on the PARs report from Report tab
21:22:25.015 [main] INFO  resources.base - User have reached the PARs report after clicking on PARs link from report tab
21:22:32.557 [main] INFO  resources.base - User has clicked on the Quotes report from Report tab
21:22:32.571 [main] INFO  resources.base - User have reached the Quotes report after clicking on Quotes link from report tab
21:22:40.916 [main] INFO  resources.base - User has clicked on the Receiving Log report from Report tab
21:22:40.941 [main] INFO  resources.base - User have reached the Receiving Log report after clicking on Receiving Log link from report tab
21:22:48.863 [main] INFO  resources.base - User has clicked on the Shipments report from Report tab
21:22:48.869 [main] INFO  resources.base - User have reached the Shipments report after clicking on Shipments link from report tab
21:22:55.866 [main] INFO  resources.base - User has clicked on the Shipments report from Report tab
21:22:55.882 [main] INFO  resources.base - User have reached the Standards report after clicking on Standards link from report tab
21:23:03.378 [main] INFO  resources.base - User has clicked on the Warranties report from Report tab
21:23:03.404 [main] INFO  resources.base - User have reached the Warranties report after clicking on Warranties link from report tab
21:23:07.831 [main] INFO  resources.base - User has clicked on the Saved Report icon from the header of the page
21:23:07.851 [main] INFO  resources.base - User have reached the  Saved Report page after clicking on the Saved Report icon from the header of the page
21:23:10.622 [main] INFO  resources.base - user is searching printer using the search textbox
21:23:33.343 [main] INFO  resources.base - User Have Successfully reached the Compare page
06:02:43.436 [main] INFO  resources.base - User Have Successfully Login To The Home Page
06:02:49.924 [main] INFO  resources.base - User Have Successfully reached the favorites Page
06:03:10.074 [main] ERROR resources.base - Favorite page not Open
06:03:10.074 [main] ERROR resources.base - no such element: Unable to locate element: {"method":"xpath","selector":"(//a[@class='btn'])[2]"}
  (Session info: chrome=65.0.3325.181)
  (Driver info: chromedriver=2.36.540470 (e522d04694c7ebea4ba8821272dbef4f9b818c91),platform=Windows NT 10.0.16299 x86_64) (WARNING: The server did not provide any stacktrace information)
Command duration or timeout: 0 milliseconds
For documentation on this error, please visit: http://seleniumhq.org/exceptions/no_such_element.html
Build info: version: '3.8.1', revision: '6e95a6684b', time: '2017-12-01T18:33:54.468Z'
System info: host: 'DESKTOP-GAH683G', ip: '10.0.2.15', os.name: 'Windows 10', os.arch: 'amd64', os.version: '10.0', java.version: '9.0.1'
Driver info: org.openqa.selenium.chrome.ChromeDriver
Capabilities {acceptInsecureCerts: false, acceptSslCerts: false, applicationCacheEnabled: false, browserConnectionEnabled: false, browserName: chrome, chrome: {chromedriverVersion: 2.36.540470 (e522d04694c7eb..., userDataDir: C:\Windows\TEMP\scoped_dir1...}, cssSelectorsEnabled: true, databaseEnabled: false, handlesAlerts: true, hasTouchScreen: false, javascriptEnabled: true, locationContextEnabled: true, mobileEmulationEnabled: false, nativeEvents: true, networkConnectionEnabled: false, pageLoadStrategy: normal, platform: XP, platformName: XP, rotatable: false, setWindowRect: true, takesHeapSnapshot: true, takesScreenshot: true, unexpectedAlertBehaviour: , unhandledPromptBehavior: , version: 65.0.3325.181, webStorageEnabled: true}
Session ID: 09c3550ec8684682c90fd96826ae5c26
*** Element info: {Using=xpath, value=(//a[@class='btn'])[2]}
06:03:29.418 [main] INFO  resources.base - user is searching printer using the search textbox
06:03:29.442 [main] INFO  resources.base - User Have Successfully reached the printer search listing page
06:03:29.495 [main] INFO  resources.base - Search result data is Appearing on the Search Result Page
06:03:33.559 [main] INFO  resources.base - User has clicked on Add to Cart on First Searched Product
06:03:41.383 [main] INFO  resources.base - Product 1 is successfully added to Cart
06:03:41.477 [main] INFO  resources.base - User has closed the Add to Cart Modal after adding 1st product to cart
06:03:54.168 [main] INFO  resources.base - User Have Successfully reached the PDP Page
06:03:59.890 [main] INFO  resources.base - Recently Viewed Page is Opened
06:04:02.188 [main] INFO  resources.base - User has clicked the Logo from the footer of the page
06:04:02.250 [main] INFO  resources.base - User Have reached the Home Page clicking on the footer Logo
06:04:05.750 [main] INFO  resources.base - User has clicked on the My Profile page from My Account dropdown
06:04:05.759 [main] INFO  resources.base - User has clicked on the My Profile page from My Account dropdown
06:04:09.371 [main] INFO  resources.base - User has clicked on the My Profile page from My Account dropdown
06:04:11.469 [main] INFO  resources.base - User has clicked the Logo from the header of the page
06:04:11.501 [main] INFO  resources.base - User Have reached the Home Page clicking on the Header Logo
06:04:17.897 [main] INFO  resources.base - User has clicked on the Standard Catalog Navigation button from header
06:04:17.906 [main] INFO  resources.base - User Have reached the Standard Catalog Page
06:04:31.795 [main] INFO  resources.base - User has clicked on the 1st Standard Product appearing and reached the PDP Page
06:04:44.596 [main] INFO  resources.base - User has clicked on the All Product Nevigation button from the header
06:04:44.603 [main] INFO  resources.base - User Have reached the All Product Page
06:05:08.296 [main] INFO  resources.base - User has clicked on Audio Cables Category From All Products Page
06:05:08.302 [main] INFO  resources.base - User Have reached the Audio Cables Category Page
06:05:19.502 [main] INFO  resources.base - User has clicked on Resouces link from the header
06:05:19.510 [main] INFO  resources.base - User Have reached the Resources Page
06:05:29.096 [main] INFO  resources.base - User has clicked on Special Offer Link from the header
06:05:29.114 [main] INFO  resources.base - User Have reached the Special Offer Page
06:05:34.640 [main] INFO  resources.base - User has clicked on Cart Icon from the header
06:05:34.647 [main] INFO  resources.base - User Have reached the Shopping Cart Page
06:05:37.799 [main] INFO  resources.base - User has clicked on remove link for the 1st product
06:05:42.870 [main] INFO  resources.base - User Have successfull removed the first product
06:06:46.930 [main] INFO  resources.base - element not visible
  (Session info: chrome=65.0.3325.181)
  (Driver info: chromedriver=2.36.540470 (e522d04694c7ebea4ba8821272dbef4f9b818c91),platform=Windows NT 10.0.16299 x86_64) (WARNING: The server did not provide any stacktrace information)
Command duration or timeout: 0 milliseconds
Build info: version: '3.8.1', revision: '6e95a6684b', time: '2017-12-01T18:33:54.468Z'
System info: host: 'DESKTOP-GAH683G', ip: '10.0.2.15', os.name: 'Windows 10', os.arch: 'amd64', os.version: '10.0', java.version: '9.0.1'
Driver info: org.openqa.selenium.chrome.ChromeDriver
Capabilities {acceptInsecureCerts: false, acceptSslCerts: false, applicationCacheEnabled: false, browserConnectionEnabled: false, browserName: chrome, chrome: {chromedriverVersion: 2.36.540470 (e522d04694c7eb..., userDataDir: C:\Windows\TEMP\scoped_dir1...}, cssSelectorsEnabled: true, databaseEnabled: false, handlesAlerts: true, hasTouchScreen: false, javascriptEnabled: true, locationContextEnabled: true, mobileEmulationEnabled: false, nativeEvents: true, networkConnectionEnabled: false, pageLoadStrategy: normal, platform: XP, platformName: XP, rotatable: false, setWindowRect: true, takesHeapSnapshot: true, takesScreenshot: true, unexpectedAlertBehaviour: , unhandledPromptBehavior: , version: 65.0.3325.181, webStorageEnabled: true}
Session ID: 09c3550ec8684682c90fd96826ae5c26
06:06:51.949 [main] INFO  resources.base - User Have reached the order confirmation page after placing the order
06:06:59.479 [main] INFO  resources.base - User has clicked the Logo from the header of the page
06:07:09.493 [main] INFO  resources.base - User Have reached the Home Page clicking on the Header Logo
06:07:11.936 [main] INFO  resources.base - User has clicked the Logo from the footer of the page
06:07:11.943 [main] INFO  resources.base - User Have reached the Home Page clicking on the footer Logo
06:07:14.111 [main] INFO  resources.base - User has clicked on the Standard Catalog Link from the footer of the page
06:07:14.118 [main] INFO  resources.base - User Have reached the Standard Product page after clicking on the Standard Catalog Link from the footer of the page
06:07:16.015 [main] INFO  resources.base - User has clicked on the All product Link from the footer of the page
06:07:16.022 [main] INFO  resources.base - User Have reached the All Product page after clicking on the Standard Catalog Link from the footer of the page
06:07:22.121 [main] INFO  resources.base - User has clicked on the resources  Link from the footer of the page
06:07:22.128 [main] INFO  resources.base - User Have reached the resources page after clicking on the resources Link from the footer of the page
06:07:25.004 [main] INFO  resources.base - User has clicked on the Special offer Link from the footer of the page
06:07:25.008 [main] INFO  resources.base - User Have reached the Special offer after clicking on the Special offer Link from the footer of the page
06:07:26.870 [main] INFO  resources.base - User has clicked on the Special offer Link from the footer of the page
06:07:26.882 [main] INFO  resources.base - User Have reached the Favorites after clicking on the Favorites Link from the footer of the page
06:07:41.661 [main] INFO  resources.base - User has clicked on the Track button from the header of the page
06:07:41.807 [main] INFO  resources.base - User have reached the Track page after clicking on the Track button from the header of the page
06:07:48.052 [main] INFO  resources.base - User has clicked on the order button from the header of the page
06:07:48.058 [main] INFO  resources.base - User have reached the Order page after clicking on the Order button from the header of the page
06:08:15.142 [main] INFO  resources.base - User has clicked on the Purchase Analysis button from the header of the page
06:08:15.328 [main] INFO  resources.base - User have reached the Purchase Analysis page after clicking on the Purchase Analysis button from the header of the page
06:08:15.455 [main] INFO  resources.base - User have clicked on email icon on purchase analysis Page
06:08:15.748 [main] INFO  resources.base - User have entered the email on email field at purchase analysis Page
06:08:15.977 [main] INFO  resources.base - User have click on Send button at email popup screen at purchase analysis Page
06:08:28.081 [main] INFO  resources.base - User has clicked on the Calendar button from the header of the page
06:08:28.094 [main] INFO  resources.base - User have reached the  Calendar page after clicking on the Calendar button from the header of the page
06:09:00.634 [main] INFO  resources.base - User have reached the expiration report after clicking on the report button from the Calendar page from monthly view tab
06:09:28.057 [main] INFO  resources.base - User have reached the expiration report after clicking on the report button from the Calendar page from Detail view tab
06:09:51.707 [main] INFO  resources.base - User has clicked on the Assets report from Report tab
06:09:51.719 [main] INFO  resources.base - User have reached the assets report after clicking on asset link from report tab
06:10:07.162 [main] INFO  resources.base - User has clicked on the Days To Ship report from Report tab
06:10:07.180 [main] INFO  resources.base - User have reached the Days To Ship report after clicking on Days To Ship link from report tab
06:10:19.141 [main] INFO  resources.base - User has clicked on the Expiration report from Report tab
06:10:19.156 [main] INFO  resources.base - User have reached the Expiration report after clicking on Expiration link from report tab
06:10:31.637 [main] INFO  resources.base - User has clicked on the Inventory report from Report tab
06:10:31.664 [main] INFO  resources.base - User have reached the Inventory report after clicking on Inventory link from report tab
06:10:43.646 [main] INFO  resources.base - User has clicked on the Invoices report from Report tab
06:10:43.657 [main] INFO  resources.base - User have reached the Invoices report after clicking on Invoices link from report tab
06:11:14.601 [main] INFO  resources.base - User has clicked on the Invoice Line report from Report tab
06:11:14.612 [main] INFO  resources.base - User have reached the Invoice Line report after clicking on Invoice Line link from report tab
06:11:26.527 [main] INFO  resources.base - User has clicked on the Licenses report from Report tab
06:11:26.546 [main] INFO  resources.base - User have reached the Licenses report after clicking on Licenses link from report tab
06:11:38.365 [main] INFO  resources.base - User has clicked on the Orders report from Report tab
06:11:38.379 [main] INFO  resources.base - User have reached the Orders report after clicking on Orders link from report tab
06:11:49.635 [main] INFO  resources.base - User has clicked on the Order Line report from Report tab
06:11:49.647 [main] INFO  resources.base - User have reached the Order Line report after clicking on Order Line link from report tab
06:11:59.994 [main] INFO  resources.base - User has clicked on the PARs report from Report tab
06:12:00.010 [main] INFO  resources.base - User have reached the PARs report after clicking on PARs link from report tab
06:12:11.141 [main] INFO  resources.base - User has clicked on the Quotes report from Report tab
06:12:11.152 [main] INFO  resources.base - User have reached the Quotes report after clicking on Quotes link from report tab
06:12:20.407 [main] INFO  resources.base - User has clicked on the Receiving Log report from Report tab
06:12:20.411 [main] INFO  resources.base - User have reached the Receiving Log report after clicking on Receiving Log link from report tab
06:12:38.456 [main] INFO  resources.base - User has clicked on the Shipments report from Report tab
06:12:38.463 [main] INFO  resources.base - User have reached the Shipments report after clicking on Shipments link from report tab
06:12:49.037 [main] INFO  resources.base - User has clicked on the Shipments report from Report tab
06:12:49.044 [main] INFO  resources.base - User have reached the Standards report after clicking on Standards link from report tab
06:12:58.231 [main] INFO  resources.base - User has clicked on the Warranties report from Report tab
06:12:58.238 [main] INFO  resources.base - User have reached the Warranties report after clicking on Warranties link from report tab
06:13:03.912 [main] INFO  resources.base - User has clicked on the Saved Report icon from the header of the page
06:13:03.926 [main] INFO  resources.base - User have reached the  Saved Report page after clicking on the Saved Report icon from the header of the page
06:13:07.263 [main] INFO  resources.base - user is searching printer using the search textbox
06:13:35.329 [main] INFO  resources.base - User Have Successfully reached the Compare page
06:25:39.629 [main] INFO  resources.base - User Have Successfully Login To The Home Page
06:25:47.794 [main] INFO  resources.base - User Have Successfully reached the favorites Page
06:26:07.948 [main] ERROR resources.base - Favorite page not Open
06:26:07.949 [main] ERROR resources.base - no such element: Unable to locate element: {"method":"xpath","selector":"(//a[@class='btn'])[2]"}
  (Session info: chrome=65.0.3325.181)
  (Driver info: chromedriver=2.36.540470 (e522d04694c7ebea4ba8821272dbef4f9b818c91),platform=Windows NT 10.0.16299 x86_64) (WARNING: The server did not provide any stacktrace information)
Command duration or timeout: 0 milliseconds
For documentation on this error, please visit: http://seleniumhq.org/exceptions/no_such_element.html
Build info: version: '3.8.1', revision: '6e95a6684b', time: '2017-12-01T18:33:54.468Z'
System info: host: 'DESKTOP-GAH683G', ip: '10.0.2.15', os.name: 'Windows 10', os.arch: 'amd64', os.version: '10.0', java.version: '9.0.1'
Driver info: org.openqa.selenium.chrome.ChromeDriver
Capabilities {acceptInsecureCerts: false, acceptSslCerts: false, applicationCacheEnabled: false, browserConnectionEnabled: false, browserName: chrome, chrome: {chromedriverVersion: 2.36.540470 (e522d04694c7eb..., userDataDir: C:\Windows\TEMP\scoped_dir1...}, cssSelectorsEnabled: true, databaseEnabled: false, handlesAlerts: true, hasTouchScreen: false, javascriptEnabled: true, locationContextEnabled: true, mobileEmulationEnabled: false, nativeEvents: true, networkConnectionEnabled: false, pageLoadStrategy: normal, platform: XP, platformName: XP, rotatable: false, setWindowRect: true, takesHeapSnapshot: true, takesScreenshot: true, unexpectedAlertBehaviour: , unhandledPromptBehavior: , version: 65.0.3325.181, webStorageEnabled: true}
Session ID: 0dd7ba402148fdb7cc4d2153d7229b5d
*** Element info: {Using=xpath, value=(//a[@class='btn'])[2]}
06:26:24.962 [main] INFO  resources.base - user is searching printer using the search textbox
06:26:24.982 [main] INFO  resources.base - User Have Successfully reached the printer search listing page
06:26:25.043 [main] INFO  resources.base - Search result data is Appearing on the Search Result Page
06:26:30.426 [main] INFO  resources.base - User has clicked on Add to Cart on First Searched Product
06:26:38.797 [main] INFO  resources.base - Product 1 is successfully added to Cart
06:26:38.890 [main] INFO  resources.base - User has closed the Add to Cart Modal after adding 1st product to cart
06:26:52.353 [main] INFO  resources.base - User Have Successfully reached the PDP Page
06:26:57.063 [main] INFO  resources.base - Recently Viewed Page is Opened
06:26:59.354 [main] INFO  resources.base - User has clicked the Logo from the footer of the page
06:26:59.410 [main] INFO  resources.base - User Have reached the Home Page clicking on the footer Logo
06:27:03.190 [main] INFO  resources.base - User has clicked on the My Profile page from My Account dropdown
06:27:03.205 [main] INFO  resources.base - User has clicked on the My Profile page from My Account dropdown
06:27:06.818 [main] INFO  resources.base - User has clicked on the My Profile page from My Account dropdown
06:27:08.802 [main] INFO  resources.base - User has clicked the Logo from the header of the page
06:27:08.812 [main] INFO  resources.base - User Have reached the Home Page clicking on the Header Logo
06:27:11.770 [main] INFO  resources.base - User has clicked on the Standard Catalog Navigation button from header
06:27:11.775 [main] INFO  resources.base - User Have reached the Standard Catalog Page
06:27:25.965 [main] INFO  resources.base - User has clicked on the 1st Standard Product appearing and reached the PDP Page
06:27:40.341 [main] INFO  resources.base - User has clicked on the All Product Nevigation button from the header
06:27:40.349 [main] INFO  resources.base - User Have reached the All Product Page
06:28:07.327 [main] INFO  resources.base - User has clicked on Audio Cables Category From All Products Page
06:28:07.335 [main] INFO  resources.base - User Have reached the Audio Cables Category Page
06:28:18.830 [main] INFO  resources.base - User has clicked on Resouces link from the header
06:28:18.840 [main] INFO  resources.base - User Have reached the Resources Page
06:28:26.721 [main] INFO  resources.base - User has clicked on Special Offer Link from the header
06:28:26.726 [main] INFO  resources.base - User Have reached the Special Offer Page
06:28:32.158 [main] INFO  resources.base - User has clicked on Cart Icon from the header
06:28:32.169 [main] INFO  resources.base - User Have reached the Shopping Cart Page
06:28:35.323 [main] INFO  resources.base - User has clicked on remove link for the 1st product
06:28:40.449 [main] INFO  resources.base - User Have successfull removed the first product
06:29:40.645 [main] INFO  resources.base - element not visible
  (Session info: chrome=65.0.3325.181)
  (Driver info: chromedriver=2.36.540470 (e522d04694c7ebea4ba8821272dbef4f9b818c91),platform=Windows NT 10.0.16299 x86_64) (WARNING: The server did not provide any stacktrace information)
Command duration or timeout: 0 milliseconds
Build info: version: '3.8.1', revision: '6e95a6684b', time: '2017-12-01T18:33:54.468Z'
System info: host: 'DESKTOP-GAH683G', ip: '10.0.2.15', os.name: 'Windows 10', os.arch: 'amd64', os.version: '10.0', java.version: '9.0.1'
Driver info: org.openqa.selenium.chrome.ChromeDriver
Capabilities {acceptInsecureCerts: false, acceptSslCerts: false, applicationCacheEnabled: false, browserConnectionEnabled: false, browserName: chrome, chrome: {chromedriverVersion: 2.36.540470 (e522d04694c7eb..., userDataDir: C:\Windows\TEMP\scoped_dir1...}, cssSelectorsEnabled: true, databaseEnabled: false, handlesAlerts: true, hasTouchScreen: false, javascriptEnabled: true, locationContextEnabled: true, mobileEmulationEnabled: false, nativeEvents: true, networkConnectionEnabled: false, pageLoadStrategy: normal, platform: XP, platformName: XP, rotatable: false, setWindowRect: true, takesHeapSnapshot: true, takesScreenshot: true, unexpectedAlertBehaviour: , unhandledPromptBehavior: , version: 65.0.3325.181, webStorageEnabled: true}
Session ID: 0dd7ba402148fdb7cc4d2153d7229b5d
06:29:45.669 [main] INFO  resources.base - User Have reached the order confirmation page after placing the order
06:29:58.749 [main] INFO  resources.base - User has clicked the Logo from the header of the page
06:30:08.795 [main] INFO  resources.base - User Have reached the Home Page clicking on the Header Logo
06:30:11.483 [main] INFO  resources.base - User has clicked the Logo from the footer of the page
06:30:11.516 [main] INFO  resources.base - User Have reached the Home Page clicking on the footer Logo
06:30:14.118 [main] INFO  resources.base - User has clicked on the Standard Catalog Link from the footer of the page
06:30:14.133 [main] INFO  resources.base - User Have reached the Standard Product page after clicking on the Standard Catalog Link from the footer of the page
06:30:16.691 [main] INFO  resources.base - User has clicked on the All product Link from the footer of the page
06:30:16.701 [main] INFO  resources.base - User Have reached the All Product page after clicking on the Standard Catalog Link from the footer of the page
06:30:22.820 [main] INFO  resources.base - User has clicked on the resources  Link from the footer of the page
06:30:22.842 [main] INFO  resources.base - User Have reached the resources page after clicking on the resources Link from the footer of the page
06:30:25.769 [main] INFO  resources.base - User has clicked on the Special offer Link from the footer of the page
06:30:25.775 [main] INFO  resources.base - User Have reached the Special offer after clicking on the Special offer Link from the footer of the page
06:30:28.072 [main] INFO  resources.base - User has clicked on the Special offer Link from the footer of the page
06:30:28.079 [main] INFO  resources.base - User Have reached the Favorites after clicking on the Favorites Link from the footer of the page
06:30:36.853 [main] INFO  resources.base - User has clicked on the Track button from the header of the page
06:30:36.894 [main] INFO  resources.base - User have reached the Track page after clicking on the Track button from the header of the page
06:30:44.582 [main] INFO  resources.base - User has clicked on the order button from the header of the page
06:30:44.596 [main] INFO  resources.base - User have reached the Order page after clicking on the Order button from the header of the page
06:30:54.031 [main] INFO  resources.base - User has clicked on the Purchase Analysis button from the header of the page
06:30:54.213 [main] INFO  resources.base - User have reached the Purchase Analysis page after clicking on the Purchase Analysis button from the header of the page
06:30:54.406 [main] INFO  resources.base - User have clicked on email icon on purchase analysis Page
06:30:54.642 [main] INFO  resources.base - User have entered the email on email field at purchase analysis Page
06:30:55.047 [main] INFO  resources.base - User have click on Send button at email popup screen at purchase analysis Page
06:30:59.946 [main] INFO  resources.base - User has clicked on the Calendar button from the header of the page
06:30:59.957 [main] INFO  resources.base - User have reached the  Calendar page after clicking on the Calendar button from the header of the page
06:31:36.579 [main] INFO  resources.base - User have reached the expiration report after clicking on the report button from the Calendar page from monthly view tab
06:31:58.992 [main] INFO  resources.base - User have reached the expiration report after clicking on the report button from the Calendar page from Detail view tab
06:32:17.055 [main] INFO  resources.base - User has clicked on the Assets report from Report tab
06:32:17.078 [main] INFO  resources.base - User have reached the assets report after clicking on asset link from report tab
06:32:32.345 [main] INFO  resources.base - User has clicked on the Days To Ship report from Report tab
06:32:32.358 [main] INFO  resources.base - User have reached the Days To Ship report after clicking on Days To Ship link from report tab
06:32:45.129 [main] INFO  resources.base - User has clicked on the Expiration report from Report tab
06:32:45.153 [main] INFO  resources.base - User have reached the Expiration report after clicking on Expiration link from report tab
06:32:53.530 [main] INFO  resources.base - User has clicked on the Inventory report from Report tab
06:32:53.541 [main] INFO  resources.base - User have reached the Inventory report after clicking on Inventory link from report tab
06:33:01.841 [main] INFO  resources.base - User has clicked on the Invoices report from Report tab
06:33:01.845 [main] INFO  resources.base - User have reached the Invoices report after clicking on Invoices link from report tab
06:33:10.513 [main] INFO  resources.base - User has clicked on the Invoice Line report from Report tab
06:33:10.536 [main] INFO  resources.base - User have reached the Invoice Line report after clicking on Invoice Line link from report tab
06:33:18.438 [main] INFO  resources.base - User has clicked on the Licenses report from Report tab
06:33:18.444 [main] INFO  resources.base - User have reached the Licenses report after clicking on Licenses link from report tab
06:33:29.664 [main] INFO  resources.base - User has clicked on the Orders report from Report tab
06:33:29.672 [main] INFO  resources.base - User have reached the Orders report after clicking on Orders link from report tab
06:33:38.076 [main] INFO  resources.base - User has clicked on the Order Line report from Report tab
06:33:38.088 [main] INFO  resources.base - User have reached the Order Line report after clicking on Order Line link from report tab
06:33:45.387 [main] INFO  resources.base - User has clicked on the PARs report from Report tab
06:33:45.412 [main] INFO  resources.base - User have reached the PARs report after clicking on PARs link from report tab
06:33:53.310 [main] INFO  resources.base - User has clicked on the Quotes report from Report tab
06:33:53.341 [main] INFO  resources.base - User have reached the Quotes report after clicking on Quotes link from report tab
06:34:02.654 [main] INFO  resources.base - User has clicked on the Receiving Log report from Report tab
06:34:02.671 [main] INFO  resources.base - User have reached the Receiving Log report after clicking on Receiving Log link from report tab
06:34:11.072 [main] INFO  resources.base - User has clicked on the Shipments report from Report tab
06:34:11.085 [main] INFO  resources.base - User have reached the Shipments report after clicking on Shipments link from report tab
06:34:18.502 [main] INFO  resources.base - User has clicked on the Shipments report from Report tab
06:34:18.506 [main] INFO  resources.base - User have reached the Standards report after clicking on Standards link from report tab
06:34:26.015 [main] INFO  resources.base - User has clicked on the Warranties report from Report tab
06:34:26.026 [main] INFO  resources.base - User have reached the Warranties report after clicking on Warranties link from report tab
06:34:32.100 [main] INFO  resources.base - User has clicked on the Saved Report icon from the header of the page
06:34:32.105 [main] INFO  resources.base - User have reached the  Saved Report page after clicking on the Saved Report icon from the header of the page
06:34:35.095 [main] INFO  resources.base - user is searching printer using the search textbox
06:35:01.329 [main] INFO  resources.base - User Have Successfully reached the Compare page
07:56:20.406 [main] INFO  resources.base - User Have Successfully Login To The Home Page
07:56:27.399 [main] INFO  resources.base - User Have Successfully reached the favorites Page
07:56:47.525 [main] ERROR resources.base - Favorite page not Open
07:56:47.526 [main] ERROR resources.base - no such element: Unable to locate element: {"method":"xpath","selector":"(//a[@class='btn'])[2]"}
  (Session info: chrome=66.0.3359.139)
  (Driver info: chromedriver=2.36.540470 (e522d04694c7ebea4ba8821272dbef4f9b818c91),platform=Windows NT 10.0.16299 x86_64) (WARNING: The server did not provide any stacktrace information)
Command duration or timeout: 0 milliseconds
For documentation on this error, please visit: http://seleniumhq.org/exceptions/no_such_element.html
Build info: version: '3.8.1', revision: '6e95a6684b', time: '2017-12-01T18:33:54.468Z'
System info: host: 'DESKTOP-GAH683G', ip: '10.0.2.15', os.name: 'Windows 10', os.arch: 'amd64', os.version: '10.0', java.version: '9.0.1'
Driver info: org.openqa.selenium.chrome.ChromeDriver
Capabilities {acceptInsecureCerts: false, acceptSslCerts: false, applicationCacheEnabled: false, browserConnectionEnabled: false, browserName: chrome, chrome: {chromedriverVersion: 2.36.540470 (e522d04694c7eb..., userDataDir: C:\Windows\TEMP\scoped_dir1...}, cssSelectorsEnabled: true, databaseEnabled: false, handlesAlerts: true, hasTouchScreen: false, javascriptEnabled: true, locationContextEnabled: true, mobileEmulationEnabled: false, nativeEvents: true, networkConnectionEnabled: false, pageLoadStrategy: normal, platform: XP, platformName: XP, rotatable: false, setWindowRect: true, takesHeapSnapshot: true, takesScreenshot: true, unexpectedAlertBehaviour: , unhandledPromptBehavior: , version: 66.0.3359.139, webStorageEnabled: true}
Session ID: 7e21869616c9c873e4c647cd62a714ff
*** Element info: {Using=xpath, value=(//a[@class='btn'])[2]}
07:57:04.962 [main] INFO  resources.base - user is searching printer using the search textbox
