08:47:42.814 [main] INFO  resources.base - User have clicked on email icon on purchase analysis Page
08:47:43.073 [main] INFO  resources.base - User have entered the email on email field at purchase analysis Page
08:47:48.312 [main] INFO  resources.base - User have click on Send button at email popup screen at purchase analysis Page
08:48:20.128 [main] INFO  resources.base - User has clicked on the Calendar button from the header of the page
08:48:20.138 [main] INFO  resources.base - User have reached the  Calendar page after clicking on the Calendar button from the header of the page
08:48:49.868 [main] INFO  resources.base - User have reached the expiration report after clicking on the report button from the Calendar page from monthly view tab
08:49:36.298 [main] INFO  resources.base - User have reached the expiration report after clicking on the report button from the Calendar page from Detail view tab
08:49:47.302 [main] INFO  resources.base - User has clicked on the Assets report from Report tab
08:49:47.314 [main] ERROR resources.base - User not able to reach the assets report after clicking on asset link from report tab
08:49:47.314 [main] ERROR resources.base - expected [Assets Report - MarkITplace] but found [Calendar Detail View - MarkITplace]
08:49:58.353 [main] INFO  resources.base - User has clicked on the Days To Ship report from Report tab
08:49:58.359 [main] ERROR resources.base - User not able to reach the Days To Ship report after clicking on Days To Ship link from report tab
08:49:58.359 [main] ERROR resources.base - expected [Days To Ship Report - MarkITplace] but found [Calendar Monthly View - MarkITplace]
08:50:23.834 [main] INFO  resources.base - User has clicked on the Expiration report from Report tab
08:50:23.847 [main] INFO  resources.base - User have reached the Expiration report after clicking on Expiration link from report tab
08:50:46.961 [main] INFO  resources.base - User has clicked on the Inventory report from Report tab
08:50:46.968 [main] INFO  resources.base - User have reached the Inventory report after clicking on Inventory link from report tab
08:51:07.120 [main] INFO  resources.base - User has clicked on the Invoices report from Report tab
08:51:07.134 [main] INFO  resources.base - User have reached the Invoices report after clicking on Invoices link from report tab
08:51:35.862 [main] INFO  resources.base - User has clicked on the Invoice Line report from Report tab
08:51:35.869 [main] INFO  resources.base - User have reached the Invoice Line report after clicking on Invoice Line link from report tab
08:51:57.776 [main] INFO  resources.base - User has clicked on the Licenses report from Report tab
08:51:57.789 [main] INFO  resources.base - User have reached the Licenses report after clicking on Licenses link from report tab
08:52:18.981 [main] INFO  resources.base - User has clicked on the Orders report from Report tab
08:52:18.994 [main] INFO  resources.base - User have reached the Orders report after clicking on Orders link from report tab
08:52:34.523 [main] INFO  resources.base - User has clicked on the Order Line report from Report tab
08:52:34.540 [main] INFO  resources.base - User have reached the Order Line report after clicking on Order Line link from report tab
08:52:44.429 [main] INFO  resources.base - User has clicked on the PARs report from Report tab
08:52:44.434 [main] INFO  resources.base - User have reached the PARs report after clicking on PARs link from report tab
08:53:00.168 [main] INFO  resources.base - User has clicked on the Quotes report from Report tab
08:53:00.176 [main] ERROR resources.base - User not able to reach the Quotes report after clicking on Quotes link from report tab
08:53:00.178 [main] ERROR resources.base - expected [Quotes Report - MarkITplace] but found [Quotes - MarkITplace]
08:53:19.592 [main] INFO  resources.base - User has clicked on the Receiving Log report from Report tab
08:53:19.601 [main] INFO  resources.base - User have reached the Receiving Log report after clicking on Receiving Log link from report tab
08:53:40.463 [main] INFO  resources.base - User has clicked on the Shipments report from Report tab
08:53:40.472 [main] INFO  resources.base - User have reached the Shipments report after clicking on Shipments link from report tab
08:54:03.739 [main] INFO  resources.base - User has clicked on the Shipments report from Report tab
08:54:03.756 [main] INFO  resources.base - User have reached the Standards report after clicking on Standards link from report tab
08:54:11.935 [main] INFO  resources.base - User has clicked on the Warranties report from Report tab
08:54:11.941 [main] INFO  resources.base - User have reached the Warranties report after clicking on Warranties link from report tab
08:54:17.405 [main] INFO  resources.base - User has clicked on the Saved Report icon from the header of the page
08:54:17.437 [main] INFO  resources.base - User have reached the  Saved Report page after clicking on the Saved Report icon from the header of the page
08:54:21.079 [main] INFO  resources.base - user is searching printer using the search textbox
08:54:46.698 [main] INFO  resources.base - User Have Successfully reached the Compare page
12:45:46.906 [main] INFO  resources.base - User Have Successfully Login To The Home Page
12:45:52.024 [main] INFO  resources.base - User Have Successfully reached the favorites Page
12:46:08.847 [main] INFO  resources.base - user is searching printer using the search textbox
12:46:08.857 [main] INFO  resources.base - User Have Successfully reached the printer search listing page
12:46:08.920 [main] INFO  resources.base - Search result data is Appearing on the Search Result Page
12:46:19.900 [main] INFO  resources.base - User Have Successfully reached the PDP Page
12:46:51.894 [main] INFO  resources.base - Recently Viewed Page is Opened
12:46:54.828 [main] INFO  resources.base - User has clicked the Logo from the footer of the page
12:46:54.838 [main] INFO  resources.base - User Have reached the Home Page clicking on the footer Logo
12:46:58.062 [main] INFO  resources.base - User has clicked on the My Profile page from My Account dropdown
12:46:58.078 [main] INFO  resources.base - User has clicked on the My Profile page from My Account dropdown
12:47:01.389 [main] INFO  resources.base - User has clicked on the My Profile page from My Account dropdown
12:47:03.512 [main] INFO  resources.base - User has clicked the Logo from the header of the page
12:47:03.549 [main] INFO  resources.base - User Have reached the Home Page clicking on the Header Logo
12:47:08.141 [main] INFO  resources.base - User has clicked on the Standard Catalog Navigation button from header
12:47:08.160 [main] INFO  resources.base - User Have reached the Standard Catalog Page
12:47:23.779 [main] INFO  resources.base - User has clicked on the 1st Standard Product appearing and reached the PDP Page
12:47:32.583 [main] INFO  resources.base - User has clicked on the All Product Nevigation button from the header
12:47:32.593 [main] INFO  resources.base - User Have reached the All Product Page
12:47:35.426 [main] INFO  resources.base - User has clicked on Audio Cables Category From All Products Page
12:47:35.436 [main] INFO  resources.base - User Have reached the Audio Cables Category Page
12:47:47.220 [main] INFO  resources.base - User has clicked on Resouces link from the header
12:47:47.255 [main] INFO  resources.base - User Have reached the Resources Page
12:47:54.926 [main] INFO  resources.base - User has clicked on Special Offer Link from the header
12:47:54.935 [main] INFO  resources.base - User Have reached the Special Offer Page
12:48:05.971 [main] INFO  resources.base - User has clicked on Cart Icon from the header
12:48:05.988 [main] INFO  resources.base - User Have reached the Shopping Cart Page
12:49:14.910 [main] INFO  resources.base - user has clicked on the Close button on Java Alert Popup Page
12:49:19.922 [main] ERROR resources.base - User have not reached the order confirmation page
12:49:19.922 [main] ERROR resources.base - expected [Order Confirmation - MarkITplace] but found [Checkout - MarkITplace]
12:49:25.028 [main] INFO  resources.base - User has clicked the Logo from the header of the page
12:49:35.075 [main] INFO  resources.base - User Have reached the Home Page clicking on the Header Logo
12:49:43.357 [main] INFO  resources.base - User has clicked the Logo from the footer of the page
12:49:43.366 [main] INFO  resources.base - User Have reached the Home Page clicking on the footer Logo
12:49:48.139 [main] INFO  resources.base - User has clicked on the Standard Catalog Link from the footer of the page
12:49:58.169 [main] INFO  resources.base - User Have reached the Standard Product page after clicking on the Standard Catalog Link from the footer of the page
12:50:01.028 [main] INFO  resources.base - User has clicked on the All product Link from the footer of the page
12:50:11.068 [main] INFO  resources.base - User Have reached the All Product page after clicking on the Standard Catalog Link from the footer of the page
12:50:16.583 [main] INFO  resources.base - User has clicked on the resources  Link from the footer of the page
12:50:26.623 [main] INFO  resources.base - User Have reached the resources page after clicking on the resources Link from the footer of the page
12:50:32.704 [main] INFO  resources.base - User has clicked on the Special offer Link from the footer of the page
12:50:42.715 [main] INFO  resources.base - User Have reached the Special offer after clicking on the Special offer Link from the footer of the page
12:50:45.899 [main] INFO  resources.base - User has clicked on the Special offer Link from the footer of the page
12:50:55.910 [main] INFO  resources.base - User Have reached the Favorites after clicking on the Favorites Link from the footer of the page
12:51:08.859 [main] INFO  resources.base - User has clicked on the Track button from the header of the page
12:51:08.875 [main] INFO  resources.base - User have reached the Track page after clicking on the Track button from the header of the page
12:51:32.282 [main] INFO  resources.base - User has clicked on the order button from the header of the page
05:44:55.417 [main] INFO  resources.base - User Have Successfully Login To The Home Page
05:45:02.037 [main] INFO  resources.base - User Have Successfully reached the favorites Page
05:45:24.691 [main] INFO  resources.base - user is searching printer using the search textbox
05:45:24.702 [main] INFO  resources.base - User Have Successfully reached the printer search listing page
05:45:24.792 [main] INFO  resources.base - Search result data is Appearing on the Search Result Page
05:45:39.277 [main] INFO  resources.base - User Have Successfully reached the PDP Page
05:46:12.192 [main] INFO  resources.base - User has clicked the Logo from the footer of the page
05:46:12.199 [main] INFO  resources.base - User Have reached the Home Page clicking on the footer Logo
05:46:16.784 [main] INFO  resources.base - User has clicked on the My Profile page from My Account dropdown
05:46:16.790 [main] INFO  resources.base - User has clicked on the My Profile page from My Account dropdown
05:46:27.349 [main] INFO  resources.base - User has clicked on the My Profile page from My Account dropdown
05:46:31.251 [main] INFO  resources.base - User has clicked the Logo from the header of the page
05:46:31.263 [main] INFO  resources.base - User Have reached the Home Page clicking on the Header Logo
05:46:37.815 [main] INFO  resources.base - User has clicked on the Standard Catalog Navigation button from header
05:46:37.834 [main] INFO  resources.base - User Have reached the Standard Catalog Page
05:46:54.285 [main] INFO  resources.base - User has clicked on the 1st Standard Product appearing and reached the PDP Page
05:47:03.305 [main] INFO  resources.base - User has clicked on the All Product Nevigation button from the header
05:47:03.315 [main] INFO  resources.base - User Have reached the All Product Page
05:47:12.140 [main] INFO  resources.base - User has clicked on Audio Cables Category From All Products Page
05:47:12.151 [main] INFO  resources.base - User Have reached the Audio Cables Category Page
05:47:23.961 [main] INFO  resources.base - User has clicked on Resouces link from the header
05:47:23.997 [main] INFO  resources.base - User Have reached the Resources Page
05:47:34.913 [main] INFO  resources.base - User has clicked on Special Offer Link from the header
05:47:34.924 [main] INFO  resources.base - User Have reached the Special Offer Page
05:47:41.210 [main] INFO  resources.base - User has clicked on Cart Icon from the header
05:47:41.218 [main] INFO  resources.base - User Have reached the Shopping Cart Page
05:48:38.891 [main] INFO  resources.base - element not visible
  (Session info: chrome=66.0.3359.181)
  (Driver info: chromedriver=2.36.540470 (e522d04694c7ebea4ba8821272dbef4f9b818c91),platform=Windows NT 10.0.16299 x86_64) (WARNING: The server did not provide any stacktrace information)
Command duration or timeout: 0 milliseconds
Build info: version: '3.8.1', revision: '6e95a6684b', time: '2017-12-01T18:33:54.468Z'
System info: host: 'DESKTOP-B75F35K', ip: '10.0.2.15', os.name: 'Windows 10', os.arch: 'amd64', os.version: '10.0', java.version: '1.8.0_171'
Driver info: org.openqa.selenium.chrome.ChromeDriver
Capabilities {acceptInsecureCerts: false, acceptSslCerts: false, applicationCacheEnabled: false, browserConnectionEnabled: false, browserName: chrome, chrome: {chromedriverVersion: 2.36.540470 (e522d04694c7eb..., userDataDir: C:\Users\bilaw\AppData\Loca...}, cssSelectorsEnabled: true, databaseEnabled: false, handlesAlerts: true, hasTouchScreen: false, javascriptEnabled: true, locationContextEnabled: true, mobileEmulationEnabled: false, nativeEvents: true, networkConnectionEnabled: false, pageLoadStrategy: normal, platform: XP, platformName: XP, rotatable: false, setWindowRect: true, takesHeapSnapshot: true, takesScreenshot: true, unexpectedAlertBehaviour: , unhandledPromptBehavior: , version: 66.0.3359.181, webStorageEnabled: true}
Session ID: 1be5f172688e2f7cdc32f6185617f690
05:48:43.901 [main] INFO  resources.base - User Have reached the order confirmation page after placing the order
05:48:52.444 [main] INFO  resources.base - User has clicked the Logo from the header of the page
05:49:02.453 [main] INFO  resources.base - User Have reached the Home Page clicking on the Header Logo
05:49:04.634 [main] INFO  resources.base - User has clicked the Logo from the footer of the page
05:49:04.648 [main] INFO  resources.base - User Have reached the Home Page clicking on the footer Logo
05:49:09.135 [main] INFO  resources.base - User has clicked on the Standard Catalog Link from the footer of the page
05:49:19.154 [main] INFO  resources.base - User Have reached the Standard Product page after clicking on the Standard Catalog Link from the footer of the page
05:49:21.669 [main] INFO  resources.base - User has clicked on the All product Link from the footer of the page
05:49:31.690 [main] INFO  resources.base - User Have reached the All Product page after clicking on the Standard Catalog Link from the footer of the page
05:49:38.755 [main] INFO  resources.base - User has clicked on the resources  Link from the footer of the page
05:49:48.792 [main] INFO  resources.base - User Have reached the resources page after clicking on the resources Link from the footer of the page
05:49:54.214 [main] INFO  resources.base - User has clicked on the Special offer Link from the footer of the page
05:50:04.227 [main] INFO  resources.base - User Have reached the Special offer after clicking on the Special offer Link from the footer of the page
05:50:06.265 [main] INFO  resources.base - User has clicked on the Special offer Link from the footer of the page
05:50:16.306 [main] INFO  resources.base - User Have reached the Favorites after clicking on the Favorites Link from the footer of the page
05:51:06.989 [main] INFO  resources.base - User has clicked on the Track button from the header of the page
05:51:07.013 [main] INFO  resources.base - User have reached the Track page after clicking on the Track button from the header of the page
05:51:46.418 [main] INFO  resources.base - User has clicked on the order button from the header of the page
05:51:56.429 [main] INFO  resources.base - User have reached the Order page after clicking on the Order button from the header of the page
05:52:22.715 [main] INFO  resources.base - User has clicked on the Purchase Analysis button from the header of the page
05:52:22.908 [main] INFO  resources.base - User have reached the Purchase Analysis page after clicking on the Purchase Analysis button from the header of the page
05:52:23.070 [main] INFO  resources.base - User have clicked on email icon on purchase analysis Page
05:52:23.650 [main] INFO  resources.base - User have entered the email on email field at purchase analysis Page
05:52:23.921 [main] INFO  resources.base - User have click on Send button at email popup screen at purchase analysis Page
05:52:30.574 [main] INFO  resources.base - User has clicked on the Calendar button from the header of the page
05:52:30.648 [main] INFO  resources.base - User have reached the  Calendar page after clicking on the Calendar button from the header of the page
05:52:47.799 [main] INFO  resources.base - User have reached the expiration report after clicking on the report button from the Calendar page from monthly view tab
05:53:01.976 [main] INFO  resources.base - User have reached the expiration report after clicking on the report button from the Calendar page from Detail view tab
05:53:06.946 [main] INFO  resources.base - User has clicked on the Saved Report icon from the header of the page
05:53:06.955 [main] INFO  resources.base - User have reached the  Saved Report page after clicking on the Saved Report icon from the header of the page
05:53:10.670 [main] INFO  resources.base - user is searching printer using the search textbox
05:53:42.912 [main] INFO  resources.base - User Have Successfully reached the Compare page
08:34:41.861 [main] INFO  resources.base - User Have Successfully Login To The Home Page
08:34:48.053 [main] INFO  resources.base - User Have Successfully reached the favorites Page
08:35:07.620 [main] INFO  resources.base - user is searching printer using the search textbox
08:35:07.630 [main] INFO  resources.base - User Have Successfully reached the printer search listing page
08:35:07.706 [main] INFO  resources.base - Search result data is Appearing on the Search Result Page
08:35:19.446 [main] INFO  resources.base - User Have Successfully reached the PDP Page
08:35:51.665 [main] INFO  resources.base - Recently Viewed Page is Opened
08:35:54.308 [main] INFO  resources.base - User has clicked the Logo from the footer of the page
08:35:54.327 [main] INFO  resources.base - User Have reached the Home Page clicking on the footer Logo
08:35:57.806 [main] INFO  resources.base - User has clicked on the My Profile page from My Account dropdown
08:35:57.817 [main] INFO  resources.base - User has clicked on the My Profile page from My Account dropdown
08:36:01.764 [main] INFO  resources.base - User has clicked on the My Profile page from My Account dropdown
08:36:03.911 [main] INFO  resources.base - User has clicked the Logo from the header of the page
08:36:03.916 [main] INFO  resources.base - User Have reached the Home Page clicking on the Header Logo
08:36:09.320 [main] INFO  resources.base - User has clicked on the Standard Catalog Navigation button from header
08:36:09.333 [main] INFO  resources.base - User Have reached the Standard Catalog Page
08:36:24.913 [main] INFO  resources.base - User has clicked on the 1st Standard Product appearing and reached the PDP Page
08:36:33.979 [main] INFO  resources.base - User has clicked on the All Product Nevigation button from the header
08:36:33.989 [main] INFO  resources.base - User Have reached the All Product Page
08:36:41.574 [main] INFO  resources.base - User has clicked on Audio Cables Category From All Products Page
08:36:41.582 [main] INFO  resources.base - User Have reached the Audio Cables Category Page
08:36:55.532 [main] INFO  resources.base - User has clicked on Resouces link from the header
08:36:55.570 [main] INFO  resources.base - User Have reached the Resources Page
08:37:05.064 [main] INFO  resources.base - User has clicked on Special Offer Link from the header
08:37:05.068 [main] INFO  resources.base - User Have reached the Special Offer Page
08:37:10.714 [main] INFO  resources.base - User has clicked on Cart Icon from the header
08:37:10.731 [main] INFO  resources.base - User Have reached the Shopping Cart Page
08:38:07.432 [main] INFO  resources.base - element not visible
  (Session info: chrome=66.0.3359.181)
  (Driver info: chromedriver=2.36.540470 (e522d04694c7ebea4ba8821272dbef4f9b818c91),platform=Windows NT 10.0.16299 x86_64) (WARNING: The server did not provide any stacktrace information)
Command duration or timeout: 0 milliseconds
Build info: version: '3.8.1', revision: '6e95a6684b', time: '2017-12-01T18:33:54.468Z'
System info: host: 'DESKTOP-B75F35K', ip: '10.0.2.15', os.name: 'Windows 10', os.arch: 'amd64', os.version: '10.0', java.version: '1.8.0_171'
Driver info: org.openqa.selenium.chrome.ChromeDriver
Capabilities {acceptInsecureCerts: false, acceptSslCerts: false, applicationCacheEnabled: false, browserConnectionEnabled: false, browserName: chrome, chrome: {chromedriverVersion: 2.36.540470 (e522d04694c7eb..., userDataDir: C:\Users\bilaw\AppData\Loca...}, cssSelectorsEnabled: true, databaseEnabled: false, handlesAlerts: true, hasTouchScreen: false, javascriptEnabled: true, locationContextEnabled: true, mobileEmulationEnabled: false, nativeEvents: true, networkConnectionEnabled: false, pageLoadStrategy: normal, platform: XP, platformName: XP, rotatable: false, setWindowRect: true, takesHeapSnapshot: true, takesScreenshot: true, unexpectedAlertBehaviour: , unhandledPromptBehavior: , version: 66.0.3359.181, webStorageEnabled: true}
Session ID: c1d461af2e24416fae77d83970c35199
08:38:12.438 [main] INFO  resources.base - User Have reached the order confirmation page after placing the order
08:38:20.670 [main] INFO  resources.base - User has clicked the Logo from the header of the page
08:38:30.683 [main] INFO  resources.base - User Have reached the Home Page clicking on the Header Logo
08:38:33.932 [main] INFO  resources.base - User has clicked the Logo from the footer of the page
08:38:33.962 [main] INFO  resources.base - User Have reached the Home Page clicking on the footer Logo
08:38:39.363 [main] INFO  resources.base - User has clicked on the Standard Catalog Link from the footer of the page
08:38:49.374 [main] INFO  resources.base - User Have reached the Standard Product page after clicking on the Standard Catalog Link from the footer of the page
08:38:54.928 [main] INFO  resources.base - User has clicked on the All product Link from the footer of the page
08:39:04.943 [main] INFO  resources.base - User Have reached the All Product page after clicking on the Standard Catalog Link from the footer of the page
08:39:11.196 [main] INFO  resources.base - User has clicked on the resources  Link from the footer of the page
08:39:21.205 [main] INFO  resources.base - User Have reached the resources page after clicking on the resources Link from the footer of the page
08:39:29.296 [main] INFO  resources.base - User has clicked on the Special offer Link from the footer of the page
08:39:39.306 [main] INFO  resources.base - User Have reached the Special offer after clicking on the Special offer Link from the footer of the page
08:39:42.313 [main] INFO  resources.base - User has clicked on the Special offer Link from the footer of the page
08:39:52.322 [main] INFO  resources.base - User Have reached the Favorites after clicking on the Favorites Link from the footer of the page
08:40:26.102 [main] INFO  resources.base - User has clicked on the Track button from the header of the page
08:40:26.131 [main] INFO  resources.base - User have reached the Track page after clicking on the Track button from the header of the page
08:41:11.652 [main] INFO  resources.base - User has clicked on the order button from the header of the page
08:41:21.661 [main] INFO  resources.base - User have reached the Order page after clicking on the Order button from the header of the page
08:41:51.018 [main] INFO  resources.base - User has clicked on the Purchase Analysis button from the header of the page
08:41:51.210 [main] INFO  resources.base - User have reached the Purchase Analysis page after clicking on the Purchase Analysis button from the header of the page
08:41:51.368 [main] INFO  resources.base - User have clicked on email icon on purchase analysis Page
08:41:51.709 [main] INFO  resources.base - User have entered the email on email field at purchase analysis Page
08:41:51.989 [main] INFO  resources.base - User have click on Send button at email popup screen at purchase analysis Page
08:42:03.469 [main] INFO  resources.base - User has clicked on the Calendar button from the header of the page
08:42:03.481 [main] INFO  resources.base - User have reached the  Calendar page after clicking on the Calendar button from the header of the page
08:42:19.690 [main] INFO  resources.base - User have reached the expiration report after clicking on the report button from the Calendar page from monthly view tab
08:42:34.901 [main] INFO  resources.base - User have reached the expiration report after clicking on the report button from the Calendar page from Detail view tab
08:42:39.574 [main] INFO  resources.base - User has clicked on the Saved Report icon from the header of the page
08:42:39.583 [main] INFO  resources.base - User have reached the  Saved Report page after clicking on the Saved Report icon from the header of the page
08:42:44.925 [main] INFO  resources.base - user is searching printer using the search textbox
08:43:10.481 [main] INFO  resources.base - User Have Successfully reached the Compare page
08:48:41.313 [main] INFO  resources.base - User Have Successfully Login To The Home Page
08:48:51.500 [main] INFO  resources.base - User Have Successfully reached the favorites Page
08:49:27.317 [main] INFO  resources.base - user is searching printer using the search textbox
08:49:27.328 [main] INFO  resources.base - User Have Successfully reached the printer search listing page
08:49:27.379 [main] INFO  resources.base - Search result data is Appearing on the Search Result Page
08:49:40.034 [main] INFO  resources.base - User Have Successfully reached the PDP Page
08:50:17.102 [main] INFO  resources.base - Recently Viewed Page is Opened
08:50:22.672 [main] INFO  resources.base - User has clicked the Logo from the footer of the page
08:50:22.687 [main] INFO  resources.base - User Have reached the Home Page clicking on the footer Logo
08:50:26.231 [main] INFO  resources.base - User has clicked on the My Profile page from My Account dropdown
08:50:26.271 [main] INFO  resources.base - User has clicked on the My Profile page from My Account dropdown
08:50:31.762 [main] INFO  resources.base - User has clicked on the My Profile page from My Account dropdown
08:50:37.127 [main] INFO  resources.base - User has clicked the Logo from the header of the page
08:50:37.143 [main] INFO  resources.base - User Have reached the Home Page clicking on the Header Logo
08:50:42.349 [main] INFO  resources.base - User has clicked on the Standard Catalog Navigation button from header
08:50:42.371 [main] INFO  resources.base - User Have reached the Standard Catalog Page
08:51:01.650 [main] INFO  resources.base - User has clicked on the 1st Standard Product appearing and reached the PDP Page
08:51:11.763 [main] INFO  resources.base - User has clicked on the All Product Nevigation button from the header
08:51:11.775 [main] INFO  resources.base - User Have reached the All Product Page
08:51:16.367 [main] INFO  resources.base - User has clicked on Audio Cables Category From All Products Page
08:51:16.378 [main] INFO  resources.base - User Have reached the Audio Cables Category Page
08:51:31.381 [main] INFO  resources.base - User has clicked on Resouces link from the header
08:51:31.389 [main] INFO  resources.base - User Have reached the Resources Page
08:51:38.955 [main] INFO  resources.base - User has clicked on Special Offer Link from the header
08:51:38.963 [main] INFO  resources.base - User Have reached the Special Offer Page
08:51:44.296 [main] INFO  resources.base - User has clicked on Cart Icon from the header
08:51:44.311 [main] INFO  resources.base - User Have reached the Shopping Cart Page
08:52:44.275 [main] INFO  resources.base - element not visible
  (Session info: chrome=66.0.3359.181)
  (Driver info: chromedriver=2.36.540470 (e522d04694c7ebea4ba8821272dbef4f9b818c91),platform=Windows NT 10.0.16299 x86_64) (WARNING: The server did not provide any stacktrace information)
Command duration or timeout: 0 milliseconds
Build info: version: '3.8.1', revision: '6e95a6684b', time: '2017-12-01T18:33:54.468Z'
System info: host: 'DESKTOP-B75F35K', ip: '10.0.2.15', os.name: 'Windows 10', os.arch: 'amd64', os.version: '10.0', java.version: '1.8.0_171'
Driver info: org.openqa.selenium.chrome.ChromeDriver
Capabilities {acceptInsecureCerts: false, acceptSslCerts: false, applicationCacheEnabled: false, browserConnectionEnabled: false, browserName: chrome, chrome: {chromedriverVersion: 2.36.540470 (e522d04694c7eb..., userDataDir: C:\Users\bilaw\AppData\Loca...}, cssSelectorsEnabled: true, databaseEnabled: false, handlesAlerts: true, hasTouchScreen: false, javascriptEnabled: true, locationContextEnabled: true, mobileEmulationEnabled: false, nativeEvents: true, networkConnectionEnabled: false, pageLoadStrategy: normal, platform: XP, platformName: XP, rotatable: false, setWindowRect: true, takesHeapSnapshot: true, takesScreenshot: true, unexpectedAlertBehaviour: , unhandledPromptBehavior: , version: 66.0.3359.181, webStorageEnabled: true}
Session ID: 8a3e8f8fd27aaa440321e9b9e8457ef6
08:52:49.295 [main] INFO  resources.base - User Have reached the order confirmation page after placing the order
08:52:58.159 [main] INFO  resources.base - User has clicked the Logo from the header of the page
08:53:08.168 [main] INFO  resources.base - User Have reached the Home Page clicking on the Header Logo
08:53:11.016 [main] INFO  resources.base - User has clicked the Logo from the footer of the page
08:53:11.026 [main] INFO  resources.base - User Have reached the Home Page clicking on the footer Logo
08:53:15.610 [main] INFO  resources.base - User has clicked on the Standard Catalog Link from the footer of the page
08:53:25.639 [main] INFO  resources.base - User Have reached the Standard Product page after clicking on the Standard Catalog Link from the footer of the page
08:53:28.402 [main] INFO  resources.base - User has clicked on the All product Link from the footer of the page
08:53:38.423 [main] INFO  resources.base - User Have reached the All Product page after clicking on the Standard Catalog Link from the footer of the page
08:54:36.782 [main] INFO  resources.base - User has clicked on the resources  Link from the footer of the page
08:54:46.795 [main] INFO  resources.base - User Have reached the resources page after clicking on the resources Link from the footer of the page
08:54:56.996 [main] INFO  resources.base - User has clicked on the Special offer Link from the footer of the page
08:55:07.023 [main] INFO  resources.base - User Have reached the Special offer after clicking on the Special offer Link from the footer of the page
08:55:12.871 [main] INFO  resources.base - User has clicked on the Special offer Link from the footer of the page
08:55:22.884 [main] INFO  resources.base - User Have reached the Favorites after clicking on the Favorites Link from the footer of the page
08:56:20.522 [main] INFO  resources.base - User has clicked on the Track button from the header of the page
08:56:20.576 [main] INFO  resources.base - User have reached the Track page after clicking on the Track button from the header of the page
08:56:31.543 [main] INFO  resources.base - User has clicked on the order button from the header of the page
08:56:41.556 [main] INFO  resources.base - User have reached the Order page after clicking on the Order button from the header of the page
08:56:51.996 [main] INFO  resources.base - User has clicked on the Purchase Analysis button from the header of the page
08:56:52.233 [main] INFO  resources.base - User have reached the Purchase Analysis page after clicking on the Purchase Analysis button from the header of the page
08:56:52.406 [main] INFO  resources.base - User have clicked on email icon on purchase analysis Page
08:56:52.815 [main] INFO  resources.base - User have entered the email on email field at purchase analysis Page
08:56:53.018 [main] INFO  resources.base - User have click on Send button at email popup screen at purchase analysis Page
08:56:58.738 [main] INFO  resources.base - User has clicked on the Calendar button from the header of the page
08:56:58.757 [main] INFO  resources.base - User have reached the  Calendar page after clicking on the Calendar button from the header of the page
08:57:09.531 [main] INFO  resources.base - User have reached the expiration report after clicking on the report button from the Calendar page from monthly view tab
09:00:48.673 [main] INFO  resources.base - User has clicked on the Saved Report icon from the header of the page
09:00:48.754 [main] INFO  resources.base - User have reached the  Saved Report page after clicking on the Saved Report icon from the header of the page
09:00:53.931 [main] INFO  resources.base - user is searching printer using the search textbox
09:01:20.491 [main] INFO  resources.base - User Have Successfully reached the Compare page
13:33:41.137 [main] INFO  resources.base - User Have Successfully Login To The Home Page
13:33:48.496 [main] INFO  resources.base - User Have Successfully reached the favorites Page
13:34:11.456 [main] INFO  resources.base - user is searching printer using the search textbox
13:34:11.475 [main] INFO  resources.base - User Have Successfully reached the printer search listing page
13:34:11.583 [main] INFO  resources.base - Search result data is Appearing on the Search Result Page
13:34:24.582 [main] INFO  resources.base - User Have Successfully reached the PDP Page
13:34:56.499 [main] INFO  resources.base - Recently Viewed Page is Opened
13:34:58.771 [main] INFO  resources.base - User has clicked the Logo from the footer of the page
13:34:58.782 [main] INFO  resources.base - User Have reached the Home Page clicking on the footer Logo
13:35:02.276 [main] INFO  resources.base - User has clicked on the My Profile page from My Account dropdown
13:35:02.290 [main] INFO  resources.base - User has clicked on the My Profile page from My Account dropdown
13:35:05.749 [main] INFO  resources.base - User has clicked on the My Profile page from My Account dropdown
13:35:07.879 [main] INFO  resources.base - User has clicked the Logo from the header of the page
13:35:07.889 [main] INFO  resources.base - User Have reached the Home Page clicking on the Header Logo
13:35:13.224 [main] INFO  resources.base - User has clicked on the Standard Catalog Navigation button from header
13:35:13.242 [main] INFO  resources.base - User Have reached the Standard Catalog Page
13:35:29.279 [main] INFO  resources.base - User has clicked on the 1st Standard Product appearing and reached the PDP Page
13:35:39.101 [main] INFO  resources.base - User has clicked on the All Product Nevigation button from the header
13:35:39.111 [main] INFO  resources.base - User Have reached the All Product Page
13:35:44.735 [main] INFO  resources.base - User has clicked on Audio Cables Category From All Products Page
13:35:44.747 [main] INFO  resources.base - User Have reached the Audio Cables Category Page
13:35:57.125 [main] INFO  resources.base - User has clicked on Resouces link from the header
13:35:57.166 [main] INFO  resources.base - User Have reached the Resources Page
13:36:08.650 [main] INFO  resources.base - User has clicked on Special Offer Link from the header
13:36:08.659 [main] INFO  resources.base - User Have reached the Special Offer Page
13:36:15.459 [main] INFO  resources.base - User has clicked on Cart Icon from the header
13:36:15.473 [main] INFO  resources.base - User Have reached the Shopping Cart Page
13:37:12.628 [main] INFO  resources.base - element not visible
  (Session info: chrome=66.0.3359.181)
  (Driver info: chromedriver=2.36.540470 (e522d04694c7ebea4ba8821272dbef4f9b818c91),platform=Windows NT 10.0.16299 x86_64) (WARNING: The server did not provide any stacktrace information)
Command duration or timeout: 0 milliseconds
Build info: version: '3.8.1', revision: '6e95a6684b', time: '2017-12-01T18:33:54.468Z'
System info: host: 'DESKTOP-B75F35K', ip: '10.0.2.15', os.name: 'Windows 10', os.arch: 'amd64', os.version: '10.0', java.version: '1.8.0_171'
Driver info: org.openqa.selenium.chrome.ChromeDriver
Capabilities {acceptInsecureCerts: false, acceptSslCerts: false, applicationCacheEnabled: false, browserConnectionEnabled: false, browserName: chrome, chrome: {chromedriverVersion: 2.36.540470 (e522d04694c7eb..., userDataDir: C:\Users\bilaw\AppData\Loca...}, cssSelectorsEnabled: true, databaseEnabled: false, handlesAlerts: true, hasTouchScreen: false, javascriptEnabled: true, locationContextEnabled: true, mobileEmulationEnabled: false, nativeEvents: true, networkConnectionEnabled: false, pageLoadStrategy: normal, platform: XP, platformName: XP, rotatable: false, setWindowRect: true, takesHeapSnapshot: true, takesScreenshot: true, unexpectedAlertBehaviour: , unhandledPromptBehavior: , version: 66.0.3359.181, webStorageEnabled: true}
Session ID: 1831df2ad71ddf6ff9161aa333103b98
13:37:17.639 [main] INFO  resources.base - User Have reached the order confirmation page after placing the order
13:37:25.365 [main] INFO  resources.base - User has clicked the Logo from the header of the page
13:37:35.421 [main] INFO  resources.base - User Have reached the Home Page clicking on the Header Logo
13:37:37.733 [main] INFO  resources.base - User has clicked the Logo from the footer of the page
13:37:37.740 [main] INFO  resources.base - User Have reached the Home Page clicking on the footer Logo
13:37:41.774 [main] INFO  resources.base - User has clicked on the Standard Catalog Link from the footer of the page
13:37:51.795 [main] INFO  resources.base - User Have reached the Standard Product page after clicking on the Standard Catalog Link from the footer of the page
13:37:53.771 [main] INFO  resources.base - User has clicked on the All product Link from the footer of the page
13:38:03.795 [main] INFO  resources.base - User Have reached the All Product page after clicking on the Standard Catalog Link from the footer of the page
13:38:10.992 [main] INFO  resources.base - User has clicked on the resources  Link from the footer of the page
13:38:21.030 [main] INFO  resources.base - User Have reached the resources page after clicking on the resources Link from the footer of the page
13:38:26.206 [main] INFO  resources.base - User has clicked on the Special offer Link from the footer of the page
13:38:36.265 [main] INFO  resources.base - User Have reached the Special offer after clicking on the Special offer Link from the footer of the page
13:38:39.097 [main] INFO  resources.base - User has clicked on the Special offer Link from the footer of the page
13:38:49.170 [main] INFO  resources.base - User Have reached the Favorites after clicking on the Favorites Link from the footer of the page
13:39:44.868 [main] INFO  resources.base - User has clicked on the Track button from the header of the page
13:39:44.890 [main] INFO  resources.base - User have reached the Track page after clicking on the Track button from the header of the page
13:40:01.296 [main] INFO  resources.base - User has clicked on the order button from the header of the page
13:40:11.359 [main] INFO  resources.base - User have reached the Order page after clicking on the Order button from the header of the page
13:40:33.168 [main] INFO  resources.base - User has clicked on the Purchase Analysis button from the header of the page
13:40:33.348 [main] INFO  resources.base - User have reached the Purchase Analysis page after clicking on the Purchase Analysis button from the header of the page
13:40:33.513 [main] INFO  resources.base - User have clicked on email icon on purchase analysis Page
13:40:33.717 [main] INFO  resources.base - User have entered the email on email field at purchase analysis Page
13:40:33.939 [main] INFO  resources.base - User have click on Send button at email popup screen at purchase analysis Page
13:40:39.789 [main] INFO  resources.base - User has clicked on the Calendar button from the header of the page
13:40:39.798 [main] INFO  resources.base - User have reached the  Calendar page after clicking on the Calendar button from the header of the page
13:40:55.857 [main] INFO  resources.base - User have reached the expiration report after clicking on the report button from the Calendar page from monthly view tab
13:41:12.258 [main] INFO  resources.base - User have reached the expiration report after clicking on the report button from the Calendar page from Detail view tab
13:41:21.721 [main] INFO  resources.base - User has clicked on the Saved Report icon from the header of the page
13:41:21.740 [main] INFO  resources.base - User have reached the  Saved Report page after clicking on the Saved Report icon from the header of the page
13:41:36.448 [main] INFO  resources.base - user is searching printer using the search textbox
13:42:04.596 [main] INFO  resources.base - User Have Successfully reached the Compare page
09:11:04.213 [main] INFO  resources.base - User Have Successfully Login To The Home Page
09:11:17.868 [main] INFO  resources.base - User Have Successfully reached the favorites Page
09:11:36.872 [main] INFO  resources.base - user is searching printer using the search textbox
09:11:36.902 [main] INFO  resources.base - User Have Successfully reached the printer search listing page
09:11:37.181 [main] INFO  resources.base - Search result data is Appearing on the Search Result Page
09:11:59.836 [main] INFO  resources.base - User Have Successfully reached the PDP Page
09:12:33.050 [main] INFO  resources.base - Recently Viewed Page is Opened
09:12:37.282 [main] INFO  resources.base - User has clicked the Logo from the footer of the page
09:12:37.292 [main] INFO  resources.base - User Have reached the Home Page clicking on the footer Logo
09:12:41.520 [main] INFO  resources.base - User has clicked on the My Profile page from My Account dropdown
09:12:41.574 [main] INFO  resources.base - User has clicked on the My Profile page from My Account dropdown
09:12:45.771 [main] INFO  resources.base - User has clicked on the My Profile page from My Account dropdown
09:12:47.858 [main] INFO  resources.base - User has clicked the Logo from the header of the page
09:12:47.867 [main] INFO  resources.base - User Have reached the Home Page clicking on the Header Logo
09:12:53.250 [main] INFO  resources.base - User has clicked on the Standard Catalog Navigation button from header
09:12:53.266 [main] INFO  resources.base - User Have reached the Standard Catalog Page
09:13:09.071 [main] INFO  resources.base - User has clicked on the 1st Standard Product appearing and reached the PDP Page
09:13:18.067 [main] INFO  resources.base - User has clicked on the All Product Nevigation button from the header
09:13:18.082 [main] INFO  resources.base - User Have reached the All Product Page
09:13:26.003 [main] INFO  resources.base - User has clicked on Audio Cables Category From All Products Page
09:13:26.018 [main] INFO  resources.base - User Have reached the Audio Cables Category Page
09:13:40.014 [main] INFO  resources.base - User has clicked on Resouces link from the header
09:13:40.040 [main] INFO  resources.base - User Have reached the Resources Page
09:13:47.918 [main] INFO  resources.base - User has clicked on Special Offer Link from the header
09:13:47.929 [main] INFO  resources.base - User Have reached the Special Offer Page
09:13:53.500 [main] INFO  resources.base - User has clicked on Cart Icon from the header
09:13:53.515 [main] INFO  resources.base - User Have reached the Shopping Cart Page
09:14:51.087 [main] INFO  resources.base - element not visible
  (Session info: chrome=66.0.3359.181)
  (Driver info: chromedriver=2.36.540470 (e522d04694c7ebea4ba8821272dbef4f9b818c91),platform=Windows NT 10.0.16299 x86_64) (WARNING: The server did not provide any stacktrace information)
Command duration or timeout: 0 milliseconds
Build info: version: '3.8.1', revision: '6e95a6684b', time: '2017-12-01T18:33:54.468Z'
System info: host: 'DESKTOP-B75F35K', ip: '10.0.2.15', os.name: 'Windows 10', os.arch: 'amd64', os.version: '10.0', java.version: '1.8.0_171'
Driver info: org.openqa.selenium.chrome.ChromeDriver
Capabilities {acceptInsecureCerts: false, acceptSslCerts: false, applicationCacheEnabled: false, browserConnectionEnabled: false, browserName: chrome, chrome: {chromedriverVersion: 2.36.540470 (e522d04694c7eb..., userDataDir: C:\Users\bilaw\AppData\Loca...}, cssSelectorsEnabled: true, databaseEnabled: false, handlesAlerts: true, hasTouchScreen: false, javascriptEnabled: true, locationContextEnabled: true, mobileEmulationEnabled: false, nativeEvents: true, networkConnectionEnabled: false, pageLoadStrategy: normal, platform: XP, platformName: XP, rotatable: false, setWindowRect: true, takesHeapSnapshot: true, takesScreenshot: true, unexpectedAlertBehaviour: , unhandledPromptBehavior: , version: 66.0.3359.181, webStorageEnabled: true}
Session ID: 8b09d2d6aee904c6bec5a444b0205a12
09:14:56.120 [main] INFO  resources.base - User Have reached the order confirmation page after placing the order
09:15:05.198 [main] INFO  resources.base - User has clicked the Logo from the header of the page
09:15:15.209 [main] INFO  resources.base - User Have reached the Home Page clicking on the Header Logo
09:15:18.328 [main] INFO  resources.base - User has clicked the Logo from the footer of the page
09:15:18.491 [main] INFO  resources.base - User Have reached the Home Page clicking on the footer Logo
09:15:23.385 [main] INFO  resources.base - User has clicked on the Standard Catalog Link from the footer of the page
09:15:33.404 [main] INFO  resources.base - User Have reached the Standard Product page after clicking on the Standard Catalog Link from the footer of the page
09:15:36.945 [main] INFO  resources.base - User has clicked on the All product Link from the footer of the page
09:15:46.978 [main] INFO  resources.base - User Have reached the All Product page after clicking on the Standard Catalog Link from the footer of the page
09:15:55.824 [main] INFO  resources.base - User has clicked on the resources  Link from the footer of the page
09:16:05.832 [main] INFO  resources.base - User Have reached the resources page after clicking on the resources Link from the footer of the page
09:16:14.351 [main] INFO  resources.base - User has clicked on the Special offer Link from the footer of the page
09:16:24.363 [main] INFO  resources.base - User Have reached the Special offer after clicking on the Special offer Link from the footer of the page
09:16:29.554 [main] INFO  resources.base - User has clicked on the Special offer Link from the footer of the page
09:16:39.581 [main] INFO  resources.base - User Have reached the Favorites after clicking on the Favorites Link from the footer of the page
09:17:12.459 [main] INFO  resources.base - User has clicked on the Track button from the header of the page
09:17:12.821 [main] INFO  resources.base - User have reached the Track page after clicking on the Track button from the header of the page
09:17:29.901 [main] INFO  resources.base - User has clicked on the order button from the header of the page
09:17:39.924 [main] INFO  resources.base - User have reached the Order page after clicking on the Order button from the header of the page
09:17:58.698 [main] INFO  resources.base - User has clicked on the Purchase Analysis button from the header of the page
09:17:59.036 [main] INFO  resources.base - User have reached the Purchase Analysis page after clicking on the Purchase Analysis button from the header of the page
09:17:59.188 [main] INFO  resources.base - User have clicked on email icon on purchase analysis Page
09:17:59.605 [main] INFO  resources.base - User have entered the email on email field at purchase analysis Page
09:17:59.964 [main] INFO  resources.base - User have click on Send button at email popup screen at purchase analysis Page
09:18:10.428 [main] INFO  resources.base - User has clicked on the Calendar button from the header of the page
09:18:10.457 [main] INFO  resources.base - User have reached the  Calendar page after clicking on the Calendar button from the header of the page
09:18:37.356 [main] INFO  resources.base - User have reached the expiration report after clicking on the report button from the Calendar page from monthly view tab
09:18:52.793 [main] INFO  resources.base - User have reached the expiration report after clicking on the report button from the Calendar page from Detail view tab
09:18:58.110 [main] INFO  resources.base - User has clicked on the Saved Report icon from the header of the page
09:18:58.116 [main] INFO  resources.base - User have reached the  Saved Report page after clicking on the Saved Report icon from the header of the page
