21:36:39.571 [main] INFO  resources.base - User Have reached the order confirmation page after placing the order
21:36:47.594 [main] INFO  resources.base - User has clicked the Logo from the header of the page
21:36:57.616 [main] INFO  resources.base - User Have reached the Home Page clicking on the Header Logo
21:36:59.966 [main] INFO  resources.base - User has clicked the Logo from the footer of the page
21:37:00.026 [main] INFO  resources.base - User Have reached the Home Page clicking on the footer Logo
21:37:02.602 [main] INFO  resources.base - User has clicked on the Standard Catalog Link from the footer of the page
21:37:02.646 [main] INFO  resources.base - User Have reached the Standard Product page after clicking on the Standard Catalog Link from the footer of the page
21:37:07.474 [main] INFO  resources.base - User has clicked on the All product Link from the footer of the page
21:37:07.484 [main] INFO  resources.base - User Have reached the All Product page after clicking on the Standard Catalog Link from the footer of the page
21:37:20.977 [main] INFO  resources.base - User has clicked on the resources  Link from the footer of the page
21:37:20.982 [main] INFO  resources.base - User Have reached the resources page after clicking on the resources Link from the footer of the page
21:37:27.948 [main] INFO  resources.base - User has clicked on the Special offer Link from the footer of the page
21:37:27.954 [main] INFO  resources.base - User Have reached the Special offer after clicking on the Special offer Link from the footer of the page
21:37:30.283 [main] INFO  resources.base - User has clicked on the Special offer Link from the footer of the page
21:37:30.310 [main] INFO  resources.base - User Have reached the Favorites after clicking on the Favorites Link from the footer of the page
21:37:47.447 [main] INFO  resources.base - User has clicked on the Track button from the header of the page
21:37:47.649 [main] INFO  resources.base - User have reached the Track page after clicking on the Track button from the header of the page
21:37:56.300 [main] INFO  resources.base - User has clicked on the order button from the header of the page
21:37:56.345 [main] INFO  resources.base - User have reached the Order page after clicking on the Order button from the header of the page
21:38:25.319 [main] INFO  resources.base - User has clicked on the Purchase Analysis button from the header of the page
21:38:25.539 [main] INFO  resources.base - User have reached the Purchase Analysis page after clicking on the Purchase Analysis button from the header of the page
21:38:25.681 [main] INFO  resources.base - User have clicked on email icon on purchase analysis Page
21:38:25.950 [main] INFO  resources.base - User have entered the email on email field at purchase analysis Page
21:38:26.234 [main] INFO  resources.base - User have click on Send button at email popup screen at purchase analysis Page
21:38:35.744 [main] INFO  resources.base - User has clicked on the Calendar button from the header of the page
21:38:35.933 [main] INFO  resources.base - User have reached the  Calendar page after clicking on the Calendar button from the header of the page
21:39:05.839 [main] INFO  resources.base - User have reached the expiration report after clicking on the report button from the Calendar page from monthly view tab
21:39:20.578 [main] INFO  resources.base - User have reached the expiration report after clicking on the report button from the Calendar page from Detail view tab
21:39:33.030 [main] INFO  resources.base - User has clicked on the Assets report from Report tab
21:39:33.065 [main] INFO  resources.base - User have reached the assets report after clicking on asset link from report tab
21:39:46.421 [main] INFO  resources.base - User has clicked on the Days To Ship report from Report tab
21:39:46.473 [main] INFO  resources.base - User have reached the Days To Ship report after clicking on Days To Ship link from report tab
21:39:57.671 [main] INFO  resources.base - User has clicked on the Expiration report from Report tab
21:39:57.689 [main] INFO  resources.base - User have reached the Expiration report after clicking on Expiration link from report tab
21:40:08.584 [main] INFO  resources.base - User has clicked on the Inventory report from Report tab
21:40:08.592 [main] INFO  resources.base - User have reached the Inventory report after clicking on Inventory link from report tab
21:40:20.646 [main] INFO  resources.base - User has clicked on the Invoices report from Report tab
21:40:20.691 [main] INFO  resources.base - User have reached the Invoices report after clicking on Invoices link from report tab
21:40:34.475 [main] INFO  resources.base - User has clicked on the Invoice Line report from Report tab
21:40:34.513 [main] INFO  resources.base - User have reached the Invoice Line report after clicking on Invoice Line link from report tab
21:40:43.891 [main] INFO  resources.base - User has clicked on the Licenses report from Report tab
21:40:43.899 [main] INFO  resources.base - User have reached the Licenses report after clicking on Licenses link from report tab
21:40:56.844 [main] INFO  resources.base - User has clicked on the Orders report from Report tab
21:40:56.906 [main] INFO  resources.base - User have reached the Orders report after clicking on Orders link from report tab
21:41:08.664 [main] INFO  resources.base - User has clicked on the Order Line report from Report tab
21:41:08.711 [main] INFO  resources.base - User have reached the Order Line report after clicking on Order Line link from report tab
21:41:17.992 [main] INFO  resources.base - User has clicked on the PARs report from Report tab
21:41:18.038 [main] INFO  resources.base - User have reached the PARs report after clicking on PARs link from report tab
21:41:28.293 [main] INFO  resources.base - User has clicked on the Quotes report from Report tab
21:41:28.345 [main] INFO  resources.base - User have reached the Quotes report after clicking on Quotes link from report tab
21:41:36.994 [main] INFO  resources.base - User has clicked on the Receiving Log report from Report tab
21:41:37.013 [main] INFO  resources.base - User have reached the Receiving Log report after clicking on Receiving Log link from report tab
21:41:47.749 [main] INFO  resources.base - User has clicked on the Shipments report from Report tab
21:41:47.771 [main] INFO  resources.base - User have reached the Shipments report after clicking on Shipments link from report tab
21:41:57.288 [main] INFO  resources.base - User has clicked on the Shipments report from Report tab
21:41:57.354 [main] INFO  resources.base - User have reached the Standards report after clicking on Standards link from report tab
21:42:06.938 [main] INFO  resources.base - User has clicked on the Warranties report from Report tab
21:42:06.947 [main] INFO  resources.base - User have reached the Warranties report after clicking on Warranties link from report tab
21:42:11.738 [main] INFO  resources.base - User has clicked on the Saved Report icon from the header of the page
21:42:11.771 [main] INFO  resources.base - User have reached the  Saved Report page after clicking on the Saved Report icon from the header of the page
21:42:16.384 [main] INFO  resources.base - user is searching printer using the search textbox
21:42:46.712 [main] INFO  resources.base - User Have Successfully reached the Compare page
18:10:31.125 [main] INFO  resources.base - User Have Successfully Login To The Home Page
18:11:53.188 [main] INFO  resources.base - User Have Successfully reached the favorites Page
18:12:41.120 [main] INFO  resources.base - user is searching printer using the search textbox
18:13:01.131 [main] INFO  resources.base - User Have Successfully reached the printer search listing page
18:13:07.013 [main] INFO  resources.base - Search result data is Appearing on the Search Result Page
18:13:22.332 [main] INFO  resources.base - User has clicked on Add to Cart on First Searched Product
18:13:31.398 [main] INFO  resources.base - Product 1 is successfully added to Cart
18:13:31.531 [main] INFO  resources.base - User has closed the Add to Cart Modal after adding 1st product to cart
18:13:46.761 [main] INFO  resources.base - User Have Successfully reached the PDP Page
18:13:51.663 [main] INFO  resources.base - Recently Viewed Page is Opened
18:13:54.162 [main] INFO  resources.base - User has clicked the Logo from the footer of the page
18:13:54.172 [main] INFO  resources.base - User Have reached the Home Page clicking on the footer Logo
18:13:58.004 [main] INFO  resources.base - User has clicked on the My Profile page from My Account dropdown
18:13:58.027 [main] INFO  resources.base - User has clicked on the My Profile page from My Account dropdown
18:14:01.747 [main] INFO  resources.base - User has clicked on the My Profile page from My Account dropdown
18:14:04.066 [main] INFO  resources.base - User has clicked the Logo from the header of the page
18:14:04.074 [main] INFO  resources.base - User Have reached the Home Page clicking on the Header Logo
18:14:11.063 [main] INFO  resources.base - User has clicked on the Standard Catalog Navigation button from header
18:14:11.077 [main] INFO  resources.base - User Have reached the Standard Catalog Page
18:14:28.964 [main] INFO  resources.base - User has clicked on the 1st Standard Product appearing and reached the PDP Page
18:14:37.997 [main] INFO  resources.base - User has clicked on the All Product Nevigation button from the header
18:14:38.012 [main] INFO  resources.base - User Have reached the All Product Page
18:15:02.221 [main] INFO  resources.base - User has clicked on Audio Cables Category From All Products Page
18:15:02.234 [main] INFO  resources.base - User Have reached the Audio Cables Category Page
18:15:15.855 [main] INFO  resources.base - User has clicked on Resouces link from the header
18:15:15.861 [main] INFO  resources.base - User Have reached the Resources Page
18:15:24.744 [main] INFO  resources.base - User has clicked on Special Offer Link from the header
18:15:24.837 [main] INFO  resources.base - User Have reached the Special Offer Page
18:15:30.292 [main] INFO  resources.base - User has clicked on Cart Icon from the header
18:15:30.302 [main] INFO  resources.base - User Have reached the Shopping Cart Page
18:16:25.549 [main] INFO  resources.base - element not visible
  (Session info: chrome=66.0.3359.139)
  (Driver info: chromedriver=2.36.540470 (e522d04694c7ebea4ba8821272dbef4f9b818c91),platform=Windows NT 10.0.16299 x86_64) (WARNING: The server did not provide any stacktrace information)
Command duration or timeout: 0 milliseconds
Build info: version: '3.8.1', revision: '6e95a6684b', time: '2017-12-01T18:33:54.468Z'
System info: host: 'DESKTOP-B75F35K', ip: '10.0.2.15', os.name: 'Windows 10', os.arch: 'amd64', os.version: '10.0', java.version: '1.8.0_171'
Driver info: org.openqa.selenium.chrome.ChromeDriver
Capabilities {acceptInsecureCerts: false, acceptSslCerts: false, applicationCacheEnabled: false, browserConnectionEnabled: false, browserName: chrome, chrome: {chromedriverVersion: 2.36.540470 (e522d04694c7eb..., userDataDir: C:\Users\bilaw\AppData\Loca...}, cssSelectorsEnabled: true, databaseEnabled: false, handlesAlerts: true, hasTouchScreen: false, javascriptEnabled: true, locationContextEnabled: true, mobileEmulationEnabled: false, nativeEvents: true, networkConnectionEnabled: false, pageLoadStrategy: normal, platform: XP, platformName: XP, rotatable: false, setWindowRect: true, takesHeapSnapshot: true, takesScreenshot: true, unexpectedAlertBehaviour: , unhandledPromptBehavior: , version: 66.0.3359.139, webStorageEnabled: true}
Session ID: 8e6596d4eedb7ca27792ebcc1b0a82d4
18:16:30.557 [main] INFO  resources.base - User Have reached the order confirmation page after placing the order
18:16:38.651 [main] INFO  resources.base - User has clicked the Logo from the header of the page
18:16:48.662 [main] INFO  resources.base - User Have reached the Home Page clicking on the Header Logo
18:16:51.083 [main] INFO  resources.base - User has clicked the Logo from the footer of the page
18:16:51.100 [main] INFO  resources.base - User Have reached the Home Page clicking on the footer Logo
18:16:53.320 [main] INFO  resources.base - User has clicked on the Standard Catalog Link from the footer of the page
18:16:53.331 [main] INFO  resources.base - User Have reached the Standard Product page after clicking on the Standard Catalog Link from the footer of the page
18:16:55.653 [main] INFO  resources.base - User has clicked on the All product Link from the footer of the page
18:16:55.658 [main] INFO  resources.base - User Have reached the All Product page after clicking on the Standard Catalog Link from the footer of the page
18:17:02.991 [main] INFO  resources.base - User has clicked on the resources  Link from the footer of the page
18:17:03.000 [main] INFO  resources.base - User Have reached the resources page after clicking on the resources Link from the footer of the page
18:17:09.372 [main] INFO  resources.base - User has clicked on the Special offer Link from the footer of the page
18:17:09.383 [main] INFO  resources.base - User Have reached the Special offer after clicking on the Special offer Link from the footer of the page
18:17:11.709 [main] INFO  resources.base - User has clicked on the Special offer Link from the footer of the page
18:17:11.735 [main] INFO  resources.base - User Have reached the Favorites after clicking on the Favorites Link from the footer of the page
18:17:25.830 [main] INFO  resources.base - User has clicked on the Track button from the header of the page
18:17:25.835 [main] INFO  resources.base - User have reached the Track page after clicking on the Track button from the header of the page
18:17:32.221 [main] INFO  resources.base - User has clicked on the order button from the header of the page
18:17:32.241 [main] INFO  resources.base - User have reached the Order page after clicking on the Order button from the header of the page
18:17:52.429 [main] INFO  resources.base - User has clicked on the Purchase Analysis button from the header of the page
18:17:52.685 [main] INFO  resources.base - User have reached the Purchase Analysis page after clicking on the Purchase Analysis button from the header of the page
18:17:52.899 [main] INFO  resources.base - User have clicked on email icon on purchase analysis Page
18:17:53.419 [main] INFO  resources.base - User have entered the email on email field at purchase analysis Page
18:17:53.829 [main] INFO  resources.base - User have click on Send button at email popup screen at purchase analysis Page
18:18:00.641 [main] INFO  resources.base - User has clicked on the Calendar button from the header of the page
18:18:00.656 [main] INFO  resources.base - User have reached the  Calendar page after clicking on the Calendar button from the header of the page
18:18:15.276 [main] INFO  resources.base - User have reached the expiration report after clicking on the report button from the Calendar page from monthly view tab
18:18:28.789 [main] INFO  resources.base - User have reached the expiration report after clicking on the report button from the Calendar page from Detail view tab
18:18:43.438 [main] INFO  resources.base - User has clicked on the Assets report from Report tab
18:18:43.471 [main] INFO  resources.base - User have reached the assets report after clicking on asset link from report tab
18:18:56.845 [main] INFO  resources.base - User has clicked on the Days To Ship report from Report tab
18:18:56.864 [main] INFO  resources.base - User have reached the Days To Ship report after clicking on Days To Ship link from report tab
18:19:08.172 [main] INFO  resources.base - User has clicked on the Expiration report from Report tab
18:19:08.234 [main] INFO  resources.base - User have reached the Expiration report after clicking on Expiration link from report tab
18:19:19.234 [main] INFO  resources.base - User has clicked on the Inventory report from Report tab
18:19:19.290 [main] INFO  resources.base - User have reached the Inventory report after clicking on Inventory link from report tab
18:19:30.656 [main] INFO  resources.base - User has clicked on the Invoices report from Report tab
18:19:30.661 [main] INFO  resources.base - User have reached the Invoices report after clicking on Invoices link from report tab
18:19:41.719 [main] INFO  resources.base - User has clicked on the Invoice Line report from Report tab
18:19:41.735 [main] INFO  resources.base - User have reached the Invoice Line report after clicking on Invoice Line link from report tab
18:19:50.459 [main] INFO  resources.base - User has clicked on the Licenses report from Report tab
18:19:50.528 [main] INFO  resources.base - User have reached the Licenses report after clicking on Licenses link from report tab
18:20:01.172 [main] INFO  resources.base - User has clicked on the Orders report from Report tab
18:20:01.199 [main] INFO  resources.base - User have reached the Orders report after clicking on Orders link from report tab
18:20:12.636 [main] INFO  resources.base - User has clicked on the Order Line report from Report tab
18:20:12.662 [main] INFO  resources.base - User have reached the Order Line report after clicking on Order Line link from report tab
18:20:22.637 [main] INFO  resources.base - User has clicked on the PARs report from Report tab
18:20:22.649 [main] INFO  resources.base - User have reached the PARs report after clicking on PARs link from report tab
18:20:33.467 [main] INFO  resources.base - User has clicked on the Quotes report from Report tab
18:20:33.475 [main] INFO  resources.base - User have reached the Quotes report after clicking on Quotes link from report tab
18:20:42.701 [main] INFO  resources.base - User has clicked on the Receiving Log report from Report tab
18:20:42.707 [main] INFO  resources.base - User have reached the Receiving Log report after clicking on Receiving Log link from report tab
18:20:54.430 [main] INFO  resources.base - User has clicked on the Shipments report from Report tab
18:20:54.448 [main] INFO  resources.base - User have reached the Shipments report after clicking on Shipments link from report tab
18:21:04.346 [main] INFO  resources.base - User has clicked on the Shipments report from Report tab
18:21:04.392 [main] INFO  resources.base - User have reached the Standards report after clicking on Standards link from report tab
18:21:13.339 [main] INFO  resources.base - User has clicked on the Warranties report from Report tab
18:21:13.346 [main] INFO  resources.base - User have reached the Warranties report after clicking on Warranties link from report tab
18:21:19.062 [main] INFO  resources.base - User has clicked on the Saved Report icon from the header of the page
18:21:19.070 [main] INFO  resources.base - User have reached the  Saved Report page after clicking on the Saved Report icon from the header of the page
18:21:24.128 [main] INFO  resources.base - user is searching printer using the search textbox
18:21:52.231 [main] INFO  resources.base - User Have Successfully reached the Compare page
13:49:51.592 [main] INFO  resources.base - User Have Successfully Login To The Home Page
13:49:58.510 [main] INFO  resources.base - User Have Successfully reached the favorites Page
13:50:27.601 [main] INFO  resources.base - user is searching printer using the search textbox
13:50:47.652 [main] INFO  resources.base - User Have Successfully reached the printer search listing page
13:50:47.744 [main] INFO  resources.base - Search result data is Appearing on the Search Result Page
13:50:50.930 [main] INFO  resources.base - User has clicked on Add to Cart on First Searched Product
13:50:57.291 [main] INFO  resources.base - Product 1 is successfully added to Cart
13:50:57.415 [main] INFO  resources.base - User has closed the Add to Cart Modal after adding 1st product to cart
13:51:12.539 [main] INFO  resources.base - User Have Successfully reached the PDP Page
13:51:17.056 [main] INFO  resources.base - Recently Viewed Page is Opened
13:51:19.557 [main] INFO  resources.base - User has clicked the Logo from the footer of the page
13:51:19.564 [main] INFO  resources.base - User Have reached the Home Page clicking on the footer Logo
13:51:23.046 [main] INFO  resources.base - User has clicked on the My Profile page from My Account dropdown
13:51:23.069 [main] INFO  resources.base - User has clicked on the My Profile page from My Account dropdown
13:51:26.892 [main] INFO  resources.base - User has clicked on the My Profile page from My Account dropdown
13:51:29.400 [main] INFO  resources.base - User has clicked the Logo from the header of the page
13:51:29.415 [main] INFO  resources.base - User Have reached the Home Page clicking on the Header Logo
13:51:35.188 [main] INFO  resources.base - User has clicked on the Standard Catalog Navigation button from header
13:51:35.194 [main] INFO  resources.base - User Have reached the Standard Catalog Page
13:51:51.620 [main] INFO  resources.base - User has clicked on the 1st Standard Product appearing and reached the PDP Page
13:52:02.076 [main] INFO  resources.base - User has clicked on the All Product Nevigation button from the header
13:52:02.081 [main] INFO  resources.base - User Have reached the All Product Page
13:52:25.490 [main] INFO  resources.base - User has clicked on Audio Cables Category From All Products Page
13:52:25.498 [main] INFO  resources.base - User Have reached the Audio Cables Category Page
13:52:36.649 [main] INFO  resources.base - User has clicked on Resouces link from the header
13:52:36.679 [main] INFO  resources.base - User Have reached the Resources Page
13:52:43.393 [main] INFO  resources.base - User has clicked on Special Offer Link from the header
13:52:43.400 [main] INFO  resources.base - User Have reached the Special Offer Page
13:52:48.337 [main] INFO  resources.base - User has clicked on Cart Icon from the header
13:52:48.356 [main] INFO  resources.base - User Have reached the Shopping Cart Page
13:53:43.698 [main] INFO  resources.base - element not visible
  (Session info: chrome=66.0.3359.181)
  (Driver info: chromedriver=2.36.540470 (e522d04694c7ebea4ba8821272dbef4f9b818c91),platform=Windows NT 10.0.16299 x86_64) (WARNING: The server did not provide any stacktrace information)
Command duration or timeout: 0 milliseconds
Build info: version: '3.8.1', revision: '6e95a6684b', time: '2017-12-01T18:33:54.468Z'
System info: host: 'DESKTOP-B75F35K', ip: '10.0.2.15', os.name: 'Windows 10', os.arch: 'amd64', os.version: '10.0', java.version: '1.8.0_171'
Driver info: org.openqa.selenium.chrome.ChromeDriver
Capabilities {acceptInsecureCerts: false, acceptSslCerts: false, applicationCacheEnabled: false, browserConnectionEnabled: false, browserName: chrome, chrome: {chromedriverVersion: 2.36.540470 (e522d04694c7eb..., userDataDir: C:\Users\bilaw\AppData\Loca...}, cssSelectorsEnabled: true, databaseEnabled: false, handlesAlerts: true, hasTouchScreen: false, javascriptEnabled: true, locationContextEnabled: true, mobileEmulationEnabled: false, nativeEvents: true, networkConnectionEnabled: false, pageLoadStrategy: normal, platform: XP, platformName: XP, rotatable: false, setWindowRect: true, takesHeapSnapshot: true, takesScreenshot: true, unexpectedAlertBehaviour: , unhandledPromptBehavior: , version: 66.0.3359.181, webStorageEnabled: true}
Session ID: 328d594f11056edfa12082313ab63233
13:53:48.715 [main] ERROR resources.base - User have not reached the order confirmation page
13:53:48.715 [main] ERROR resources.base - expected [Order Confirmation - MarkITplace] but found [Checkout - MarkITplace]
13:53:50.991 [main] INFO  resources.base - User has clicked the Logo from the header of the page
13:54:00.999 [main] INFO  resources.base - User Have reached the Home Page clicking on the Header Logo
13:54:03.388 [main] INFO  resources.base - User has clicked the Logo from the footer of the page
13:54:03.415 [main] INFO  resources.base - User Have reached the Home Page clicking on the footer Logo
13:54:06.469 [main] INFO  resources.base - User has clicked on the Standard Catalog Link from the footer of the page
13:54:06.482 [main] INFO  resources.base - User Have reached the Standard Product page after clicking on the Standard Catalog Link from the footer of the page
13:54:08.537 [main] INFO  resources.base - User has clicked on the All product Link from the footer of the page
13:54:08.561 [main] INFO  resources.base - User Have reached the All Product page after clicking on the Standard Catalog Link from the footer of the page
13:54:14.032 [main] INFO  resources.base - User has clicked on the resources  Link from the footer of the page
13:54:14.039 [main] INFO  resources.base - User Have reached the resources page after clicking on the resources Link from the footer of the page
13:54:16.929 [main] INFO  resources.base - User has clicked on the Special offer Link from the footer of the page
13:54:16.949 [main] INFO  resources.base - User Have reached the Special offer after clicking on the Special offer Link from the footer of the page
13:54:18.757 [main] INFO  resources.base - User has clicked on the Special offer Link from the footer of the page
13:54:18.766 [main] INFO  resources.base - User Have reached the Favorites after clicking on the Favorites Link from the footer of the page
13:54:34.443 [main] INFO  resources.base - User has clicked on the Track button from the header of the page
13:54:34.465 [main] INFO  resources.base - User have reached the Track page after clicking on the Track button from the header of the page
13:54:41.927 [main] INFO  resources.base - User has clicked on the order button from the header of the page
13:54:41.951 [main] INFO  resources.base - User have reached the Order page after clicking on the Order button from the header of the page
13:55:07.822 [main] INFO  resources.base - User has clicked on the Purchase Analysis button from the header of the page
13:55:08.057 [main] INFO  resources.base - User have reached the Purchase Analysis page after clicking on the Purchase Analysis button from the header of the page
13:55:08.345 [main] INFO  resources.base - User have clicked on email icon on purchase analysis Page
13:55:08.801 [main] INFO  resources.base - User have entered the email on email field at purchase analysis Page
13:55:09.078 [main] INFO  resources.base - User have click on Send button at email popup screen at purchase analysis Page
13:55:15.216 [main] INFO  resources.base - User has clicked on the Calendar button from the header of the page
13:55:15.224 [main] INFO  resources.base - User have reached the  Calendar page after clicking on the Calendar button from the header of the page
13:55:48.210 [main] INFO  resources.base - User have reached the expiration report after clicking on the report button from the Calendar page from monthly view tab
13:56:18.428 [main] INFO  resources.base - User have reached the expiration report after clicking on the report button from the Calendar page from Detail view tab
13:56:31.624 [main] INFO  resources.base - User has clicked on the Assets report from Report tab
13:56:31.637 [main] INFO  resources.base - User have reached the assets report after clicking on asset link from report tab
13:56:45.258 [main] INFO  resources.base - User has clicked on the Days To Ship report from Report tab
13:56:45.275 [main] INFO  resources.base - User have reached the Days To Ship report after clicking on Days To Ship link from report tab
13:56:58.639 [main] INFO  resources.base - User has clicked on the Expiration report from Report tab
13:56:58.656 [main] INFO  resources.base - User have reached the Expiration report after clicking on Expiration link from report tab
13:57:12.113 [main] INFO  resources.base - User has clicked on the Inventory report from Report tab
13:57:12.142 [main] INFO  resources.base - User have reached the Inventory report after clicking on Inventory link from report tab
13:57:23.168 [main] INFO  resources.base - User has clicked on the Invoices report from Report tab
13:57:23.189 [main] INFO  resources.base - User have reached the Invoices report after clicking on Invoices link from report tab
13:57:34.771 [main] INFO  resources.base - User has clicked on the Invoice Line report from Report tab
13:57:34.791 [main] INFO  resources.base - User have reached the Invoice Line report after clicking on Invoice Line link from report tab
13:57:43.475 [main] INFO  resources.base - User has clicked on the Licenses report from Report tab
13:57:43.490 [main] INFO  resources.base - User have reached the Licenses report after clicking on Licenses link from report tab
13:57:54.196 [main] INFO  resources.base - User has clicked on the Orders report from Report tab
13:57:54.211 [main] INFO  resources.base - User have reached the Orders report after clicking on Orders link from report tab
13:58:08.852 [main] INFO  resources.base - User has clicked on the Order Line report from Report tab
13:58:08.868 [main] INFO  resources.base - User have reached the Order Line report after clicking on Order Line link from report tab
13:58:21.377 [main] INFO  resources.base - User has clicked on the PARs report from Report tab
13:58:21.385 [main] INFO  resources.base - User have reached the PARs report after clicking on PARs link from report tab
13:58:34.737 [main] INFO  resources.base - User has clicked on the Quotes report from Report tab
13:58:34.770 [main] INFO  resources.base - User have reached the Quotes report after clicking on Quotes link from report tab
13:58:43.740 [main] INFO  resources.base - User has clicked on the Receiving Log report from Report tab
13:58:43.749 [main] INFO  resources.base - User have reached the Receiving Log report after clicking on Receiving Log link from report tab
13:59:03.953 [main] INFO  resources.base - User has clicked on the Shipments report from Report tab
13:59:03.990 [main] INFO  resources.base - User have reached the Shipments report after clicking on Shipments link from report tab
13:59:13.731 [main] INFO  resources.base - User has clicked on the Shipments report from Report tab
13:59:13.755 [main] INFO  resources.base - User have reached the Standards report after clicking on Standards link from report tab
13:59:26.023 [main] INFO  resources.base - User has clicked on the Warranties report from Report tab
13:59:26.041 [main] INFO  resources.base - User have reached the Warranties report after clicking on Warranties link from report tab
13:59:31.512 [main] INFO  resources.base - User has clicked on the Saved Report icon from the header of the page
13:59:31.517 [main] INFO  resources.base - User have reached the  Saved Report page after clicking on the Saved Report icon from the header of the page
13:59:34.935 [main] INFO  resources.base - user is searching printer using the search textbox
14:00:04.195 [main] INFO  resources.base - User Have Successfully reached the Compare page
14:12:52.121 [main] INFO  resources.base - User Have Successfully Login To The Home Page
14:12:57.388 [main] INFO  resources.base - User Have Successfully reached the favorites Page
14:13:26.657 [main] INFO  resources.base - user is searching printer using the search textbox
14:13:46.698 [main] INFO  resources.base - User Have Successfully reached the printer search listing page
14:13:46.776 [main] INFO  resources.base - Search result data is Appearing on the Search Result Page
14:13:53.898 [main] INFO  resources.base - User has clicked on Add to Cart on First Searched Product
14:14:01.776 [main] INFO  resources.base - Product 1 is successfully added to Cart
14:14:01.911 [main] INFO  resources.base - User has closed the Add to Cart Modal after adding 1st product to cart
14:14:16.799 [main] INFO  resources.base - User Have Successfully reached the PDP Page
14:14:20.988 [main] INFO  resources.base - Recently Viewed Page is Opened
14:14:24.140 [main] INFO  resources.base - User has clicked the Logo from the footer of the page
14:14:24.146 [main] INFO  resources.base - User Have reached the Home Page clicking on the footer Logo
14:14:27.536 [main] INFO  resources.base - User has clicked on the My Profile page from My Account dropdown
14:14:27.548 [main] INFO  resources.base - User has clicked on the My Profile page from My Account dropdown
14:14:31.078 [main] INFO  resources.base - User has clicked on the My Profile page from My Account dropdown
14:14:33.096 [main] INFO  resources.base - User has clicked the Logo from the header of the page
14:14:33.159 [main] INFO  resources.base - User Have reached the Home Page clicking on the Header Logo
14:14:36.877 [main] INFO  resources.base - User has clicked on the Standard Catalog Navigation button from header
14:14:36.888 [main] INFO  resources.base - User Have reached the Standard Catalog Page
14:14:53.604 [main] INFO  resources.base - User has clicked on the 1st Standard Product appearing and reached the PDP Page
14:15:02.644 [main] INFO  resources.base - User has clicked on the All Product Nevigation button from the header
14:15:02.652 [main] INFO  resources.base - User Have reached the All Product Page
14:15:23.290 [main] INFO  resources.base - User has clicked on Audio Cables Category From All Products Page
14:15:23.300 [main] INFO  resources.base - User Have reached the Audio Cables Category Page
14:15:34.567 [main] INFO  resources.base - User has clicked on Resouces link from the header
14:15:34.575 [main] INFO  resources.base - User Have reached the Resources Page
14:15:41.200 [main] INFO  resources.base - User has clicked on Special Offer Link from the header
14:15:41.207 [main] INFO  resources.base - User Have reached the Special Offer Page
14:15:46.229 [main] INFO  resources.base - User has clicked on Cart Icon from the header
14:15:46.249 [main] INFO  resources.base - User Have reached the Shopping Cart Page
14:16:43.088 [main] INFO  resources.base - element not visible
  (Session info: chrome=66.0.3359.181)
  (Driver info: chromedriver=2.36.540470 (e522d04694c7ebea4ba8821272dbef4f9b818c91),platform=Windows NT 10.0.16299 x86_64) (WARNING: The server did not provide any stacktrace information)
Command duration or timeout: 0 milliseconds
Build info: version: '3.8.1', revision: '6e95a6684b', time: '2017-12-01T18:33:54.468Z'
System info: host: 'DESKTOP-B75F35K', ip: '10.0.2.15', os.name: 'Windows 10', os.arch: 'amd64', os.version: '10.0', java.version: '1.8.0_171'
Driver info: org.openqa.selenium.chrome.ChromeDriver
Capabilities {acceptInsecureCerts: false, acceptSslCerts: false, applicationCacheEnabled: false, browserConnectionEnabled: false, browserName: chrome, chrome: {chromedriverVersion: 2.36.540470 (e522d04694c7eb..., userDataDir: C:\Users\bilaw\AppData\Loca...}, cssSelectorsEnabled: true, databaseEnabled: false, handlesAlerts: true, hasTouchScreen: false, javascriptEnabled: true, locationContextEnabled: true, mobileEmulationEnabled: false, nativeEvents: true, networkConnectionEnabled: false, pageLoadStrategy: normal, platform: XP, platformName: XP, rotatable: false, setWindowRect: true, takesHeapSnapshot: true, takesScreenshot: true, unexpectedAlertBehaviour: , unhandledPromptBehavior: , version: 66.0.3359.181, webStorageEnabled: true}
Session ID: d29d8178b5b870e4869bb9dbb8716f2a
14:16:48.120 [main] INFO  resources.base - User Have reached the order confirmation page after placing the order
14:17:05.653 [main] INFO  resources.base - User has clicked the Logo from the header of the page
14:17:15.667 [main] INFO  resources.base - User Have reached the Home Page clicking on the Header Logo
14:17:18.309 [main] INFO  resources.base - User has clicked the Logo from the footer of the page
14:17:18.368 [main] INFO  resources.base - User Have reached the Home Page clicking on the footer Logo
14:17:21.424 [main] INFO  resources.base - User has clicked on the Standard Catalog Link from the footer of the page
14:17:21.435 [main] INFO  resources.base - User Have reached the Standard Product page after clicking on the Standard Catalog Link from the footer of the page
14:17:23.518 [main] INFO  resources.base - User has clicked on the All product Link from the footer of the page
14:17:23.526 [main] INFO  resources.base - User Have reached the All Product page after clicking on the Standard Catalog Link from the footer of the page
14:17:29.940 [main] INFO  resources.base - User has clicked on the resources  Link from the footer of the page
14:17:29.971 [main] INFO  resources.base - User Have reached the resources page after clicking on the resources Link from the footer of the page
14:17:33.563 [main] INFO  resources.base - User has clicked on the Special offer Link from the footer of the page
14:17:33.571 [main] INFO  resources.base - User Have reached the Special offer after clicking on the Special offer Link from the footer of the page
14:17:35.159 [main] INFO  resources.base - User has clicked on the Special offer Link from the footer of the page
14:17:35.174 [main] INFO  resources.base - User Have reached the Favorites after clicking on the Favorites Link from the footer of the page
14:17:42.858 [main] INFO  resources.base - User has clicked on the Track button from the header of the page
14:17:42.872 [main] INFO  resources.base - User have reached the Track page after clicking on the Track button from the header of the page
14:17:50.395 [main] INFO  resources.base - User has clicked on the order button from the header of the page
14:17:50.409 [main] INFO  resources.base - User have reached the Order page after clicking on the Order button from the header of the page
14:17:59.468 [main] INFO  resources.base - User has clicked on the Purchase Analysis button from the header of the page
14:17:59.673 [main] INFO  resources.base - User have reached the Purchase Analysis page after clicking on the Purchase Analysis button from the header of the page
14:17:59.843 [main] INFO  resources.base - User have clicked on email icon on purchase analysis Page
14:18:00.204 [main] INFO  resources.base - User have entered the email on email field at purchase analysis Page
14:18:00.623 [main] INFO  resources.base - User have click on Send button at email popup screen at purchase analysis Page
14:18:05.514 [main] INFO  resources.base - User has clicked on the Calendar button from the header of the page
14:18:05.525 [main] INFO  resources.base - User have reached the  Calendar page after clicking on the Calendar button from the header of the page
14:18:13.452 [main] INFO  resources.base - User have reached the expiration report after clicking on the report button from the Calendar page from monthly view tab
14:18:23.313 [main] INFO  resources.base - User have reached the expiration report after clicking on the report button from the Calendar page from Detail view tab
14:18:47.738 [main] INFO  resources.base - User has clicked on the Assets report from Report tab
14:18:47.753 [main] INFO  resources.base - User have reached the assets report after clicking on asset link from report tab
14:19:03.088 [main] INFO  resources.base - User has clicked on the Days To Ship report from Report tab
14:19:03.104 [main] INFO  resources.base - User have reached the Days To Ship report after clicking on Days To Ship link from report tab
14:19:17.283 [main] INFO  resources.base - User has clicked on the Expiration report from Report tab
14:19:17.311 [main] INFO  resources.base - User have reached the Expiration report after clicking on Expiration link from report tab
14:19:27.845 [main] INFO  resources.base - User has clicked on the Inventory report from Report tab
14:19:27.861 [main] INFO  resources.base - User have reached the Inventory report after clicking on Inventory link from report tab
14:19:41.464 [main] INFO  resources.base - User has clicked on the Invoices report from Report tab
14:19:41.497 [main] INFO  resources.base - User have reached the Invoices report after clicking on Invoices link from report tab
14:19:51.821 [main] INFO  resources.base - User has clicked on the Invoice Line report from Report tab
14:19:51.839 [main] INFO  resources.base - User have reached the Invoice Line report after clicking on Invoice Line link from report tab
14:20:02.465 [main] INFO  resources.base - User has clicked on the Licenses report from Report tab
14:20:02.472 [main] INFO  resources.base - User have reached the Licenses report after clicking on Licenses link from report tab
14:20:14.692 [main] INFO  resources.base - User has clicked on the Orders report from Report tab
14:20:14.714 [main] INFO  resources.base - User have reached the Orders report after clicking on Orders link from report tab
14:20:22.293 [main] INFO  resources.base - User has clicked on the Order Line report from Report tab
14:20:22.311 [main] INFO  resources.base - User have reached the Order Line report after clicking on Order Line link from report tab
14:20:29.014 [main] INFO  resources.base - User has clicked on the PARs report from Report tab
14:20:29.022 [main] INFO  resources.base - User have reached the PARs report after clicking on PARs link from report tab
14:20:36.680 [main] INFO  resources.base - User has clicked on the Quotes report from Report tab
14:20:36.688 [main] INFO  resources.base - User have reached the Quotes report after clicking on Quotes link from report tab
14:20:45.591 [main] INFO  resources.base - User has clicked on the Receiving Log report from Report tab
14:20:45.602 [main] INFO  resources.base - User have reached the Receiving Log report after clicking on Receiving Log link from report tab
14:20:55.842 [main] INFO  resources.base - User has clicked on the Shipments report from Report tab
14:20:55.855 [main] INFO  resources.base - User have reached the Shipments report after clicking on Shipments link from report tab
14:21:02.791 [main] INFO  resources.base - User has clicked on the Shipments report from Report tab
14:21:02.797 [main] INFO  resources.base - User have reached the Standards report after clicking on Standards link from report tab
14:21:09.933 [main] INFO  resources.base - User has clicked on the Warranties report from Report tab
14:21:09.945 [main] INFO  resources.base - User have reached the Warranties report after clicking on Warranties link from report tab
14:21:15.168 [main] INFO  resources.base - User has clicked on the Saved Report icon from the header of the page
14:21:15.185 [main] INFO  resources.base - User have reached the  Saved Report page after clicking on the Saved Report icon from the header of the page
14:21:18.362 [main] INFO  resources.base - user is searching printer using the search textbox
14:21:58.482 [main] INFO  resources.base - User Have Successfully reached the Compare page
08:42:33.608 [main] INFO  resources.base - User Have Successfully Login To The Home Page
08:42:38.847 [main] INFO  resources.base - User Have Successfully reached the favorites Page
08:42:56.249 [main] INFO  resources.base - user is searching printer using the search textbox
08:43:16.257 [main] INFO  resources.base - User Have Successfully reached the printer search listing page
08:43:16.295 [main] INFO  resources.base - Search result data is Appearing on the Search Result Page
08:43:20.456 [main] INFO  resources.base - User has clicked on Add to Cart on First Searched Product
08:43:24.733 [main] INFO  resources.base - Product 1 is successfully added to Cart
08:43:24.873 [main] INFO  resources.base - User has closed the Add to Cart Modal after adding 1st product to cart
08:43:41.842 [main] INFO  resources.base - User Have Successfully reached the PDP Page
08:43:45.718 [main] INFO  resources.base - Recently Viewed Page is Opened
08:43:47.542 [main] INFO  resources.base - User has clicked the Logo from the footer of the page
08:43:47.554 [main] INFO  resources.base - User Have reached the Home Page clicking on the footer Logo
08:43:51.142 [main] INFO  resources.base - User has clicked on the My Profile page from My Account dropdown
08:43:51.155 [main] INFO  resources.base - User has clicked on the My Profile page from My Account dropdown
08:43:54.706 [main] INFO  resources.base - User has clicked on the My Profile page from My Account dropdown
08:43:56.630 [main] INFO  resources.base - User has clicked the Logo from the header of the page
08:43:56.661 [main] INFO  resources.base - User Have reached the Home Page clicking on the Header Logo
08:44:01.234 [main] INFO  resources.base - User has clicked on the Standard Catalog Navigation button from header
08:44:01.257 [main] INFO  resources.base - User Have reached the Standard Catalog Page
08:44:17.249 [main] INFO  resources.base - User has clicked on the 1st Standard Product appearing and reached the PDP Page
08:44:25.842 [main] INFO  resources.base - User has clicked on the All Product Nevigation button from the header
08:44:25.852 [main] INFO  resources.base - User Have reached the All Product Page
08:44:33.596 [main] INFO  resources.base - User has clicked on Audio Cables Category From All Products Page
08:44:33.608 [main] INFO  resources.base - User Have reached the Audio Cables Category Page
08:44:44.895 [main] INFO  resources.base - User has clicked on Resouces link from the header
08:44:44.912 [main] INFO  resources.base - User Have reached the Resources Page
08:44:53.177 [main] INFO  resources.base - User has clicked on Special Offer Link from the header
08:44:53.207 [main] INFO  resources.base - User Have reached the Special Offer Page
08:44:58.585 [main] INFO  resources.base - User has clicked on Cart Icon from the header
08:44:58.608 [main] INFO  resources.base - User Have reached the Shopping Cart Page
08:45:53.469 [main] INFO  resources.base - element not visible
  (Session info: chrome=66.0.3359.181)
  (Driver info: chromedriver=2.36.540470 (e522d04694c7ebea4ba8821272dbef4f9b818c91),platform=Windows NT 10.0.16299 x86_64) (WARNING: The server did not provide any stacktrace information)
Command duration or timeout: 0 milliseconds
Build info: version: '3.8.1', revision: '6e95a6684b', time: '2017-12-01T18:33:54.468Z'
System info: host: 'DESKTOP-B75F35K', ip: '10.0.2.15', os.name: 'Windows 10', os.arch: 'amd64', os.version: '10.0', java.version: '1.8.0_171'
Driver info: org.openqa.selenium.chrome.ChromeDriver
Capabilities {acceptInsecureCerts: false, acceptSslCerts: false, applicationCacheEnabled: false, browserConnectionEnabled: false, browserName: chrome, chrome: {chromedriverVersion: 2.36.540470 (e522d04694c7eb..., userDataDir: C:\Users\bilaw\AppData\Loca...}, cssSelectorsEnabled: true, databaseEnabled: false, handlesAlerts: true, hasTouchScreen: false, javascriptEnabled: true, locationContextEnabled: true, mobileEmulationEnabled: false, nativeEvents: true, networkConnectionEnabled: false, pageLoadStrategy: normal, platform: XP, platformName: XP, rotatable: false, setWindowRect: true, takesHeapSnapshot: true, takesScreenshot: true, unexpectedAlertBehaviour: , unhandledPromptBehavior: , version: 66.0.3359.181, webStorageEnabled: true}
Session ID: 9381d863c62a6c24a928770e3755aee0
08:45:58.476 [main] INFO  resources.base - User Have reached the order confirmation page after placing the order
08:46:15.785 [main] INFO  resources.base - User has clicked the Logo from the header of the page
08:46:25.797 [main] INFO  resources.base - User Have reached the Home Page clicking on the Header Logo
08:46:28.435 [main] INFO  resources.base - User has clicked the Logo from the footer of the page
08:46:28.445 [main] INFO  resources.base - User Have reached the Home Page clicking on the footer Logo
08:46:32.466 [main] INFO  resources.base - User has clicked on the Standard Catalog Link from the footer of the page
08:46:32.474 [main] INFO  resources.base - User Have reached the Standard Product page after clicking on the Standard Catalog Link from the footer of the page
08:46:34.332 [main] INFO  resources.base - User has clicked on the All product Link from the footer of the page
08:46:34.342 [main] INFO  resources.base - User Have reached the All Product page after clicking on the Standard Catalog Link from the footer of the page
08:46:40.692 [main] INFO  resources.base - User has clicked on the resources  Link from the footer of the page
08:46:40.718 [main] INFO  resources.base - User Have reached the resources page after clicking on the resources Link from the footer of the page
08:46:48.873 [main] INFO  resources.base - User has clicked on the Special offer Link from the footer of the page
08:46:48.881 [main] INFO  resources.base - User Have reached the Special offer after clicking on the Special offer Link from the footer of the page
08:46:57.067 [main] INFO  resources.base - User has clicked on the Special offer Link from the footer of the page
08:46:57.079 [main] INFO  resources.base - User Have reached the Favorites after clicking on the Favorites Link from the footer of the page
08:47:13.001 [main] INFO  resources.base - User has clicked on the Track button from the header of the page
08:47:13.124 [main] INFO  resources.base - User have reached the Track page after clicking on the Track button from the header of the page
08:47:19.578 [main] INFO  resources.base - User has clicked on the order button from the header of the page
08:47:19.588 [main] INFO  resources.base - User have reached the Order page after clicking on the Order button from the header of the page
08:47:37.410 [main] INFO  resources.base - User has clicked on the Purchase Analysis button from the header of the page
08:47:37.436 [main] INFO  resources.base - User have reached the Purchase Analysis page after clicking on the Purchase Analysis button from the header of the page
