07:57:04.971 [main] INFO  resources.base - User Have Successfully reached the printer search listing page
07:57:05.033 [main] INFO  resources.base - Search result data is Appearing on the Search Result Page
07:57:11.659 [main] INFO  resources.base - User has clicked on Add to Cart on First Searched Product
07:57:20.052 [main] INFO  resources.base - Product 1 is successfully added to Cart
07:57:20.158 [main] INFO  resources.base - User has closed the Add to Cart Modal after adding 1st product to cart
07:57:36.026 [main] INFO  resources.base - User Have Successfully reached the PDP Page
07:57:39.311 [main] INFO  resources.base - Recently Viewed Page is Opened
07:57:41.196 [main] INFO  resources.base - User has clicked the Logo from the footer of the page
07:57:41.207 [main] INFO  resources.base - User Have reached the Home Page clicking on the footer Logo
07:57:44.794 [main] INFO  resources.base - User has clicked on the My Profile page from My Account dropdown
07:57:44.801 [main] INFO  resources.base - User has clicked on the My Profile page from My Account dropdown
07:57:48.150 [main] INFO  resources.base - User has clicked on the My Profile page from My Account dropdown
07:57:50.868 [main] INFO  resources.base - User has clicked the Logo from the header of the page
07:57:50.875 [main] INFO  resources.base - User Have reached the Home Page clicking on the Header Logo
07:57:54.246 [main] INFO  resources.base - User has clicked on the Standard Catalog Navigation button from header
07:57:54.253 [main] INFO  resources.base - User Have reached the Standard Catalog Page
07:58:11.097 [main] ERROR resources.base - No standard Product found to click
07:58:11.097 [main] ERROR resources.base - expected [Standard - MarkITplace] but found [HP Officejet Pro 8710 All-in-One - Multifunction printer - MarkITplace]
07:58:18.470 [main] INFO  resources.base - User has clicked on the All Product Nevigation button from the header
07:58:18.478 [main] INFO  resources.base - User Have reached the All Product Page
07:58:44.971 [main] INFO  resources.base - User has clicked on Audio Cables Category From All Products Page
07:58:44.980 [main] INFO  resources.base - User Have reached the Audio Cables Category Page
07:58:57.283 [main] INFO  resources.base - User has clicked on Resouces link from the header
07:58:57.289 [main] INFO  resources.base - User Have reached the Resources Page
07:59:05.150 [main] INFO  resources.base - User has clicked on Special Offer Link from the header
07:59:05.157 [main] INFO  resources.base - User Have reached the Special Offer Page
07:59:09.867 [main] INFO  resources.base - User has clicked on Cart Icon from the header
07:59:09.875 [main] INFO  resources.base - User Have reached the Shopping Cart Page
07:59:12.976 [main] INFO  resources.base - User has clicked on remove link for the 1st product
07:59:18.008 [main] INFO  resources.base - User Have successfull removed the first product
07:59:43.434 [main] INFO  resources.base - User has clicked the Logo from the header of the page
07:59:53.446 [main] INFO  resources.base - User Have reached the Home Page clicking on the Header Logo
07:59:56.431 [main] INFO  resources.base - User has clicked the Logo from the footer of the page
07:59:56.454 [main] INFO  resources.base - User Have reached the Home Page clicking on the footer Logo
07:59:59.948 [main] INFO  resources.base - User has clicked on the Standard Catalog Link from the footer of the page
07:59:59.961 [main] INFO  resources.base - User Have reached the Standard Product page after clicking on the Standard Catalog Link from the footer of the page
08:00:01.700 [main] INFO  resources.base - User has clicked on the All product Link from the footer of the page
08:00:01.708 [main] INFO  resources.base - User Have reached the All Product page after clicking on the Standard Catalog Link from the footer of the page
08:00:08.014 [main] INFO  resources.base - User has clicked on the resources  Link from the footer of the page
08:00:08.021 [main] INFO  resources.base - User Have reached the resources page after clicking on the resources Link from the footer of the page
08:00:10.983 [main] INFO  resources.base - User has clicked on the Special offer Link from the footer of the page
08:00:10.991 [main] INFO  resources.base - User Have reached the Special offer after clicking on the Special offer Link from the footer of the page
08:00:13.335 [main] INFO  resources.base - User has clicked on the Special offer Link from the footer of the page
08:00:13.339 [main] INFO  resources.base - User Have reached the Favorites after clicking on the Favorites Link from the footer of the page
08:00:27.520 [main] INFO  resources.base - User has clicked on the Track button from the header of the page
08:00:27.546 [main] INFO  resources.base - User have reached the Track page after clicking on the Track button from the header of the page
08:00:33.375 [main] INFO  resources.base - User has clicked on the order button from the header of the page
08:00:33.381 [main] INFO  resources.base - User have reached the Order page after clicking on the Order button from the header of the page
08:00:55.705 [main] INFO  resources.base - User has clicked on the Purchase Analysis button from the header of the page
08:00:55.875 [main] INFO  resources.base - User have reached the Purchase Analysis page after clicking on the Purchase Analysis button from the header of the page
08:00:56.025 [main] INFO  resources.base - User have clicked on email icon on purchase analysis Page
08:00:56.254 [main] INFO  resources.base - User have entered the email on email field at purchase analysis Page
08:00:56.720 [main] INFO  resources.base - User have click on Send button at email popup screen at purchase analysis Page
08:01:01.899 [main] INFO  resources.base - User has clicked on the Calendar button from the header of the page
08:01:01.908 [main] INFO  resources.base - User have reached the  Calendar page after clicking on the Calendar button from the header of the page
08:01:12.278 [main] INFO  resources.base - User have reached the expiration report after clicking on the report button from the Calendar page from monthly view tab
08:01:22.105 [main] INFO  resources.base - User have reached the expiration report after clicking on the report button from the Calendar page from Detail view tab
08:01:33.880 [main] INFO  resources.base - User has clicked on the Assets report from Report tab
08:01:33.893 [main] INFO  resources.base - User have reached the assets report after clicking on asset link from report tab
08:01:51.822 [main] INFO  resources.base - User has clicked on the Days To Ship report from Report tab
08:01:51.887 [main] INFO  resources.base - User have reached the Days To Ship report after clicking on Days To Ship link from report tab
08:02:07.929 [main] INFO  resources.base - User has clicked on the Expiration report from Report tab
08:02:08.136 [main] INFO  resources.base - User have reached the Expiration report after clicking on Expiration link from report tab
08:02:21.590 [main] INFO  resources.base - User has clicked on the Inventory report from Report tab
08:02:21.602 [main] INFO  resources.base - User have reached the Inventory report after clicking on Inventory link from report tab
08:02:49.894 [main] INFO  resources.base - User has clicked on the Invoices report from Report tab
08:02:50.329 [main] INFO  resources.base - User have reached the Invoices report after clicking on Invoices link from report tab
08:03:07.388 [main] INFO  resources.base - User has clicked on the Invoice Line report from Report tab
08:03:07.402 [main] INFO  resources.base - User have reached the Invoice Line report after clicking on Invoice Line link from report tab
08:03:17.782 [main] INFO  resources.base - User has clicked on the Licenses report from Report tab
08:03:17.795 [main] INFO  resources.base - User have reached the Licenses report after clicking on Licenses link from report tab
08:03:38.367 [main] INFO  resources.base - User has clicked on the Orders report from Report tab
08:03:38.381 [main] INFO  resources.base - User have reached the Orders report after clicking on Orders link from report tab
08:03:54.862 [main] INFO  resources.base - User has clicked on the Order Line report from Report tab
08:03:54.891 [main] INFO  resources.base - User have reached the Order Line report after clicking on Order Line link from report tab
08:04:07.803 [main] INFO  resources.base - User has clicked on the PARs report from Report tab
08:04:07.814 [main] INFO  resources.base - User have reached the PARs report after clicking on PARs link from report tab
08:04:18.971 [main] INFO  resources.base - User has clicked on the Quotes report from Report tab
08:04:18.976 [main] INFO  resources.base - User have reached the Quotes report after clicking on Quotes link from report tab
08:04:27.801 [main] INFO  resources.base - User has clicked on the Receiving Log report from Report tab
08:04:27.816 [main] INFO  resources.base - User have reached the Receiving Log report after clicking on Receiving Log link from report tab
08:04:38.371 [main] INFO  resources.base - User has clicked on the Shipments report from Report tab
08:04:38.384 [main] INFO  resources.base - User have reached the Shipments report after clicking on Shipments link from report tab
08:04:49.438 [main] INFO  resources.base - User has clicked on the Shipments report from Report tab
08:04:49.442 [main] INFO  resources.base - User have reached the Standards report after clicking on Standards link from report tab
08:04:57.648 [main] INFO  resources.base - User has clicked on the Warranties report from Report tab
08:04:57.655 [main] INFO  resources.base - User have reached the Warranties report after clicking on Warranties link from report tab
08:05:03.112 [main] INFO  resources.base - User has clicked on the Saved Report icon from the header of the page
08:05:03.131 [main] INFO  resources.base - User have reached the  Saved Report page after clicking on the Saved Report icon from the header of the page
08:05:06.088 [main] INFO  resources.base - user is searching printer using the search textbox
08:05:36.216 [main] INFO  resources.base - User Have Successfully reached the Compare page
11:50:01.343 [main] INFO  resources.base - User Have Successfully Login To The Home Page
11:50:41.784 [main] INFO  resources.base - User Have Successfully reached the favorites Page
11:51:03.065 [main] ERROR resources.base - Favorite page not Open
11:51:03.067 [main] ERROR resources.base - no such element: Unable to locate element: {"method":"xpath","selector":"(//a[@class='btn'])[2]"}
  (Session info: chrome=66.0.3359.139)
  (Driver info: chromedriver=2.36.540470 (e522d04694c7ebea4ba8821272dbef4f9b818c91),platform=Windows NT 10.0.16299 x86_64) (WARNING: The server did not provide any stacktrace information)
Command duration or timeout: 0 milliseconds
For documentation on this error, please visit: http://seleniumhq.org/exceptions/no_such_element.html
Build info: version: '3.8.1', revision: '6e95a6684b', time: '2017-12-01T18:33:54.468Z'
System info: host: 'DESKTOP-B75F35K', ip: '10.0.2.15', os.name: 'Windows 10', os.arch: 'amd64', os.version: '10.0', java.version: '1.8.0_171'
Driver info: org.openqa.selenium.chrome.ChromeDriver
Capabilities {acceptInsecureCerts: false, acceptSslCerts: false, applicationCacheEnabled: false, browserConnectionEnabled: false, browserName: chrome, chrome: {chromedriverVersion: 2.36.540470 (e522d04694c7eb..., userDataDir: C:\Users\bilaw\AppData\Loca...}, cssSelectorsEnabled: true, databaseEnabled: false, handlesAlerts: true, hasTouchScreen: false, javascriptEnabled: true, locationContextEnabled: true, mobileEmulationEnabled: false, nativeEvents: true, networkConnectionEnabled: false, pageLoadStrategy: normal, platform: XP, platformName: XP, rotatable: false, setWindowRect: true, takesHeapSnapshot: true, takesScreenshot: true, unexpectedAlertBehaviour: , unhandledPromptBehavior: , version: 66.0.3359.139, webStorageEnabled: true}
Session ID: 7605ed66221bd7bcd337cc2b38b4f843
*** Element info: {Using=xpath, value=(//a[@class='btn'])[2]}
11:51:26.847 [main] INFO  resources.base - user is searching printer using the search textbox
16:26:36.860 [main] INFO  resources.base - User Have Successfully Login To The Home Page
16:26:44.889 [main] INFO  resources.base - User Have Successfully reached the favorites Page
16:27:05.571 [main] ERROR resources.base - Favorite page not Open
16:27:05.573 [main] ERROR resources.base - no such element: Unable to locate element: {"method":"xpath","selector":"(//a[@class='btn'])[2]"}
  (Session info: chrome=66.0.3359.139)
  (Driver info: chromedriver=2.36.540470 (e522d04694c7ebea4ba8821272dbef4f9b818c91),platform=Windows NT 10.0.16299 x86_64) (WARNING: The server did not provide any stacktrace information)
Command duration or timeout: 0 milliseconds
For documentation on this error, please visit: http://seleniumhq.org/exceptions/no_such_element.html
Build info: version: '3.8.1', revision: '6e95a6684b', time: '2017-12-01T18:33:54.468Z'
System info: host: 'DESKTOP-B75F35K', ip: '10.0.2.15', os.name: 'Windows 10', os.arch: 'amd64', os.version: '10.0', java.version: '1.8.0_171'
Driver info: org.openqa.selenium.chrome.ChromeDriver
Capabilities {acceptInsecureCerts: false, acceptSslCerts: false, applicationCacheEnabled: false, browserConnectionEnabled: false, browserName: chrome, chrome: {chromedriverVersion: 2.36.540470 (e522d04694c7eb..., userDataDir: C:\Users\bilaw\AppData\Loca...}, cssSelectorsEnabled: true, databaseEnabled: false, handlesAlerts: true, hasTouchScreen: false, javascriptEnabled: true, locationContextEnabled: true, mobileEmulationEnabled: false, nativeEvents: true, networkConnectionEnabled: false, pageLoadStrategy: normal, platform: XP, platformName: XP, rotatable: false, setWindowRect: true, takesHeapSnapshot: true, takesScreenshot: true, unexpectedAlertBehaviour: , unhandledPromptBehavior: , version: 66.0.3359.139, webStorageEnabled: true}
Session ID: 2d7f4f6b801b0adc91c489f40c1ef919
*** Element info: {Using=xpath, value=(//a[@class='btn'])[2]}
16:27:26.675 [main] INFO  resources.base - user is searching printer using the search textbox
16:27:26.686 [main] INFO  resources.base - User Have Successfully reached the printer search listing page
16:27:26.902 [main] INFO  resources.base - Search result data is Appearing on the Search Result Page
16:27:32.043 [main] INFO  resources.base - User has clicked on Add to Cart on First Searched Product
16:27:38.764 [main] INFO  resources.base - Product 1 is successfully added to Cart
16:27:39.187 [main] INFO  resources.base - User has closed the Add to Cart Modal after adding 1st product to cart
16:27:53.084 [main] INFO  resources.base - User Have Successfully reached the PDP Page
16:27:58.529 [main] INFO  resources.base - Recently Viewed Page is Opened
16:28:05.893 [main] INFO  resources.base - User has clicked the Logo from the footer of the page
16:28:06.088 [main] INFO  resources.base - User Have reached the Home Page clicking on the footer Logo
16:28:11.446 [main] INFO  resources.base - User has clicked on the My Profile page from My Account dropdown
16:28:11.568 [main] INFO  resources.base - User has clicked on the My Profile page from My Account dropdown
16:28:18.022 [main] INFO  resources.base - User has clicked on the My Profile page from My Account dropdown
16:28:23.239 [main] INFO  resources.base - User has clicked the Logo from the header of the page
16:28:23.637 [main] INFO  resources.base - User Have reached the Home Page clicking on the Header Logo
16:28:31.322 [main] INFO  resources.base - User has clicked on the Standard Catalog Navigation button from header
16:28:31.341 [main] INFO  resources.base - User Have reached the Standard Catalog Page
16:28:48.819 [main] INFO  resources.base - User has clicked on the 1st Standard Product appearing and reached the PDP Page
16:30:28.195 [main] INFO  resources.base - element not visible
  (Session info: chrome=66.0.3359.139)
  (Driver info: chromedriver=2.36.540470 (e522d04694c7ebea4ba8821272dbef4f9b818c91),platform=Windows NT 10.0.16299 x86_64) (WARNING: The server did not provide any stacktrace information)
Command duration or timeout: 0 milliseconds
Build info: version: '3.8.1', revision: '6e95a6684b', time: '2017-12-01T18:33:54.468Z'
System info: host: 'DESKTOP-B75F35K', ip: '10.0.2.15', os.name: 'Windows 10', os.arch: 'amd64', os.version: '10.0', java.version: '1.8.0_171'
Driver info: org.openqa.selenium.chrome.ChromeDriver
Capabilities {acceptInsecureCerts: false, acceptSslCerts: false, applicationCacheEnabled: false, browserConnectionEnabled: false, browserName: chrome, chrome: {chromedriverVersion: 2.36.540470 (e522d04694c7eb..., userDataDir: C:\Users\bilaw\AppData\Loca...}, cssSelectorsEnabled: true, databaseEnabled: false, handlesAlerts: true, hasTouchScreen: false, javascriptEnabled: true, locationContextEnabled: true, mobileEmulationEnabled: false, nativeEvents: true, networkConnectionEnabled: false, pageLoadStrategy: normal, platform: XP, platformName: XP, rotatable: false, setWindowRect: true, takesHeapSnapshot: true, takesScreenshot: true, unexpectedAlertBehaviour: , unhandledPromptBehavior: , version: 66.0.3359.139, webStorageEnabled: true}
Session ID: 2d7f4f6b801b0adc91c489f40c1ef919
16:30:33.201 [main] INFO  resources.base - User Have reached the order confirmation page after placing the order
16:30:43.431 [main] INFO  resources.base - User has clicked the Logo from the header of the page
16:30:53.437 [main] INFO  resources.base - User Have reached the Home Page clicking on the Header Logo
16:30:58.316 [main] INFO  resources.base - User has clicked the Logo from the footer of the page
16:30:58.436 [main] INFO  resources.base - User Have reached the Home Page clicking on the footer Logo
16:31:01.249 [main] INFO  resources.base - User has clicked on the Standard Catalog Link from the footer of the page
16:31:01.273 [main] INFO  resources.base - User Have reached the Standard Product page after clicking on the Standard Catalog Link from the footer of the page
16:31:07.741 [main] INFO  resources.base - User has clicked on the All product Link from the footer of the page
16:31:07.746 [main] INFO  resources.base - User Have reached the All Product page after clicking on the Standard Catalog Link from the footer of the page
16:31:20.008 [main] INFO  resources.base - User has clicked on the resources  Link from the footer of the page
16:31:20.013 [main] INFO  resources.base - User Have reached the resources page after clicking on the resources Link from the footer of the page
16:31:28.248 [main] INFO  resources.base - User has clicked on the Special offer Link from the footer of the page
16:31:28.258 [main] INFO  resources.base - User Have reached the Special offer after clicking on the Special offer Link from the footer of the page
16:31:30.819 [main] INFO  resources.base - User has clicked on the Special offer Link from the footer of the page
16:31:30.857 [main] INFO  resources.base - User Have reached the Favorites after clicking on the Favorites Link from the footer of the page
16:31:47.518 [main] INFO  resources.base - User has clicked on the Track button from the header of the page
16:31:47.800 [main] INFO  resources.base - User have reached the Track page after clicking on the Track button from the header of the page
16:31:55.985 [main] INFO  resources.base - User has clicked on the order button from the header of the page
16:31:55.992 [main] INFO  resources.base - User have reached the Order page after clicking on the Order button from the header of the page
16:32:18.123 [main] INFO  resources.base - User has clicked on the Purchase Analysis button from the header of the page
16:32:18.154 [main] INFO  resources.base - User have reached the Purchase Analysis page after clicking on the Purchase Analysis button from the header of the page
16:32:18.369 [main] INFO  resources.base - User have clicked on email icon on purchase analysis Page
16:32:18.784 [main] INFO  resources.base - User have entered the email on email field at purchase analysis Page
16:32:19.099 [main] INFO  resources.base - User have click on Send button at email popup screen at purchase analysis Page
16:32:26.218 [main] INFO  resources.base - User has clicked on the Calendar button from the header of the page
16:32:26.246 [main] INFO  resources.base - User have reached the  Calendar page after clicking on the Calendar button from the header of the page
16:32:42.801 [main] INFO  resources.base - User have reached the expiration report after clicking on the report button from the Calendar page from monthly view tab
16:32:57.555 [main] INFO  resources.base - User have reached the expiration report after clicking on the report button from the Calendar page from Detail view tab
16:33:09.633 [main] INFO  resources.base - User has clicked on the Assets report from Report tab
16:33:09.672 [main] INFO  resources.base - User have reached the assets report after clicking on asset link from report tab
16:33:25.094 [main] INFO  resources.base - User has clicked on the Days To Ship report from Report tab
16:33:25.121 [main] INFO  resources.base - User have reached the Days To Ship report after clicking on Days To Ship link from report tab
16:33:37.230 [main] INFO  resources.base - User has clicked on the Expiration report from Report tab
16:33:37.269 [main] INFO  resources.base - User have reached the Expiration report after clicking on Expiration link from report tab
16:33:47.699 [main] INFO  resources.base - User has clicked on the Inventory report from Report tab
16:33:47.738 [main] INFO  resources.base - User have reached the Inventory report after clicking on Inventory link from report tab
16:34:03.597 [main] INFO  resources.base - User has clicked on the Invoices report from Report tab
16:34:03.608 [main] INFO  resources.base - User have reached the Invoices report after clicking on Invoices link from report tab
16:34:21.809 [main] INFO  resources.base - User has clicked on the Invoice Line report from Report tab
16:34:21.822 [main] INFO  resources.base - User have reached the Invoice Line report after clicking on Invoice Line link from report tab
16:34:34.634 [main] INFO  resources.base - User has clicked on the Licenses report from Report tab
16:34:34.638 [main] INFO  resources.base - User have reached the Licenses report after clicking on Licenses link from report tab
16:34:47.186 [main] INFO  resources.base - User has clicked on the Orders report from Report tab
16:34:47.194 [main] INFO  resources.base - User have reached the Orders report after clicking on Orders link from report tab
16:35:03.398 [main] INFO  resources.base - User has clicked on the Order Line report from Report tab
16:35:03.430 [main] INFO  resources.base - User have reached the Order Line report after clicking on Order Line link from report tab
16:35:15.787 [main] INFO  resources.base - User has clicked on the PARs report from Report tab
16:35:15.793 [main] INFO  resources.base - User have reached the PARs report after clicking on PARs link from report tab
16:35:27.174 [main] INFO  resources.base - User has clicked on the Quotes report from Report tab
16:35:27.184 [main] INFO  resources.base - User have reached the Quotes report after clicking on Quotes link from report tab
16:35:35.841 [main] INFO  resources.base - User has clicked on the Receiving Log report from Report tab
16:35:35.860 [main] INFO  resources.base - User have reached the Receiving Log report after clicking on Receiving Log link from report tab
16:35:46.541 [main] INFO  resources.base - User has clicked on the Shipments report from Report tab
16:35:46.577 [main] INFO  resources.base - User have reached the Shipments report after clicking on Shipments link from report tab
16:35:56.500 [main] INFO  resources.base - User has clicked on the Shipments report from Report tab
16:35:56.504 [main] INFO  resources.base - User have reached the Standards report after clicking on Standards link from report tab
16:36:05.455 [main] INFO  resources.base - User has clicked on the Warranties report from Report tab
16:36:05.466 [main] INFO  resources.base - User have reached the Warranties report after clicking on Warranties link from report tab
16:36:10.206 [main] INFO  resources.base - User has clicked on the Saved Report icon from the header of the page
16:36:10.210 [main] INFO  resources.base - User have reached the  Saved Report page after clicking on the Saved Report icon from the header of the page
16:36:14.548 [main] INFO  resources.base - user is searching printer using the search textbox
16:36:41.979 [main] INFO  resources.base - User Have Successfully reached the Compare page
16:51:23.590 [main] INFO  resources.base - User Have Successfully Login To The Home Page
16:51:30.621 [main] INFO  resources.base - User Have Successfully reached the favorites Page
16:51:51.381 [main] ERROR resources.base - Favorite page not Open
16:51:51.382 [main] ERROR resources.base - no such element: Unable to locate element: {"method":"xpath","selector":"(//a[@class='btn'])[2]"}
  (Session info: chrome=66.0.3359.139)
  (Driver info: chromedriver=2.36.540470 (e522d04694c7ebea4ba8821272dbef4f9b818c91),platform=Windows NT 10.0.16299 x86_64) (WARNING: The server did not provide any stacktrace information)
Command duration or timeout: 0 milliseconds
For documentation on this error, please visit: http://seleniumhq.org/exceptions/no_such_element.html
Build info: version: '3.8.1', revision: '6e95a6684b', time: '2017-12-01T18:33:54.468Z'
System info: host: 'DESKTOP-B75F35K', ip: '10.0.2.15', os.name: 'Windows 10', os.arch: 'amd64', os.version: '10.0', java.version: '1.8.0_171'
Driver info: org.openqa.selenium.chrome.ChromeDriver
Capabilities {acceptInsecureCerts: false, acceptSslCerts: false, applicationCacheEnabled: false, browserConnectionEnabled: false, browserName: chrome, chrome: {chromedriverVersion: 2.36.540470 (e522d04694c7eb..., userDataDir: C:\Users\bilaw\AppData\Loca...}, cssSelectorsEnabled: true, databaseEnabled: false, handlesAlerts: true, hasTouchScreen: false, javascriptEnabled: true, locationContextEnabled: true, mobileEmulationEnabled: false, nativeEvents: true, networkConnectionEnabled: false, pageLoadStrategy: normal, platform: XP, platformName: XP, rotatable: false, setWindowRect: true, takesHeapSnapshot: true, takesScreenshot: true, unexpectedAlertBehaviour: , unhandledPromptBehavior: , version: 66.0.3359.139, webStorageEnabled: true}
Session ID: 19546e2c2058a047e0f18abfe70681af
*** Element info: {Using=xpath, value=(//a[@class='btn'])[2]}
16:52:06.896 [main] INFO  resources.base - user is searching printer using the search textbox
16:52:06.907 [main] INFO  resources.base - User Have Successfully reached the printer search listing page
16:52:08.193 [main] INFO  resources.base - Search result data is Appearing on the Search Result Page
16:52:15.407 [main] INFO  resources.base - User has clicked on Add to Cart on First Searched Product
16:52:21.790 [main] INFO  resources.base - Product 1 is successfully added to Cart
16:52:24.246 [main] INFO  resources.base - User has closed the Add to Cart Modal after adding 1st product to cart
16:52:39.517 [main] INFO  resources.base - User Have Successfully reached the PDP Page
16:52:44.610 [main] INFO  resources.base - Recently Viewed Page is Opened
16:52:50.607 [main] INFO  resources.base - User has clicked the Logo from the footer of the page
16:52:50.690 [main] INFO  resources.base - User Have reached the Home Page clicking on the footer Logo
16:52:56.862 [main] INFO  resources.base - User has clicked on the My Profile page from My Account dropdown
16:52:56.996 [main] INFO  resources.base - User has clicked on the My Profile page from My Account dropdown
16:53:03.207 [main] INFO  resources.base - User has clicked on the My Profile page from My Account dropdown
16:53:11.796 [main] INFO  resources.base - User has clicked the Logo from the header of the page
16:53:11.920 [main] INFO  resources.base - User Have reached the Home Page clicking on the Header Logo
16:53:15.901 [main] INFO  resources.base - User has clicked on the Standard Catalog Navigation button from header
16:53:15.919 [main] INFO  resources.base - User Have reached the Standard Catalog Page
16:53:36.662 [main] INFO  resources.base - User has clicked on the 1st Standard Product appearing and reached the PDP Page
16:55:22.357 [main] INFO  resources.base - element not visible
  (Session info: chrome=66.0.3359.139)
  (Driver info: chromedriver=2.36.540470 (e522d04694c7ebea4ba8821272dbef4f9b818c91),platform=Windows NT 10.0.16299 x86_64) (WARNING: The server did not provide any stacktrace information)
Command duration or timeout: 0 milliseconds
Build info: version: '3.8.1', revision: '6e95a6684b', time: '2017-12-01T18:33:54.468Z'
System info: host: 'DESKTOP-B75F35K', ip: '10.0.2.15', os.name: 'Windows 10', os.arch: 'amd64', os.version: '10.0', java.version: '1.8.0_171'
Driver info: org.openqa.selenium.chrome.ChromeDriver
Capabilities {acceptInsecureCerts: false, acceptSslCerts: false, applicationCacheEnabled: false, browserConnectionEnabled: false, browserName: chrome, chrome: {chromedriverVersion: 2.36.540470 (e522d04694c7eb..., userDataDir: C:\Users\bilaw\AppData\Loca...}, cssSelectorsEnabled: true, databaseEnabled: false, handlesAlerts: true, hasTouchScreen: false, javascriptEnabled: true, locationContextEnabled: true, mobileEmulationEnabled: false, nativeEvents: true, networkConnectionEnabled: false, pageLoadStrategy: normal, platform: XP, platformName: XP, rotatable: false, setWindowRect: true, takesHeapSnapshot: true, takesScreenshot: true, unexpectedAlertBehaviour: , unhandledPromptBehavior: , version: 66.0.3359.139, webStorageEnabled: true}
Session ID: 19546e2c2058a047e0f18abfe70681af
16:55:27.363 [main] INFO  resources.base - User Have reached the order confirmation page after placing the order
16:55:36.588 [main] INFO  resources.base - User has clicked the Logo from the header of the page
16:55:46.694 [main] INFO  resources.base - User Have reached the Home Page clicking on the Header Logo
16:55:50.677 [main] INFO  resources.base - User has clicked the Logo from the footer of the page
16:55:50.803 [main] INFO  resources.base - User Have reached the Home Page clicking on the footer Logo
16:55:54.790 [main] INFO  resources.base - User has clicked on the Standard Catalog Link from the footer of the page
16:55:54.987 [main] INFO  resources.base - User Have reached the Standard Product page after clicking on the Standard Catalog Link from the footer of the page
16:56:01.441 [main] INFO  resources.base - User has clicked on the All product Link from the footer of the page
16:56:01.461 [main] INFO  resources.base - User Have reached the All Product page after clicking on the Standard Catalog Link from the footer of the page
16:56:14.303 [main] INFO  resources.base - User has clicked on the resources  Link from the footer of the page
16:56:14.307 [main] INFO  resources.base - User Have reached the resources page after clicking on the resources Link from the footer of the page
16:56:24.913 [main] INFO  resources.base - User has clicked on the Special offer Link from the footer of the page
16:56:24.918 [main] INFO  resources.base - User Have reached the Special offer after clicking on the Special offer Link from the footer of the page
16:56:27.690 [main] INFO  resources.base - User has clicked on the Special offer Link from the footer of the page
16:56:27.696 [main] INFO  resources.base - User Have reached the Favorites after clicking on the Favorites Link from the footer of the page
16:56:36.577 [main] INFO  resources.base - User has clicked on the Track button from the header of the page
16:56:37.639 [main] INFO  resources.base - User have reached the Track page after clicking on the Track button from the header of the page
16:56:46.304 [main] INFO  resources.base - User has clicked on the order button from the header of the page
16:56:46.418 [main] INFO  resources.base - User have reached the Order page after clicking on the Order button from the header of the page
16:57:00.011 [main] INFO  resources.base - User has clicked on the Purchase Analysis button from the header of the page
16:57:01.199 [main] INFO  resources.base - User have reached the Purchase Analysis page after clicking on the Purchase Analysis button from the header of the page
16:57:01.749 [main] INFO  resources.base - User have clicked on email icon on purchase analysis Page
16:57:03.191 [main] INFO  resources.base - User have entered the email on email field at purchase analysis Page
16:57:04.212 [main] INFO  resources.base - User have click on Send button at email popup screen at purchase analysis Page
16:57:13.330 [main] INFO  resources.base - User has clicked on the Calendar button from the header of the page
16:57:13.338 [main] INFO  resources.base - User have reached the  Calendar page after clicking on the Calendar button from the header of the page
16:57:25.809 [main] INFO  resources.base - User have reached the expiration report after clicking on the report button from the Calendar page from monthly view tab
16:57:41.380 [main] INFO  resources.base - User have reached the expiration report after clicking on the report button from the Calendar page from Detail view tab
16:57:46.429 [main] INFO  resources.base - User has clicked on the Assets report from Report tab
16:57:46.500 [main] ERROR resources.base - User not able to reach the assets report after clicking on asset link from report tab
16:57:46.500 [main] ERROR resources.base - expected [Assets Report - MarkITplace] but found [Calendar Detail View - MarkITplace]
16:57:59.413 [main] INFO  resources.base - User has clicked on the Saved Report icon from the header of the page
16:57:59.434 [main] INFO  resources.base - User have reached the  Saved Report page after clicking on the Saved Report icon from the header of the page
16:58:06.038 [main] INFO  resources.base - user is searching printer using the search textbox
16:58:31.223 [main] INFO  resources.base - User Have Successfully reached the Compare page
15:58:01.572 [main] INFO  resources.base - User Have Successfully Login To The Home Page
15:58:08.068 [main] INFO  resources.base - User Have Successfully reached the favorites Page
15:58:28.340 [main] ERROR resources.base - Favorite page not Open
15:58:28.342 [main] ERROR resources.base - no such element: Unable to locate element: {"method":"xpath","selector":"(//a[@class='btn'])[2]"}
  (Session info: chrome=66.0.3359.139)
  (Driver info: chromedriver=2.36.540470 (e522d04694c7ebea4ba8821272dbef4f9b818c91),platform=Windows NT 10.0.16299 x86_64) (WARNING: The server did not provide any stacktrace information)
Command duration or timeout: 0 milliseconds
For documentation on this error, please visit: http://seleniumhq.org/exceptions/no_such_element.html
Build info: version: '3.8.1', revision: '6e95a6684b', time: '2017-12-01T18:33:54.468Z'
System info: host: 'DESKTOP-B75F35K', ip: '10.0.2.15', os.name: 'Windows 10', os.arch: 'amd64', os.version: '10.0', java.version: '1.8.0_171'
Driver info: org.openqa.selenium.chrome.ChromeDriver
Capabilities {acceptInsecureCerts: false, acceptSslCerts: false, applicationCacheEnabled: false, browserConnectionEnabled: false, browserName: chrome, chrome: {chromedriverVersion: 2.36.540470 (e522d04694c7eb..., userDataDir: C:\Users\bilaw\AppData\Loca...}, cssSelectorsEnabled: true, databaseEnabled: false, handlesAlerts: true, hasTouchScreen: false, javascriptEnabled: true, locationContextEnabled: true, mobileEmulationEnabled: false, nativeEvents: true, networkConnectionEnabled: false, pageLoadStrategy: normal, platform: XP, platformName: XP, rotatable: false, setWindowRect: true, takesHeapSnapshot: true, takesScreenshot: true, unexpectedAlertBehaviour: , unhandledPromptBehavior: , version: 66.0.3359.139, webStorageEnabled: true}
Session ID: 265d9a37dd492ae4b18cbc646c3fee82
*** Element info: {Using=xpath, value=(//a[@class='btn'])[2]}
15:58:47.220 [main] INFO  resources.base - user is searching printer using the search textbox
15:58:47.230 [main] INFO  resources.base - User Have Successfully reached the printer search listing page
15:58:47.302 [main] INFO  resources.base - Search result data is Appearing on the Search Result Page
15:59:51.855 [main] INFO  resources.base - User has clicked on Add to Cart on First Searched Product
16:01:44.159 [main] INFO  resources.base - element not visible
  (Session info: chrome=66.0.3359.139)
  (Driver info: chromedriver=2.36.540470 (e522d04694c7ebea4ba8821272dbef4f9b818c91),platform=Windows NT 10.0.16299 x86_64) (WARNING: The server did not provide any stacktrace information)
Command duration or timeout: 0 milliseconds
Build info: version: '3.8.1', revision: '6e95a6684b', time: '2017-12-01T18:33:54.468Z'
System info: host: 'DESKTOP-B75F35K', ip: '10.0.2.15', os.name: 'Windows 10', os.arch: 'amd64', os.version: '10.0', java.version: '1.8.0_171'
Driver info: org.openqa.selenium.chrome.ChromeDriver
Capabilities {acceptInsecureCerts: false, acceptSslCerts: false, applicationCacheEnabled: false, browserConnectionEnabled: false, browserName: chrome, chrome: {chromedriverVersion: 2.36.540470 (e522d04694c7eb..., userDataDir: C:\Users\bilaw\AppData\Loca...}, cssSelectorsEnabled: true, databaseEnabled: false, handlesAlerts: true, hasTouchScreen: false, javascriptEnabled: true, locationContextEnabled: true, mobileEmulationEnabled: false, nativeEvents: true, networkConnectionEnabled: false, pageLoadStrategy: normal, platform: XP, platformName: XP, rotatable: false, setWindowRect: true, takesHeapSnapshot: true, takesScreenshot: true, unexpectedAlertBehaviour: , unhandledPromptBehavior: , version: 66.0.3359.139, webStorageEnabled: true}
Session ID: 265d9a37dd492ae4b18cbc646c3fee82
16:01:49.164 [main] INFO  resources.base - User Have reached the order confirmation page after placing the order
16:01:57.383 [main] INFO  resources.base - User has clicked the Logo from the header of the page
16:02:07.396 [main] INFO  resources.base - User Have reached the Home Page clicking on the Header Logo
16:02:10.285 [main] INFO  resources.base - User has clicked the Logo from the footer of the page
16:02:10.291 [main] INFO  resources.base - User Have reached the Home Page clicking on the footer Logo
16:02:15.806 [main] INFO  resources.base - User has clicked on the Standard Catalog Link from the footer of the page
16:02:15.810 [main] INFO  resources.base - User Have reached the Standard Product page after clicking on the Standard Catalog Link from the footer of the page
16:02:21.243 [main] INFO  resources.base - User has clicked on the All product Link from the footer of the page
16:02:21.248 [main] INFO  resources.base - User Have reached the All Product page after clicking on the Standard Catalog Link from the footer of the page
16:02:33.843 [main] INFO  resources.base - User has clicked on the resources  Link from the footer of the page
16:02:33.848 [main] INFO  resources.base - User Have reached the resources page after clicking on the resources Link from the footer of the page
16:02:41.163 [main] INFO  resources.base - User has clicked on the Special offer Link from the footer of the page
16:02:41.168 [main] INFO  resources.base - User Have reached the Special offer after clicking on the Special offer Link from the footer of the page
16:02:43.366 [main] INFO  resources.base - User has clicked on the Special offer Link from the footer of the page
16:02:43.373 [main] INFO  resources.base - User Have reached the Favorites after clicking on the Favorites Link from the footer of the page
16:03:00.296 [main] INFO  resources.base - User has clicked on the Track button from the header of the page
16:03:00.541 [main] INFO  resources.base - User have reached the Track page after clicking on the Track button from the header of the page
16:03:08.410 [main] INFO  resources.base - User has clicked on the order button from the header of the page
16:03:08.441 [main] INFO  resources.base - User have reached the Order page after clicking on the Order button from the header of the page
16:03:29.973 [main] INFO  resources.base - User has clicked on the Purchase Analysis button from the header of the page
16:03:30.053 [main] INFO  resources.base - User have reached the Purchase Analysis page after clicking on the Purchase Analysis button from the header of the page
16:03:30.349 [main] INFO  resources.base - User have clicked on email icon on purchase analysis Page
16:03:30.674 [main] INFO  resources.base - User have entered the email on email field at purchase analysis Page
16:03:31.036 [main] INFO  resources.base - User have click on Send button at email popup screen at purchase analysis Page
16:03:37.453 [main] INFO  resources.base - User has clicked on the Calendar button from the header of the page
16:03:37.495 [main] INFO  resources.base - User have reached the  Calendar page after clicking on the Calendar button from the header of the page
16:04:03.078 [main] INFO  resources.base - User have reached the expiration report after clicking on the report button from the Calendar page from monthly view tab
16:04:34.712 [main] INFO  resources.base - User have reached the expiration report after clicking on the report button from the Calendar page from Detail view tab
16:04:54.092 [main] INFO  resources.base - User has clicked on the Assets report from Report tab
16:04:54.105 [main] INFO  resources.base - User have reached the assets report after clicking on asset link from report tab
16:05:08.246 [main] INFO  resources.base - User has clicked on the Days To Ship report from Report tab
16:05:08.252 [main] INFO  resources.base - User have reached the Days To Ship report after clicking on Days To Ship link from report tab
16:05:19.507 [main] INFO  resources.base - User has clicked on the Expiration report from Report tab
16:05:19.546 [main] INFO  resources.base - User have reached the Expiration report after clicking on Expiration link from report tab
16:05:30.306 [main] INFO  resources.base - User has clicked on the Inventory report from Report tab
16:05:30.319 [main] INFO  resources.base - User have reached the Inventory report after clicking on Inventory link from report tab
16:05:41.663 [main] INFO  resources.base - User has clicked on the Invoices report from Report tab
16:05:41.701 [main] INFO  resources.base - User have reached the Invoices report after clicking on Invoices link from report tab
16:05:58.625 [main] INFO  resources.base - User has clicked on the Invoice Line report from Report tab
16:05:58.642 [main] INFO  resources.base - User have reached the Invoice Line report after clicking on Invoice Line link from report tab
16:06:08.325 [main] INFO  resources.base - User has clicked on the Licenses report from Report tab
16:06:08.338 [main] INFO  resources.base - User have reached the Licenses report after clicking on Licenses link from report tab
16:06:19.667 [main] INFO  resources.base - User has clicked on the Orders report from Report tab
16:06:19.674 [main] INFO  resources.base - User have reached the Orders report after clicking on Orders link from report tab
16:06:44.390 [main] INFO  resources.base - User has clicked on the Order Line report from Report tab
16:06:44.403 [main] INFO  resources.base - User have reached the Order Line report after clicking on Order Line link from report tab
16:06:57.131 [main] INFO  resources.base - User has clicked on the PARs report from Report tab
16:06:57.136 [main] INFO  resources.base - User have reached the PARs report after clicking on PARs link from report tab
16:07:23.754 [main] INFO  resources.base - User has clicked on the Quotes report from Report tab
16:07:23.802 [main] INFO  resources.base - User have reached the Quotes report after clicking on Quotes link from report tab
16:07:32.869 [main] INFO  resources.base - User has clicked on the Receiving Log report from Report tab
16:07:32.882 [main] INFO  resources.base - User have reached the Receiving Log report after clicking on Receiving Log link from report tab
16:07:44.449 [main] INFO  resources.base - User has clicked on the Shipments report from Report tab
16:07:44.497 [main] INFO  resources.base - User have reached the Shipments report after clicking on Shipments link from report tab
16:07:54.192 [main] INFO  resources.base - User has clicked on the Shipments report from Report tab
16:07:54.221 [main] INFO  resources.base - User have reached the Standards report after clicking on Standards link from report tab
16:08:02.517 [main] INFO  resources.base - User has clicked on the Warranties report from Report tab
16:08:02.522 [main] INFO  resources.base - User have reached the Warranties report after clicking on Warranties link from report tab
16:08:07.511 [main] INFO  resources.base - User has clicked on the Saved Report icon from the header of the page
16:08:07.515 [main] INFO  resources.base - User have reached the  Saved Report page after clicking on the Saved Report icon from the header of the page
16:08:11.591 [main] INFO  resources.base - user is searching printer using the search textbox
16:08:40.913 [main] INFO  resources.base - User Have Successfully reached the Compare page
21:32:51.127 [main] INFO  resources.base - User Have Successfully Login To The Home Page
21:32:56.488 [main] INFO  resources.base - User Have Successfully reached the favorites Page
21:33:16.773 [main] ERROR resources.base - Favorite page not Open
21:33:16.774 [main] ERROR resources.base - no such element: Unable to locate element: {"method":"xpath","selector":"(//a[@class='btn'])[2]"}
  (Session info: chrome=66.0.3359.139)
  (Driver info: chromedriver=2.36.540470 (e522d04694c7ebea4ba8821272dbef4f9b818c91),platform=Windows NT 10.0.16299 x86_64) (WARNING: The server did not provide any stacktrace information)
Command duration or timeout: 0 milliseconds
For documentation on this error, please visit: http://seleniumhq.org/exceptions/no_such_element.html
Build info: version: '3.8.1', revision: '6e95a6684b', time: '2017-12-01T18:33:54.468Z'
System info: host: 'DESKTOP-B75F35K', ip: '10.0.2.15', os.name: 'Windows 10', os.arch: 'amd64', os.version: '10.0', java.version: '1.8.0_171'
Driver info: org.openqa.selenium.chrome.ChromeDriver
Capabilities {acceptInsecureCerts: false, acceptSslCerts: false, applicationCacheEnabled: false, browserConnectionEnabled: false, browserName: chrome, chrome: {chromedriverVersion: 2.36.540470 (e522d04694c7eb..., userDataDir: C:\Users\bilaw\AppData\Loca...}, cssSelectorsEnabled: true, databaseEnabled: false, handlesAlerts: true, hasTouchScreen: false, javascriptEnabled: true, locationContextEnabled: true, mobileEmulationEnabled: false, nativeEvents: true, networkConnectionEnabled: false, pageLoadStrategy: normal, platform: XP, platformName: XP, rotatable: false, setWindowRect: true, takesHeapSnapshot: true, takesScreenshot: true, unexpectedAlertBehaviour: , unhandledPromptBehavior: , version: 66.0.3359.139, webStorageEnabled: true}
Session ID: ef9de86212f12e2fc58a4c47e5659743
*** Element info: {Using=xpath, value=(//a[@class='btn'])[2]}
21:33:33.237 [main] INFO  resources.base - user is searching printer using the search textbox
21:33:53.250 [main] INFO  resources.base - User Have Successfully reached the printer search listing page
21:33:53.691 [main] INFO  resources.base - Search result data is Appearing on the Search Result Page
21:33:57.497 [main] INFO  resources.base - User has clicked on Add to Cart on First Searched Product
21:34:01.729 [main] INFO  resources.base - Product 1 is successfully added to Cart
21:34:01.821 [main] INFO  resources.base - User has closed the Add to Cart Modal after adding 1st product to cart
21:34:14.303 [main] INFO  resources.base - User Have Successfully reached the PDP Page
21:34:18.986 [main] INFO  resources.base - Recently Viewed Page is Opened
21:34:21.231 [main] INFO  resources.base - User has clicked the Logo from the footer of the page
21:34:21.333 [main] INFO  resources.base - User Have reached the Home Page clicking on the footer Logo
21:34:25.634 [main] INFO  resources.base - User has clicked on the My Profile page from My Account dropdown
21:34:25.646 [main] INFO  resources.base - User has clicked on the My Profile page from My Account dropdown
21:34:29.360 [main] INFO  resources.base - User has clicked on the My Profile page from My Account dropdown
21:34:32.886 [main] INFO  resources.base - User has clicked the Logo from the header of the page
21:34:32.891 [main] INFO  resources.base - User Have reached the Home Page clicking on the Header Logo
21:34:38.470 [main] INFO  resources.base - User has clicked on the Standard Catalog Navigation button from header
21:34:38.480 [main] INFO  resources.base - User Have reached the Standard Catalog Page
21:34:54.698 [main] INFO  resources.base - User has clicked on the 1st Standard Product appearing and reached the PDP Page
21:36:34.564 [main] INFO  resources.base - element not visible
  (Session info: chrome=66.0.3359.139)
  (Driver info: chromedriver=2.36.540470 (e522d04694c7ebea4ba8821272dbef4f9b818c91),platform=Windows NT 10.0.16299 x86_64) (WARNING: The server did not provide any stacktrace information)
Command duration or timeout: 0 milliseconds
Build info: version: '3.8.1', revision: '6e95a6684b', time: '2017-12-01T18:33:54.468Z'
System info: host: 'DESKTOP-B75F35K', ip: '10.0.2.15', os.name: 'Windows 10', os.arch: 'amd64', os.version: '10.0', java.version: '1.8.0_171'
Driver info: org.openqa.selenium.chrome.ChromeDriver
Capabilities {acceptInsecureCerts: false, acceptSslCerts: false, applicationCacheEnabled: false, browserConnectionEnabled: false, browserName: chrome, chrome: {chromedriverVersion: 2.36.540470 (e522d04694c7eb..., userDataDir: C:\Users\bilaw\AppData\Loca...}, cssSelectorsEnabled: true, databaseEnabled: false, handlesAlerts: true, hasTouchScreen: false, javascriptEnabled: true, locationContextEnabled: true, mobileEmulationEnabled: false, nativeEvents: true, networkConnectionEnabled: false, pageLoadStrategy: normal, platform: XP, platformName: XP, rotatable: false, setWindowRect: true, takesHeapSnapshot: true, takesScreenshot: true, unexpectedAlertBehaviour: , unhandledPromptBehavior: , version: 66.0.3359.139, webStorageEnabled: true}
Session ID: ef9de86212f12e2fc58a4c47e5659743
